cpu-bind=MASK - bp1-gpu019, task 4294967295 4294967295 [0]: mask 0x101 set
==>> input params: ['gpus=0,1,2,3', 'backbone=Swin-l', 'num_epochs=100', 'exp_id=Swin_l_pretrained_yolo_l', 'load_model=exp/Swin_l_pretrained_yolo_l/model_last.pth', 'resume=True', 'use_amp=True', 'val_intervals=2', 'data_num_workers=14', 'batch_size=64', 'random_size=[14,26]', 'input_size=[640,640]', 'test_size=[640,640]', 'swin_pretrained=True', 'swin_weights_path=weights/swin_t.pth']
[INFO] change param: gpus 0 -> (0, 1, 2, 3) ('tuple')
[INFO] change param: backbone CSPDarknet-s -> Swin-l ('str')
[INFO] change param: num_epochs 300 -> 100 ('int')
[INFO] change param: exp_id gputest1 -> Swin_l_pretrained_yolo_l ('str')
[INFO] change param: load_model  -> exp/Swin_l_pretrained_yolo_l/model_last.pth ('str')
[INFO] change param: resume False -> True ('bool')
[INFO] change param: use_amp False -> True ('bool')
[INFO] same param: val_intervals=2 ('int')
[INFO] change param: data_num_workers 4 -> 14 ('int')
[INFO] change param: batch_size 24 -> 64 ('int')
[INFO] change param: random_size None -> [14, 26] ('list')
[INFO] same param: input_size=[640, 640] ('list')
[INFO] same param: test_size=[640, 640] ('list')
[INFO] change param: swin_pretrained False -> True ('bool')
[INFO] change param: swin_weights_path None -> weights/swin_t.pth ('str')
[INFO] re-change param: gpus [0, 1, 2, 3] to 0,1,2,3 'str' 

-------------------- final config: --------------------
{'exp_id': 'Swin_l_pretrained_yolo_l', 'dataset_path': '/user/home/bq18557/scratch/COCO', 'backbone': 'Swin-l', 'input_size': [640, 640], 'random_size': [14, 26], 'test_size': [640, 640], 'gpus': [0, 1, 2, 3], 'batch_size': 64, 'master_batch_size': 16, 'num_epochs': 100, 'swin_pretrained': True, 'swin_weights_path': 'weights/swin_t.pth', 'label_name': ['person', 'bicycle', 'car', 'motorcycle', 'airplane', 'bus', 'train', 'truck', 'boat', 'traffic light', 'fire hydrant', 'stop sign', 'parking meter', 'bench', 'bird', 'cat', 'dog', 'horse', 'sheep', 'cow', 'elephant', 'bear', 'zebra', 'giraffe', 'backpack', 'umbrella', 'handbag', 'tie', 'suitcase', 'frisbee', 'skis', 'snowboard', 'sports ball', 'kite', 'baseball bat', 'baseball glove', 'skateboard', 'surfboard', 'tennis racket', 'bottle', 'wine glass', 'cup', 'fork', 'knife', 'spoon', 'bowl', 'banana', 'apple', 'sandwich', 'orange', 'broccoli', 'carrot', 'hot dog', 'pizza', 'donut', 'cake', 'chair', 'couch', 'potted plant', 'bed', 'dining table', 'toilet', 'tv', 'laptop', 'mouse', 'remote', 'keyboard', 'cell phone', 'microwave', 'oven', 'toaster', 'sink', 'refrigerator', 'book', 'clock', 'vase', 'scissors', 'teddy bear', 'hair drier', 'toothbrush'], 'reid_dim': 0, 'tracking_id_nums': None, 'warmup_lr': 0, 'basic_lr_per_img': 0.00015625, 'scheduler': 'yoloxwarmcos', 'no_aug_epochs': 15, 'min_lr_ratio': 0.05, 'weight_decay': 0.0005, 'warmup_epochs': 5, 'depth_wise': False, 'stride': [8, 16, 32], 'degrees': 10.0, 'translate': 0.1, 'scale': [0.1, 2], 'shear': 2.0, 'perspective': 0.0, 'enable_mixup': True, 'seed': None, 'mosaic_prob': 1.0, 'mixup_prob': 1.0, 'data_num_workers': 14, 'momentum': 0.9, 'vis_thresh': 0.3, 'load_model': 'exp/Swin_l_pretrained_yolo_l/model_last.pth', 'ema': True, 'grad_clip': {'max_norm': 35, 'norm_type': 2}, 'print_iter': 10, 'val_intervals': 2, 'save_epoch': 5, 'resume': True, 'use_amp': True, 'cuda_benchmark': False, 'nms_thresh': 0.65, 'occupy_mem': False, 'cache': False, 'rgb_means': [0.485, 0.456, 0.406], 'std': [0.229, 0.224, 0.225], 'train_ann': '/user/home/bq18557/scratch/COCO/annotations/instances_train2017.json', 'val_ann': '/user/home/bq18557/scratch/COCO/annotations/instances_val2017.json', 'data_dir': '/user/home/bq18557/scratch/COCO', 'num_classes': 80, 'gpus_str': '0,1,2,3', 'chunk_sizes': [16, 16, 16, 16], 'root_dir': '/user/home/bq18557/Transformer-YOLOX', 'save_dir': '/user/home/bq18557/Transformer-YOLOX/exp/Swin_l_pretrained_yolo_l'}
log file will be saved to /user/home/bq18557/Transformer-YOLOX/exp/Swin_l_pretrained_yolo_l/logs_2022-04-05-21-06/log.txt
Used pretrained model parameters:dict_keys(['patch_embed.proj.weight', 'patch_embed.proj.bias', 'patch_embed.norm.weight', 'patch_embed.norm.bias', 'layers.0.blocks.0.norm1.weight', 'layers.0.blocks.0.norm1.bias', 'layers.0.blocks.0.attn.relative_position_bias_table', 'layers.0.blocks.0.attn.relative_position_index', 'layers.0.blocks.0.attn.qkv.weight', 'layers.0.blocks.0.attn.qkv.bias', 'layers.0.blocks.0.attn.proj.weight', 'layers.0.blocks.0.attn.proj.bias', 'layers.0.blocks.0.norm2.weight', 'layers.0.blocks.0.norm2.bias', 'layers.0.blocks.0.mlp.fc1.weight', 'layers.0.blocks.0.mlp.fc1.bias', 'layers.0.blocks.0.mlp.fc2.weight', 'layers.0.blocks.0.mlp.fc2.bias', 'layers.0.blocks.1.norm1.weight', 'layers.0.blocks.1.norm1.bias', 'layers.0.blocks.1.attn.relative_position_bias_table', 'layers.0.blocks.1.attn.relative_position_index', 'layers.0.blocks.1.attn.qkv.weight', 'layers.0.blocks.1.attn.qkv.bias', 'layers.0.blocks.1.attn.proj.weight', 'layers.0.blocks.1.attn.proj.bias', 'layers.0.blocks.1.norm2.weight', 'layers.0.blocks.1.norm2.bias', 'layers.0.blocks.1.mlp.fc1.weight', 'layers.0.blocks.1.mlp.fc1.bias', 'layers.0.blocks.1.mlp.fc2.weight', 'layers.0.blocks.1.mlp.fc2.bias', 'layers.0.downsample.reduction.weight', 'layers.0.downsample.norm.weight', 'layers.0.downsample.norm.bias', 'layers.1.blocks.0.norm1.weight', 'layers.1.blocks.0.norm1.bias', 'layers.1.blocks.0.attn.relative_position_bias_table', 'layers.1.blocks.0.attn.relative_position_index', 'layers.1.blocks.0.attn.qkv.weight', 'layers.1.blocks.0.attn.qkv.bias', 'layers.1.blocks.0.attn.proj.weight', 'layers.1.blocks.0.attn.proj.bias', 'layers.1.blocks.0.norm2.weight', 'layers.1.blocks.0.norm2.bias', 'layers.1.blocks.0.mlp.fc1.weight', 'layers.1.blocks.0.mlp.fc1.bias', 'layers.1.blocks.0.mlp.fc2.weight', 'layers.1.blocks.0.mlp.fc2.bias', 'layers.1.blocks.1.norm1.weight', 'layers.1.blocks.1.norm1.bias', 'layers.1.blocks.1.attn.relative_position_bias_table', 'layers.1.blocks.1.attn.relative_position_index', 'layers.1.blocks.1.attn.qkv.weight', 'layers.1.blocks.1.attn.qkv.bias', 'layers.1.blocks.1.attn.proj.weight', 'layers.1.blocks.1.attn.proj.bias', 'layers.1.blocks.1.norm2.weight', 'layers.1.blocks.1.norm2.bias', 'layers.1.blocks.1.mlp.fc1.weight', 'layers.1.blocks.1.mlp.fc1.bias', 'layers.1.blocks.1.mlp.fc2.weight', 'layers.1.blocks.1.mlp.fc2.bias', 'layers.1.downsample.reduction.weight', 'layers.1.downsample.norm.weight', 'layers.1.downsample.norm.bias', 'layers.2.blocks.0.norm1.weight', 'layers.2.blocks.0.norm1.bias', 'layers.2.blocks.0.attn.relative_position_bias_table', 'layers.2.blocks.0.attn.relative_position_index', 'layers.2.blocks.0.attn.qkv.weight', 'layers.2.blocks.0.attn.qkv.bias', 'layers.2.blocks.0.attn.proj.weight', 'layers.2.blocks.0.attn.proj.bias', 'layers.2.blocks.0.norm2.weight', 'layers.2.blocks.0.norm2.bias', 'layers.2.blocks.0.mlp.fc1.weight', 'layers.2.blocks.0.mlp.fc1.bias', 'layers.2.blocks.0.mlp.fc2.weight', 'layers.2.blocks.0.mlp.fc2.bias', 'layers.2.blocks.1.norm1.weight', 'layers.2.blocks.1.norm1.bias', 'layers.2.blocks.1.attn.relative_position_bias_table', 'layers.2.blocks.1.attn.relative_position_index', 'layers.2.blocks.1.attn.qkv.weight', 'layers.2.blocks.1.attn.qkv.bias', 'layers.2.blocks.1.attn.proj.weight', 'layers.2.blocks.1.attn.proj.bias', 'layers.2.blocks.1.norm2.weight', 'layers.2.blocks.1.norm2.bias', 'layers.2.blocks.1.mlp.fc1.weight', 'layers.2.blocks.1.mlp.fc1.bias', 'layers.2.blocks.1.mlp.fc2.weight', 'layers.2.blocks.1.mlp.fc2.bias', 'layers.2.blocks.2.norm1.weight', 'layers.2.blocks.2.norm1.bias', 'layers.2.blocks.2.attn.relative_position_bias_table', 'layers.2.blocks.2.attn.relative_position_index', 'layers.2.blocks.2.attn.qkv.weight', 'layers.2.blocks.2.attn.qkv.bias', 'layers.2.blocks.2.attn.proj.weight', 'layers.2.blocks.2.attn.proj.bias', 'layers.2.blocks.2.norm2.weight', 'layers.2.blocks.2.norm2.bias', 'layers.2.blocks.2.mlp.fc1.weight', 'layers.2.blocks.2.mlp.fc1.bias', 'layers.2.blocks.2.mlp.fc2.weight', 'layers.2.blocks.2.mlp.fc2.bias', 'layers.2.blocks.3.norm1.weight', 'layers.2.blocks.3.norm1.bias', 'layers.2.blocks.3.attn.relative_position_bias_table', 'layers.2.blocks.3.attn.relative_position_index', 'layers.2.blocks.3.attn.qkv.weight', 'layers.2.blocks.3.attn.qkv.bias', 'layers.2.blocks.3.attn.proj.weight', 'layers.2.blocks.3.attn.proj.bias', 'layers.2.blocks.3.norm2.weight', 'layers.2.blocks.3.norm2.bias', 'layers.2.blocks.3.mlp.fc1.weight', 'layers.2.blocks.3.mlp.fc1.bias', 'layers.2.blocks.3.mlp.fc2.weight', 'layers.2.blocks.3.mlp.fc2.bias', 'layers.2.blocks.4.norm1.weight', 'layers.2.blocks.4.norm1.bias', 'layers.2.blocks.4.attn.relative_position_bias_table', 'layers.2.blocks.4.attn.relative_position_index', 'layers.2.blocks.4.attn.qkv.weight', 'layers.2.blocks.4.attn.qkv.bias', 'layers.2.blocks.4.attn.proj.weight', 'layers.2.blocks.4.attn.proj.bias', 'layers.2.blocks.4.norm2.weight', 'layers.2.blocks.4.norm2.bias', 'layers.2.blocks.4.mlp.fc1.weight', 'layers.2.blocks.4.mlp.fc1.bias', 'layers.2.blocks.4.mlp.fc2.weight', 'layers.2.blocks.4.mlp.fc2.bias', 'layers.2.blocks.5.norm1.weight', 'layers.2.blocks.5.norm1.bias', 'layers.2.blocks.5.attn.relative_position_bias_table', 'layers.2.blocks.5.attn.relative_position_index', 'layers.2.blocks.5.attn.qkv.weight', 'layers.2.blocks.5.attn.qkv.bias', 'layers.2.blocks.5.attn.proj.weight', 'layers.2.blocks.5.attn.proj.bias', 'layers.2.blocks.5.norm2.weight', 'layers.2.blocks.5.norm2.bias', 'layers.2.blocks.5.mlp.fc1.weight', 'layers.2.blocks.5.mlp.fc1.bias', 'layers.2.blocks.5.mlp.fc2.weight', 'layers.2.blocks.5.mlp.fc2.bias', 'layers.2.downsample.reduction.weight', 'layers.2.downsample.norm.weight', 'layers.2.downsample.norm.bias', 'layers.3.blocks.0.norm1.weight', 'layers.3.blocks.0.norm1.bias', 'layers.3.blocks.0.attn.relative_position_bias_table', 'layers.3.blocks.0.attn.relative_position_index', 'layers.3.blocks.0.attn.qkv.weight', 'layers.3.blocks.0.attn.qkv.bias', 'layers.3.blocks.0.attn.proj.weight', 'layers.3.blocks.0.attn.proj.bias', 'layers.3.blocks.0.norm2.weight', 'layers.3.blocks.0.norm2.bias', 'layers.3.blocks.0.mlp.fc1.weight', 'layers.3.blocks.0.mlp.fc1.bias', 'layers.3.blocks.0.mlp.fc2.weight', 'layers.3.blocks.0.mlp.fc2.bias', 'layers.3.blocks.1.norm1.weight', 'layers.3.blocks.1.norm1.bias', 'layers.3.blocks.1.attn.relative_position_bias_table', 'layers.3.blocks.1.attn.relative_position_index', 'layers.3.blocks.1.attn.qkv.weight', 'layers.3.blocks.1.attn.qkv.bias', 'layers.3.blocks.1.attn.proj.weight', 'layers.3.blocks.1.attn.proj.bias', 'layers.3.blocks.1.norm2.weight', 'layers.3.blocks.1.norm2.bias', 'layers.3.blocks.1.mlp.fc1.weight', 'layers.3.blocks.1.mlp.fc1.bias', 'layers.3.blocks.1.mlp.fc2.weight', 'layers.3.blocks.1.mlp.fc2.bias', 'norm0.weight', 'norm0.bias', 'norm1.weight', 'norm1.bias', 'norm2.weight', 'norm2.bias', 'norm3.weight', 'norm3.bias'])
Swin-T weights loaded and frozen
================================================================================
Layer (type:depth-idx)                                  Param #
================================================================================
YOLOX                                                   --
├─SwinTransformer: 1-1                                  --
│    └─PatchEmbed: 2-1                                  --
│    │    └─Conv2d: 3-1                                 (4,704)
│    │    └─LayerNorm: 3-2                              (192)
│    └─Dropout: 2-2                                     --
│    └─ModuleList: 2-3                                  --
│    │    └─BasicLayer: 3-3                             (299,190)
│    │    └─BasicLayer: 3-4                             (1,188,204)
│    │    └─BasicLayer: 3-5                             (11,841,672)
│    │    └─BasicLayer: 3-6                             (14,183,856)
│    └─LayerNorm: 2-4                                   (192)
│    └─LayerNorm: 2-5                                   (384)
│    └─LayerNorm: 2-6                                   (768)
│    └─LayerNorm: 2-7                                   (1,536)
├─YOLOXPAFPN: 1-2                                       --
│    └─Upsample: 2-8                                    --
│    └─BaseConv: 2-9                                    --
│    │    └─Conv2d: 3-7                                 294,912
│    │    └─BatchNorm2d: 3-8                            768
│    │    └─SiLU: 3-9                                   --
│    └─CSPLayer: 2-10                                   --
│    │    └─BaseConv: 3-10                              147,840
│    │    └─BaseConv: 3-11                              147,840
│    │    └─BaseConv: 3-12                              148,224
│    │    └─Sequential: 3-13                            1,108,224
│    └─BaseConv: 2-11                                   --
│    │    └─Conv2d: 3-14                                73,728
│    │    └─BatchNorm2d: 3-15                           384
│    │    └─SiLU: 3-16                                  --
│    └─CSPLayer: 2-12                                   --
│    │    └─BaseConv: 3-17                              37,056
│    │    └─BaseConv: 3-18                              37,056
│    │    └─BaseConv: 3-19                              37,248
│    │    └─Sequential: 3-20                            277,632
│    └─BaseConv: 2-13                                   --
│    │    └─Conv2d: 3-21                                331,776
│    │    └─BatchNorm2d: 3-22                           384
│    │    └─SiLU: 3-23                                  --
│    └─CSPLayer: 2-14                                   --
│    │    └─BaseConv: 3-24                              74,112
│    │    └─BaseConv: 3-25                              74,112
│    │    └─BaseConv: 3-26                              148,224
│    │    └─Sequential: 3-27                            1,108,224
│    └─BaseConv: 2-15                                   --
│    │    └─Conv2d: 3-28                                1,327,104
│    │    └─BatchNorm2d: 3-29                           768
│    │    └─SiLU: 3-30                                  --
│    └─CSPLayer: 2-16                                   --
│    │    └─BaseConv: 3-31                              295,680
│    │    └─BaseConv: 3-32                              295,680
│    │    └─BaseConv: 3-33                              591,360
│    │    └─Sequential: 3-34                            4,428,288
├─YOLOXHead: 1-3                                        --
│    └─ModuleList: 2-17                                 --
│    │    └─BaseConv: 3-35                              49,664
│    │    └─BaseConv: 3-36                              98,816
│    │    └─BaseConv: 3-37                              197,120
│    └─ModuleList: 2-18                                 --
│    │    └─Sequential: 3-38                            1,180,672
│    │    └─Sequential: 3-39                            1,180,672
│    │    └─Sequential: 3-40                            1,180,672
│    └─ModuleList: 2-19                                 --
│    │    └─Sequential: 3-41                            1,180,672
│    │    └─Sequential: 3-42                            1,180,672
│    │    └─Sequential: 3-43                            1,180,672
│    └─ModuleList: 2-20                                 --
│    │    └─Conv2d: 3-44                                20,560
│    │    └─Conv2d: 3-45                                20,560
│    │    └─Conv2d: 3-46                                20,560
│    └─ModuleList: 2-21                                 --
│    │    └─Conv2d: 3-47                                1,028
│    │    └─Conv2d: 3-48                                1,028
│    │    └─Conv2d: 3-49                                1,028
│    └─ModuleList: 2-22                                 --
│    │    └─Conv2d: 3-50                                257
│    │    └─Conv2d: 3-51                                257
│    │    └─Conv2d: 3-52                                257
├─YOLOXLoss: 1-4                                        --
│    └─L1Loss: 2-23                                     --
│    └─BCEWithLogitsLoss: 2-24                          --
│    └─IOUloss: 2-25                                    --
================================================================================
Total params: 45,979,167
Trainable params: 18,481,791
Non-trainable params: 27,497,376
================================================================================
==>> loaded exp/Swin_l_pretrained_yolo_l/model_last.pth, epoch 1
==>> Resumed optimizer
==>> Resumed scaler
==>> Set start_epoch 1
creating data loaders, start time: 1649189227.2609937
==> Loading train2017 annotation /user/home/bq18557/scratch/COCO/annotations/instances_train2017.json
loading annotations into memory...
Done (t=16.21s)
creating index...
index created!
images number 118287
==> Loading val2017 annotation /user/home/bq18557/scratch/COCO/annotations/instances_val2017.json
loading annotations into memory...
Done (t=0.50s)
creating index...
index created!
images number 5000
classes index: [1, 2, 3, 4, 5, 6, 7, 8, 9, 10, 11, 13, 14, 15, 16, 17, 18, 19, 20, 21, 22, 23, 24, 25, 27, 28, 31, 32, 33, 34, 35, 36, 37, 38, 39, 40, 41, 42, 43, 44, 46, 47, 48, 49, 50, 51, 52, 53, 54, 55, 56, 57, 58, 59, 60, 61, 62, 63, 64, 65, 67, 70, 72, 73, 74, 75, 76, 77, 78, 79, 80, 81, 82, 84, 85, 86, 87, 88, 89, 90]
class names in dataset: ['person', 'bicycle', 'car', 'motorcycle', 'airplane', 'bus', 'train', 'truck', 'boat', 'traffic light', 'fire hydrant', 'stop sign', 'parking meter', 'bench', 'bird', 'cat', 'dog', 'horse', 'sheep', 'cow', 'elephant', 'bear', 'zebra', 'giraffe', 'backpack', 'umbrella', 'handbag', 'tie', 'suitcase', 'frisbee', 'skis', 'snowboard', 'sports ball', 'kite', 'baseball bat', 'baseball glove', 'skateboard', 'surfboard', 'tennis racket', 'bottle', 'wine glass', 'cup', 'fork', 'knife', 'spoon', 'bowl', 'banana', 'apple', 'sandwich', 'orange', 'broccoli', 'carrot', 'hot dog', 'pizza', 'donut', 'cake', 'chair', 'couch', 'potted plant', 'bed', 'dining table', 'toilet', 'tv', 'laptop', 'mouse', 'remote', 'keyboard', 'cell phone', 'microwave', 'oven', 'toaster', 'sink', 'refrigerator', 'book', 'clock', 'vase', 'scissors', 'teddy bear', 'hair drier', 'toothbrush']
data loaders created in: 49.74257016181946
shuffle images list in /user/home/bq18557/scratch/COCO/annotations/instances_train2017.json
multi size training: [[448, 448], [480, 480], [512, 512], [544, 544], [576, 576], [608, 608], [640, 640], [672, 672], [704, 704], [736, 736], [768, 768], [800, 800]]
/user/home/bq18557/work-env/lib/python3.8/site-packages/torch/functional.py:568: UserWarning: torch.meshgrid: in an upcoming release, it will be required to pass the indexing argument. (Triggered internally at  ../aten/src/ATen/native/TensorShape.cpp:2228.)
  return _VF.meshgrid(tensors, **kwargs)  # type: ignore[attr-defined]
/user/home/bq18557/work-env/lib/python3.8/site-packages/torch/utils/data/dataloader.py:487: UserWarning: This DataLoader will create 14 worker processes in total. Our suggested max number of worker in current system is 2, which is smaller than what this DataLoader is going to create. Please be aware that excessive worker creation might get DataLoader running slow or even freeze, lower the worker number to avoid potential slowness/freeze if necessary.
  warnings.warn(_create_warning_msg(
Swin_l_pretrained_yolo_l| train: total_epoch[2/100] total_batch[1858/184800] batch[10/1848] |size: 64x3x800x800 |lr: 0.00040434 |Tot: 0:04:15 |ETA: 14:15:56 |loss 9.4513 |conf_loss 4.1289 |cls_loss 2.5659 |iou_loss 2.7566 |num_fg 5.0281 |Data 0.039s |Batch 4.188s
Swin_l_pretrained_yolo_l| train: total_epoch[2/100] total_batch[1868/184800] batch[20/1848] |size: 64x3x768x768 |lr: 0.00040870 |Tot: 0:05:08 |ETA: 2:35:29 |loss 9.4837 |conf_loss 4.1366 |cls_loss 2.5778 |iou_loss 2.7693 |num_fg 5.0443 |Data 0.037s |Batch 5.866s
Swin_l_pretrained_yolo_l| train: total_epoch[2/100] total_batch[1878/184800] batch[30/1848] |size: 64x3x544x544 |lr: 0.00041309 |Tot: 0:06:06 |ETA: 2:55:40 |loss 9.4058 |conf_loss 4.0346 |cls_loss 2.5752 |iou_loss 2.7960 |num_fg 4.9059 |Data 0.002s |Batch 6.049s
Swin_l_pretrained_yolo_l| train: total_epoch[2/100] total_batch[1888/184800] batch[40/1848] |size: 64x3x800x800 |lr: 0.00041750 |Tot: 0:07:40 |ETA: 3:02:01 |loss 9.4783 |conf_loss 4.1061 |cls_loss 2.5793 |iou_loss 2.7930 |num_fg 4.9613 |Data 0.037s |Batch 39.666s
Swin_l_pretrained_yolo_l| train: total_epoch[2/100] total_batch[1898/184800] batch[50/1848] |size: 64x3x448x448 |lr: 0.00042194 |Tot: 0:08:37 |ETA: 4:34:29 |loss 9.4503 |conf_loss 4.0544 |cls_loss 2.5765 |iou_loss 2.8194 |num_fg 4.8520 |Data 0.025s |Batch 4.908s
Swin_l_pretrained_yolo_l| train: total_epoch[2/100] total_batch[1908/184800] batch[60/1848] |size: 64x3x800x800 |lr: 0.00042640 |Tot: 0:09:36 |ETA: 2:55:16 |loss 9.5116 |conf_loss 4.1143 |cls_loss 2.5801 |iou_loss 2.8172 |num_fg 4.8762 |Data 0.001s |Batch 5.716s
Swin_l_pretrained_yolo_l| train: total_epoch[2/100] total_batch[1918/184800] batch[70/1848] |size: 64x3x672x672 |lr: 0.00043088 |Tot: 0:10:45 |ETA: 3:23:56 |loss 9.4971 |conf_loss 4.1038 |cls_loss 2.5801 |iou_loss 2.8131 |num_fg 4.8842 |Data 0.006s |Batch 5.291s
Swin_l_pretrained_yolo_l| train: total_epoch[2/100] total_batch[1928/184800] batch[80/1848] |size: 64x3x800x800 |lr: 0.00043538 |Tot: 0:12:29 |ETA: 5:08:44 |loss 9.5019 |conf_loss 4.1122 |cls_loss 2.5826 |iou_loss 2.8071 |num_fg 4.9058 |Data 0.001s |Batch 5.303s
Swin_l_pretrained_yolo_l| train: total_epoch[2/100] total_batch[1938/184800] batch[90/1848] |size: 64x3x672x672 |lr: 0.00043991 |Tot: 0:13:30 |ETA: 2:58:28 |loss 9.4816 |conf_loss 4.0985 |cls_loss 2.5796 |iou_loss 2.8034 |num_fg 4.9100 |Data 0.037s |Batch 5.461s
Swin_l_pretrained_yolo_l| train: total_epoch[2/100] total_batch[1948/184800] batch[100/1848] |size: 64x3x736x736 |lr: 0.00044446 |Tot: 0:14:58 |ETA: 4:16:35 |loss 9.4704 |conf_loss 4.0938 |cls_loss 2.5782 |iou_loss 2.7983 |num_fg 4.9248 |Data 0.034s |Batch 5.281s
Swin_l_pretrained_yolo_l| train: total_epoch[2/100] total_batch[1958/184800] batch[110/1848] |size: 64x3x576x576 |lr: 0.00044904 |Tot: 0:16:33 |ETA: 4:35:48 |loss 9.4407 |conf_loss 4.0689 |cls_loss 2.5706 |iou_loss 2.8013 |num_fg 4.9029 |Data 0.002s |Batch 5.318s
Swin_l_pretrained_yolo_l| train: total_epoch[2/100] total_batch[1968/184800] batch[120/1848] |size: 64x3x608x608 |lr: 0.00045363 |Tot: 0:17:32 |ETA: 2:44:28 |loss 9.4219 |conf_loss 4.0530 |cls_loss 2.5674 |iou_loss 2.8015 |num_fg 4.8983 |Data 0.002s |Batch 7.094s
Swin_l_pretrained_yolo_l| train: total_epoch[2/100] total_batch[1978/184800] batch[130/1848] |size: 64x3x768x768 |lr: 0.00045826 |Tot: 0:18:36 |ETA: 3:08:06 |loss 9.4189 |conf_loss 4.0566 |cls_loss 2.5639 |iou_loss 2.7984 |num_fg 4.9113 |Data 0.026s |Batch 5.042s
Swin_l_pretrained_yolo_l| train: total_epoch[2/100] total_batch[1988/184800] batch[140/1848] |size: 64x3x608x608 |lr: 0.00046290 |Tot: 0:19:31 |ETA: 2:36:56 |loss 9.4053 |conf_loss 4.0445 |cls_loss 2.5618 |iou_loss 2.7990 |num_fg 4.9060 |Data 0.020s |Batch 5.334s
Swin_l_pretrained_yolo_l| train: total_epoch[2/100] total_batch[1998/184800] batch[150/1848] |size: 64x3x512x512 |lr: 0.00046757 |Tot: 0:20:27 |ETA: 2:36:15 |loss 9.3857 |conf_loss 4.0236 |cls_loss 2.5585 |iou_loss 2.8036 |num_fg 4.8830 |Data 0.004s |Batch 5.734s
Swin_l_pretrained_yolo_l| train: total_epoch[2/100] total_batch[2008/184800] batch[160/1848] |size: 64x3x800x800 |lr: 0.00047226 |Tot: 0:22:01 |ETA: 4:27:53 |loss 9.3968 |conf_loss 4.0405 |cls_loss 2.5571 |iou_loss 2.7992 |num_fg 4.9056 |Data 0.028s |Batch 5.148s
Swin_l_pretrained_yolo_l| train: total_epoch[2/100] total_batch[2018/184800] batch[170/1848] |size: 64x3x800x800 |lr: 0.00047698 |Tot: 0:23:34 |ETA: 4:17:38 |loss 9.3959 |conf_loss 4.0443 |cls_loss 2.5536 |iou_loss 2.7979 |num_fg 4.9134 |Data 0.005s |Batch 5.311s
Swin_l_pretrained_yolo_l| train: total_epoch[2/100] total_batch[2028/184800] batch[180/1848] |size: 64x3x672x672 |lr: 0.00048172 |Tot: 0:25:02 |ETA: 4:06:24 |loss 9.3859 |conf_loss 4.0383 |cls_loss 2.5502 |iou_loss 2.7974 |num_fg 4.9140 |Data 0.033s |Batch 4.938s
Swin_l_pretrained_yolo_l| train: total_epoch[2/100] total_batch[2038/184800] batch[190/1848] |size: 64x3x608x608 |lr: 0.00048648 |Tot: 0:26:00 |ETA: 2:36:48 |loss 9.3694 |conf_loss 4.0269 |cls_loss 2.5465 |iou_loss 2.7961 |num_fg 4.9139 |Data 0.046s |Batch 6.118s
Swin_l_pretrained_yolo_l| train: total_epoch[2/100] total_batch[2048/184800] batch[200/1848] |size: 64x3x608x608 |lr: 0.00049127 |Tot: 0:26:53 |ETA: 2:30:11 |loss 9.3528 |conf_loss 4.0157 |cls_loss 2.5417 |iou_loss 2.7954 |num_fg 4.9112 |Data 0.012s |Batch 4.847s
Swin_l_pretrained_yolo_l| train: total_epoch[2/100] total_batch[2058/184800] batch[210/1848] |size: 64x3x672x672 |lr: 0.00049607 |Tot: 0:28:04 |ETA: 3:13:48 |loss 9.3405 |conf_loss 4.0100 |cls_loss 2.5367 |iou_loss 2.7937 |num_fg 4.9159 |Data 0.022s |Batch 4.780s
Swin_l_pretrained_yolo_l| train: total_epoch[2/100] total_batch[2068/184800] batch[220/1848] |size: 64x3x448x448 |lr: 0.00050091 |Tot: 0:28:50 |ETA: 2:06:33 |loss 9.3268 |conf_loss 3.9933 |cls_loss 2.5343 |iou_loss 2.7992 |num_fg 4.8944 |Data 0.040s |Batch 4.621s
Swin_l_pretrained_yolo_l| train: total_epoch[2/100] total_batch[2078/184800] batch[230/1848] |size: 64x3x448x448 |lr: 0.00050576 |Tot: 0:29:42 |ETA: 2:14:42 |loss 9.3116 |conf_loss 3.9768 |cls_loss 2.5324 |iou_loss 2.8025 |num_fg 4.8807 |Data 0.001s |Batch 6.572s
Swin_l_pretrained_yolo_l| train: total_epoch[2/100] total_batch[2088/184800] batch[240/1848] |size: 64x3x640x640 |lr: 0.00051064 |Tot: 0:31:15 |ETA: 4:14:45 |loss 9.3083 |conf_loss 3.9766 |cls_loss 2.5285 |iou_loss 2.8033 |num_fg 4.8795 |Data 0.033s |Batch 4.770s
Swin_l_pretrained_yolo_l| train: total_epoch[2/100] total_batch[2098/184800] batch[250/1848] |size: 64x3x480x480 |lr: 0.00051555 |Tot: 0:32:03 |ETA: 2:05:44 |loss 9.2947 |conf_loss 3.9638 |cls_loss 2.5254 |iou_loss 2.8055 |num_fg 4.8679 |Data 0.026s |Batch 4.977s
Swin_l_pretrained_yolo_l| train: total_epoch[2/100] total_batch[2108/184800] batch[260/1848] |size: 64x3x608x608 |lr: 0.00052047 |Tot: 0:32:56 |ETA: 2:19:01 |loss 9.2860 |conf_loss 3.9580 |cls_loss 2.5239 |iou_loss 2.8041 |num_fg 4.8694 |Data 0.025s |Batch 5.981s
Swin_l_pretrained_yolo_l| train: total_epoch[2/100] total_batch[2118/184800] batch[270/1848] |size: 64x3x512x512 |lr: 0.00052542 |Tot: 0:33:51 |ETA: 2:26:01 |loss 9.2726 |conf_loss 3.9464 |cls_loss 2.5215 |iou_loss 2.8048 |num_fg 4.8630 |Data 0.001s |Batch 4.890s
Swin_l_pretrained_yolo_l| train: total_epoch[2/100] total_batch[2128/184800] batch[280/1848] |size: 64x3x640x640 |lr: 0.00053039 |Tot: 0:34:47 |ETA: 2:26:26 |loss 9.2660 |conf_loss 3.9434 |cls_loss 2.5188 |iou_loss 2.8038 |num_fg 4.8652 |Data 0.035s |Batch 5.490s
Swin_l_pretrained_yolo_l| train: total_epoch[2/100] total_batch[2138/184800] batch[290/1848] |size: 64x3x480x480 |lr: 0.00053539 |Tot: 0:35:41 |ETA: 2:16:27 |loss 9.2574 |conf_loss 3.9341 |cls_loss 2.5175 |iou_loss 2.8057 |num_fg 4.8551 |Data 0.001s |Batch 7.011s
Swin_l_pretrained_yolo_l| train: total_epoch[2/100] total_batch[2148/184800] batch[300/1848] |size: 64x3x736x736 |lr: 0.00054041 |Tot: 0:36:52 |ETA: 3:05:58 |loss 9.2593 |conf_loss 3.9396 |cls_loss 2.5154 |iou_loss 2.8043 |num_fg 4.8635 |Data 0.005s |Batch 5.406s
Swin_l_pretrained_yolo_l| train: total_epoch[2/100] total_batch[2158/184800] batch[310/1848] |size: 64x3x736x736 |lr: 0.00054546 |Tot: 0:38:43 |ETA: 4:45:28 |loss 9.2536 |conf_loss 3.9396 |cls_loss 2.5118 |iou_loss 2.8022 |num_fg 4.8711 |Data 0.009s |Batch 5.693s
Swin_l_pretrained_yolo_l| train: total_epoch[2/100] total_batch[2168/184800] batch[320/1848] |size: 64x3x704x704 |lr: 0.00055052 |Tot: 0:39:41 |ETA: 2:28:12 |loss 9.2465 |conf_loss 3.9378 |cls_loss 2.5086 |iou_loss 2.8001 |num_fg 4.8765 |Data 0.034s |Batch 5.425s
Swin_l_pretrained_yolo_l| train: total_epoch[2/100] total_batch[2178/184800] batch[330/1848] |size: 64x3x480x480 |lr: 0.00055561 |Tot: 0:40:33 |ETA: 2:11:57 |loss 9.2373 |conf_loss 3.9291 |cls_loss 2.5065 |iou_loss 2.8017 |num_fg 4.8675 |Data 0.030s |Batch 5.533s
Swin_l_pretrained_yolo_l| train: total_epoch[2/100] total_batch[2188/184800] batch[340/1848] |size: 64x3x544x544 |lr: 0.00056073 |Tot: 0:41:28 |ETA: 2:18:08 |loss 9.2289 |conf_loss 3.9229 |cls_loss 2.5039 |iou_loss 2.8021 |num_fg 4.8645 |Data 0.001s |Batch 5.232s
Swin_l_pretrained_yolo_l| train: total_epoch[2/100] total_batch[2198/184800] batch[350/1848] |size: 64x3x512x512 |lr: 0.00056586 |Tot: 0:42:24 |ETA: 2:19:36 |loss 9.2202 |conf_loss 3.9152 |cls_loss 2.5023 |iou_loss 2.8027 |num_fg 4.8597 |Data 0.015s |Batch 5.079s
Swin_l_pretrained_yolo_l| train: total_epoch[2/100] total_batch[2208/184800] batch[360/1848] |size: 64x3x544x544 |lr: 0.00057102 |Tot: 0:43:21 |ETA: 2:20:07 |loss 9.2106 |conf_loss 3.9082 |cls_loss 2.4996 |iou_loss 2.8028 |num_fg 4.8587 |Data 0.022s |Batch 6.018s
Swin_l_pretrained_yolo_l| train: total_epoch[2/100] total_batch[2218/184800] batch[370/1848] |size: 64x3x672x672 |lr: 0.00057621 |Tot: 0:45:14 |ETA: 3:07:07 |loss 9.2059 |conf_loss 3.9078 |cls_loss 2.4958 |iou_loss 2.8023 |num_fg 4.8613 |Data 0.001s |Batch 42.747s
Swin_l_pretrained_yolo_l| train: total_epoch[2/100] total_batch[2228/184800] batch[380/1848] |size: 64x3x512x512 |lr: 0.00058142 |Tot: 0:46:10 |ETA: 3:49:33 |loss 9.1969 |conf_loss 3.9013 |cls_loss 2.4929 |iou_loss 2.8027 |num_fg 4.8572 |Data 0.006s |Batch 4.867s
Swin_l_pretrained_yolo_l| train: total_epoch[2/100] total_batch[2238/184800] batch[390/1848] |size: 64x3x800x800 |lr: 0.00058665 |Tot: 0:47:16 |ETA: 2:41:46 |loss 9.1992 |conf_loss 3.9081 |cls_loss 2.4899 |iou_loss 2.8013 |num_fg 4.8655 |Data 0.034s |Batch 5.064s
Swin_l_pretrained_yolo_l| train: total_epoch[2/100] total_batch[2248/184800] batch[400/1848] |size: 64x3x640x640 |lr: 0.00059190 |Tot: 0:48:13 |ETA: 2:14:38 |loss 9.1930 |conf_loss 3.9059 |cls_loss 2.4869 |iou_loss 2.8001 |num_fg 4.8689 |Data 0.021s |Batch 6.043s
Swin_l_pretrained_yolo_l| train: total_epoch[2/100] total_batch[2258/184800] batch[410/1848] |size: 64x3x608x608 |lr: 0.00059718 |Tot: 0:49:28 |ETA: 2:58:38 |loss 9.1845 |conf_loss 3.9016 |cls_loss 2.4836 |iou_loss 2.7993 |num_fg 4.8701 |Data 0.032s |Batch 6.635s
Swin_l_pretrained_yolo_l| train: total_epoch[2/100] total_batch[2268/184800] batch[420/1848] |size: 64x3x704x704 |lr: 0.00060248 |Tot: 0:50:46 |ETA: 3:08:48 |loss 9.1823 |conf_loss 3.9026 |cls_loss 2.4818 |iou_loss 2.7979 |num_fg 4.8762 |Data 0.001s |Batch 5.543s
Swin_l_pretrained_yolo_l| train: total_epoch[2/100] total_batch[2278/184800] batch[430/1848] |size: 64x3x704x704 |lr: 0.00060780 |Tot: 0:51:44 |ETA: 2:14:18 |loss 9.1778 |conf_loss 3.9020 |cls_loss 2.4788 |iou_loss 2.7970 |num_fg 4.8785 |Data 0.005s |Batch 6.769s
Swin_l_pretrained_yolo_l| train: total_epoch[2/100] total_batch[2288/184800] batch[440/1848] |size: 64x3x480x480 |lr: 0.00061315 |Tot: 0:53:11 |ETA: 3:24:04 |loss 9.1701 |conf_loss 3.8955 |cls_loss 2.4767 |iou_loss 2.7979 |num_fg 4.8742 |Data 0.001s |Batch 6.346s
Swin_l_pretrained_yolo_l| train: total_epoch[2/100] total_batch[2298/184800] batch[450/1848] |size: 64x3x512x512 |lr: 0.00061852 |Tot: 0:54:02 |ETA: 2:03:22 |loss 9.1614 |conf_loss 3.8890 |cls_loss 2.4738 |iou_loss 2.7986 |num_fg 4.8697 |Data 0.025s |Batch 4.963s
Swin_l_pretrained_yolo_l| train: total_epoch[2/100] total_batch[2308/184800] batch[460/1848] |size: 64x3x672x672 |lr: 0.00062392 |Tot: 0:54:57 |ETA: 2:07:21 |loss 9.1555 |conf_loss 3.8875 |cls_loss 2.4703 |iou_loss 2.7977 |num_fg 4.8728 |Data 0.001s |Batch 4.790s
Swin_l_pretrained_yolo_l| train: total_epoch[2/100] total_batch[2318/184800] batch[470/1848] |size: 64x3x704x704 |lr: 0.00062934 |Tot: 0:55:57 |ETA: 2:17:14 |loss 9.1503 |conf_loss 3.8866 |cls_loss 2.4673 |iou_loss 2.7964 |num_fg 4.8778 |Data 0.001s |Batch 5.270s
Swin_l_pretrained_yolo_l| train: total_epoch[2/100] total_batch[2328/184800] batch[480/1848] |size: 64x3x608x608 |lr: 0.00063478 |Tot: 0:56:55 |ETA: 2:12:26 |loss 9.1425 |conf_loss 3.8831 |cls_loss 2.4641 |iou_loss 2.7953 |num_fg 4.8795 |Data 0.036s |Batch 5.311s
Swin_l_pretrained_yolo_l| train: total_epoch[2/100] total_batch[2338/184800] batch[490/1848] |size: 64x3x608x608 |lr: 0.00064024 |Tot: 0:57:53 |ETA: 2:09:28 |loss 9.1349 |conf_loss 3.8789 |cls_loss 2.4611 |iou_loss 2.7949 |num_fg 4.8799 |Data 0.001s |Batch 5.936s
Swin_l_pretrained_yolo_l| train: total_epoch[2/100] total_batch[2348/184800] batch[500/1848] |size: 64x3x608x608 |lr: 0.00064573 |Tot: 0:58:50 |ETA: 2:07:56 |loss 9.1276 |conf_loss 3.8755 |cls_loss 2.4583 |iou_loss 2.7937 |num_fg 4.8820 |Data 0.010s |Batch 6.274s
Swin_l_pretrained_yolo_l| train: total_epoch[2/100] total_batch[2358/184800] batch[510/1848] |size: 64x3x768x768 |lr: 0.00065124 |Tot: 1:00:59 |ETA: 4:49:56 |loss 9.1253 |conf_loss 3.8773 |cls_loss 2.4554 |iou_loss 2.7926 |num_fg 4.8880 |Data 0.030s |Batch 4.880s
Swin_l_pretrained_yolo_l| train: total_epoch[2/100] total_batch[2368/184800] batch[520/1848] |size: 64x3x640x640 |lr: 0.00065678 |Tot: 1:01:52 |ETA: 1:56:12 |loss 9.1191 |conf_loss 3.8749 |cls_loss 2.4524 |iou_loss 2.7919 |num_fg 4.8891 |Data 0.012s |Batch 5.271s
Swin_l_pretrained_yolo_l| train: total_epoch[2/100] total_batch[2378/184800] batch[530/1848] |size: 64x3x576x576 |lr: 0.00066234 |Tot: 1:02:46 |ETA: 1:59:12 |loss 9.1121 |conf_loss 3.8709 |cls_loss 2.4499 |iou_loss 2.7912 |num_fg 4.8899 |Data 0.001s |Batch 5.569s
Swin_l_pretrained_yolo_l| train: total_epoch[2/100] total_batch[2388/184800] batch[540/1848] |size: 64x3x480x480 |lr: 0.00066792 |Tot: 1:03:39 |ETA: 1:57:20 |loss 9.1048 |conf_loss 3.8652 |cls_loss 2.4478 |iou_loss 2.7918 |num_fg 4.8866 |Data 0.033s |Batch 4.906s
Swin_l_pretrained_yolo_l| train: total_epoch[2/100] total_batch[2398/184800] batch[550/1848] |size: 64x3x512x512 |lr: 0.00067353 |Tot: 1:04:35 |ETA: 1:58:50 |loss 9.0962 |conf_loss 3.8592 |cls_loss 2.4449 |iou_loss 2.7922 |num_fg 4.8836 |Data 0.015s |Batch 5.373s
Swin_l_pretrained_yolo_l| train: total_epoch[2/100] total_batch[2408/184800] batch[560/1848] |size: 64x3x704x704 |lr: 0.00067916 |Tot: 1:05:45 |ETA: 2:28:11 |loss 9.0944 |conf_loss 3.8606 |cls_loss 2.4423 |iou_loss 2.7914 |num_fg 4.8879 |Data 0.001s |Batch 6.501s
Swin_l_pretrained_yolo_l| train: total_epoch[2/100] total_batch[2418/184800] batch[570/1848] |size: 64x3x800x800 |lr: 0.00068481 |Tot: 1:07:39 |ETA: 4:05:14 |loss 9.0917 |conf_loss 3.8623 |cls_loss 2.4393 |iou_loss 2.7901 |num_fg 4.8941 |Data 0.001s |Batch 5.633s
Swin_l_pretrained_yolo_l| train: total_epoch[2/100] total_batch[2428/184800] batch[580/1848] |size: 64x3x448x448 |lr: 0.00069048 |Tot: 1:08:33 |ETA: 1:53:54 |loss 9.0848 |conf_loss 3.8572 |cls_loss 2.4363 |iou_loss 2.7913 |num_fg 4.8881 |Data 0.001s |Batch 6.009s
Swin_l_pretrained_yolo_l| train: total_epoch[2/100] total_batch[2438/184800] batch[590/1848] |size: 64x3x768x768 |lr: 0.00069618 |Tot: 1:09:28 |ETA: 1:55:18 |loss 9.0862 |conf_loss 3.8616 |cls_loss 2.4335 |iou_loss 2.7912 |num_fg 4.8921 |Data 0.001s |Batch 5.970s
Swin_l_pretrained_yolo_l| train: total_epoch[2/100] total_batch[2448/184800] batch[600/1848] |size: 64x3x512x512 |lr: 0.00070191 |Tot: 1:10:25 |ETA: 1:57:08 |loss 9.0803 |conf_loss 3.8578 |cls_loss 2.4305 |iou_loss 2.7920 |num_fg 4.8889 |Data 0.044s |Batch 6.342s
Swin_l_pretrained_yolo_l| train: total_epoch[2/100] total_batch[2458/184800] batch[610/1848] |size: 64x3x800x800 |lr: 0.00070765 |Tot: 1:11:54 |ETA: 3:03:16 |loss 9.0795 |conf_loss 3.8613 |cls_loss 2.4274 |iou_loss 2.7908 |num_fg 4.8954 |Data 0.041s |Batch 7.055s
Swin_l_pretrained_yolo_l| train: total_epoch[2/100] total_batch[2468/184800] batch[620/1848] |size: 64x3x768x768 |lr: 0.00071342 |Tot: 1:12:59 |ETA: 2:17:31 |loss 9.0755 |conf_loss 3.8616 |cls_loss 2.4244 |iou_loss 2.7895 |num_fg 4.8992 |Data 0.001s |Batch 5.138s
Swin_l_pretrained_yolo_l| train: total_epoch[2/100] total_batch[2478/184800] batch[630/1848] |size: 64x3x704x704 |lr: 0.00071921 |Tot: 1:14:17 |ETA: 2:37:26 |loss 9.0705 |conf_loss 3.8611 |cls_loss 2.4209 |iou_loss 2.7885 |num_fg 4.9037 |Data 0.001s |Batch 5.122s
Swin_l_pretrained_yolo_l| train: total_epoch[2/100] total_batch[2488/184800] batch[640/1848] |size: 64x3x608x608 |lr: 0.00072503 |Tot: 1:15:52 |ETA: 3:10:59 |loss 9.0634 |conf_loss 3.8574 |cls_loss 2.4180 |iou_loss 2.7879 |num_fg 4.9038 |Data 0.009s |Batch 5.480s
Swin_l_pretrained_yolo_l| train: total_epoch[2/100] total_batch[2498/184800] batch[650/1848] |size: 64x3x544x544 |lr: 0.00073087 |Tot: 1:16:47 |ETA: 1:47:10 |loss 9.0567 |conf_loss 3.8536 |cls_loss 2.4155 |iou_loss 2.7876 |num_fg 4.9039 |Data 0.020s |Batch 6.685s
Swin_l_pretrained_yolo_l| train: total_epoch[2/100] total_batch[2508/184800] batch[660/1848] |size: 64x3x704x704 |lr: 0.00073673 |Tot: 1:17:50 |ETA: 2:06:07 |loss 9.0518 |conf_loss 3.8527 |cls_loss 2.4123 |iou_loss 2.7867 |num_fg 4.9080 |Data 0.031s |Batch 6.048s
Swin_l_pretrained_yolo_l| train: total_epoch[2/100] total_batch[2518/184800] batch[670/1848] |size: 64x3x768x768 |lr: 0.00074262 |Tot: 1:19:31 |ETA: 3:17:48 |loss 9.0477 |conf_loss 3.8525 |cls_loss 2.4095 |iou_loss 2.7857 |num_fg 4.9141 |Data 0.001s |Batch 6.213s
Swin_l_pretrained_yolo_l| train: total_epoch[2/100] total_batch[2528/184800] batch[680/1848] |size: 64x3x768x768 |lr: 0.00074853 |Tot: 1:21:03 |ETA: 3:01:13 |loss 9.0431 |conf_loss 3.8523 |cls_loss 2.4061 |iou_loss 2.7847 |num_fg 4.9190 |Data 0.001s |Batch 5.316s
Swin_l_pretrained_yolo_l| train: total_epoch[2/100] total_batch[2538/184800] batch[690/1848] |size: 64x3x640x640 |lr: 0.00075447 |Tot: 1:21:57 |ETA: 1:45:29 |loss 9.0367 |conf_loss 3.8498 |cls_loss 2.4031 |iou_loss 2.7838 |num_fg 4.9207 |Data 0.030s |Batch 5.078s
Swin_l_pretrained_yolo_l| train: total_epoch[2/100] total_batch[2548/184800] batch[700/1848] |size: 64x3x608x608 |lr: 0.00076042 |Tot: 1:23:22 |ETA: 1:43:14 |loss 9.0295 |conf_loss 3.8462 |cls_loss 2.3999 |iou_loss 2.7833 |num_fg 4.9216 |Data 0.001s |Batch 36.276s
Swin_l_pretrained_yolo_l| train: total_epoch[2/100] total_batch[2558/184800] batch[710/1848] |size: 64x3x448x448 |lr: 0.00076640 |Tot: 1:24:10 |ETA: 2:30:37 |loss 9.0226 |conf_loss 3.8410 |cls_loss 2.3975 |iou_loss 2.7842 |num_fg 4.9172 |Data 0.031s |Batch 4.263s
Swin_l_pretrained_yolo_l| train: total_epoch[2/100] total_batch[2568/184800] batch[720/1848] |size: 64x3x608x608 |lr: 0.00077241 |Tot: 1:25:00 |ETA: 1:32:44 |loss 9.0176 |conf_loss 3.8390 |cls_loss 2.3947 |iou_loss 2.7839 |num_fg 4.9185 |Data 0.001s |Batch 5.007s
Swin_l_pretrained_yolo_l| train: total_epoch[2/100] total_batch[2578/184800] batch[730/1848] |size: 64x3x448x448 |lr: 0.00077843 |Tot: 1:25:50 |ETA: 1:30:48 |loss 9.0102 |conf_loss 3.8332 |cls_loss 2.3922 |iou_loss 2.7848 |num_fg 4.9137 |Data 0.001s |Batch 6.172s
Swin_l_pretrained_yolo_l| train: total_epoch[2/100] total_batch[2588/184800] batch[740/1848] |size: 64x3x448x448 |lr: 0.00078448 |Tot: 1:26:43 |ETA: 1:39:05 |loss 9.0035 |conf_loss 3.8278 |cls_loss 2.3903 |iou_loss 2.7854 |num_fg 4.9098 |Data 0.005s |Batch 5.769s
Swin_l_pretrained_yolo_l| train: total_epoch[2/100] total_batch[2598/184800] batch[750/1848] |size: 64x3x544x544 |lr: 0.00079056 |Tot: 1:27:38 |ETA: 1:43:27 |loss 8.9963 |conf_loss 3.8235 |cls_loss 2.3875 |iou_loss 2.7852 |num_fg 4.9097 |Data 0.002s |Batch 4.832s
Swin_l_pretrained_yolo_l| train: total_epoch[2/100] total_batch[2608/184800] batch[760/1848] |size: 64x3x576x576 |lr: 0.00079666 |Tot: 1:28:37 |ETA: 1:44:33 |loss 8.9891 |conf_loss 3.8196 |cls_loss 2.3845 |iou_loss 2.7850 |num_fg 4.9095 |Data 0.001s |Batch 5.949s
Swin_l_pretrained_yolo_l| train: total_epoch[2/100] total_batch[2618/184800] batch[770/1848] |size: 64x3x640x640 |lr: 0.00080278 |Tot: 1:30:10 |ETA: 2:45:52 |loss 8.9845 |conf_loss 3.8181 |cls_loss 2.3818 |iou_loss 2.7846 |num_fg 4.9109 |Data 0.038s |Batch 7.057s
Swin_l_pretrained_yolo_l| train: total_epoch[2/100] total_batch[2628/184800] batch[780/1848] |size: 64x3x480x480 |lr: 0.00080892 |Tot: 1:31:07 |ETA: 1:42:13 |loss 8.9778 |conf_loss 3.8136 |cls_loss 2.3795 |iou_loss 2.7847 |num_fg 4.9085 |Data 0.015s |Batch 6.880s
Swin_l_pretrained_yolo_l| train: total_epoch[2/100] total_batch[2638/184800] batch[790/1848] |size: 64x3x672x672 |lr: 0.00081509 |Tot: 1:32:05 |ETA: 1:43:06 |loss 8.9739 |conf_loss 3.8131 |cls_loss 2.3764 |iou_loss 2.7844 |num_fg 4.9107 |Data 0.016s |Batch 6.077s
Swin_l_pretrained_yolo_l| train: total_epoch[2/100] total_batch[2648/184800] batch[800/1848] |size: 64x3x672x672 |lr: 0.00082128 |Tot: 1:33:09 |ETA: 1:49:17 |loss 8.9676 |conf_loss 3.8109 |cls_loss 2.3726 |iou_loss 2.7840 |num_fg 4.9128 |Data 0.001s |Batch 7.596s
Swin_l_pretrained_yolo_l| train: total_epoch[2/100] total_batch[2658/184800] batch[810/1848] |size: 64x3x736x736 |lr: 0.00082750 |Tot: 1:34:11 |ETA: 1:49:01 |loss 8.9629 |conf_loss 3.8103 |cls_loss 2.3696 |iou_loss 2.7831 |num_fg 4.9169 |Data 0.025s |Batch 6.415s
Swin_l_pretrained_yolo_l| train: total_epoch[2/100] total_batch[2668/184800] batch[820/1848] |size: 64x3x608x608 |lr: 0.00083373 |Tot: 1:35:08 |ETA: 1:38:52 |loss 8.9568 |conf_loss 3.8075 |cls_loss 2.3664 |iou_loss 2.7829 |num_fg 4.9170 |Data 0.036s |Batch 5.864s
Swin_l_pretrained_yolo_l| train: total_epoch[2/100] total_batch[2678/184800] batch[830/1848] |size: 64x3x576x576 |lr: 0.00084000 |Tot: 1:36:06 |ETA: 1:38:58 |loss 8.9504 |conf_loss 3.8044 |cls_loss 2.3638 |iou_loss 2.7823 |num_fg 4.9174 |Data 0.002s |Batch 6.065s
Swin_l_pretrained_yolo_l| train: total_epoch[2/100] total_batch[2688/184800] batch[840/1848] |size: 64x3x640x640 |lr: 0.00084628 |Tot: 1:37:40 |ETA: 2:37:38 |loss 8.9445 |conf_loss 3.8019 |cls_loss 2.3606 |iou_loss 2.7820 |num_fg 4.9182 |Data 0.035s |Batch 6.051s
Swin_l_pretrained_yolo_l| train: total_epoch[2/100] total_batch[2698/184800] batch[850/1848] |size: 64x3x736x736 |lr: 0.00085259 |Tot: 1:38:43 |ETA: 1:45:55 |loss 8.9413 |conf_loss 3.8019 |cls_loss 2.3581 |iou_loss 2.7813 |num_fg 4.9224 |Data 0.029s |Batch 5.565s
Swin_l_pretrained_yolo_l| train: total_epoch[2/100] total_batch[2708/184800] batch[860/1848] |size: 64x3x512x512 |lr: 0.00085892 |Tot: 1:39:34 |ETA: 1:24:58 |loss 8.9352 |conf_loss 3.7983 |cls_loss 2.3554 |iou_loss 2.7815 |num_fg 4.9198 |Data 0.001s |Batch 5.004s
Swin_l_pretrained_yolo_l| train: total_epoch[2/100] total_batch[2718/184800] batch[870/1848] |size: 64x3x768x768 |lr: 0.00086528 |Tot: 1:41:17 |ETA: 2:44:16 |loss 8.9331 |conf_loss 3.7996 |cls_loss 2.3524 |iou_loss 2.7811 |num_fg 4.9234 |Data 0.014s |Batch 7.335s
Swin_l_pretrained_yolo_l| train: total_epoch[2/100] total_batch[2728/184800] batch[880/1848] |size: 64x3x576x576 |lr: 0.00087166 |Tot: 1:42:13 |ETA: 1:33:54 |loss 8.9282 |conf_loss 3.7973 |cls_loss 2.3497 |iou_loss 2.7812 |num_fg 4.9233 |Data 0.030s |Batch 5.055s
Swin_l_pretrained_yolo_l| train: total_epoch[2/100] total_batch[2738/184800] batch[890/1848] |size: 64x3x544x544 |lr: 0.00087806 |Tot: 1:43:12 |ETA: 1:33:50 |loss 8.9216 |conf_loss 3.7937 |cls_loss 2.3468 |iou_loss 2.7810 |num_fg 4.9229 |Data 0.001s |Batch 5.430s
Swin_l_pretrained_yolo_l| train: total_epoch[2/100] total_batch[2748/184800] batch[900/1848] |size: 64x3x576x576 |lr: 0.00088448 |Tot: 1:44:37 |ETA: 2:11:40 |loss 8.9152 |conf_loss 3.7904 |cls_loss 2.3440 |iou_loss 2.7808 |num_fg 4.9235 |Data 0.012s |Batch 7.328s
Swin_l_pretrained_yolo_l| train: total_epoch[2/100] total_batch[2758/184800] batch[910/1848] |size: 64x3x768x768 |lr: 0.00089093 |Tot: 1:45:38 |ETA: 1:38:09 |loss 8.9113 |conf_loss 3.7904 |cls_loss 2.3405 |iou_loss 2.7804 |num_fg 4.9264 |Data 0.015s |Batch 5.192s
Swin_l_pretrained_yolo_l| train: total_epoch[2/100] total_batch[2768/184800] batch[920/1848] |size: 64x3x448x448 |lr: 0.00089740 |Tot: 1:46:33 |ETA: 1:26:08 |loss 8.9064 |conf_loss 3.7872 |cls_loss 2.3380 |iou_loss 2.7811 |num_fg 4.9232 |Data 0.025s |Batch 4.511s
Swin_l_pretrained_yolo_l| train: total_epoch[2/100] total_batch[2778/184800] batch[930/1848] |size: 64x3x640x640 |lr: 0.00090390 |Tot: 1:47:26 |ETA: 1:19:49 |loss 8.9031 |conf_loss 3.7870 |cls_loss 2.3353 |iou_loss 2.7807 |num_fg 4.9250 |Data 0.017s |Batch 5.919s
Swin_l_pretrained_yolo_l| train: total_epoch[2/100] total_batch[2788/184800] batch[940/1848] |size: 64x3x704x704 |lr: 0.00091042 |Tot: 1:48:40 |ETA: 1:51:10 |loss 8.8982 |conf_loss 3.7859 |cls_loss 2.3323 |iou_loss 2.7801 |num_fg 4.9287 |Data 0.001s |Batch 6.333s
Swin_l_pretrained_yolo_l| train: total_epoch[2/100] total_batch[2798/184800] batch[950/1848] |size: 64x3x448x448 |lr: 0.00091696 |Tot: 1:49:35 |ETA: 1:24:16 |loss 8.8936 |conf_loss 3.7825 |cls_loss 2.3303 |iou_loss 2.7808 |num_fg 4.9250 |Data 0.030s |Batch 4.847s
Swin_l_pretrained_yolo_l| train: total_epoch[2/100] total_batch[2808/184800] batch[960/1848] |size: 64x3x704x704 |lr: 0.00092353 |Tot: 1:50:49 |ETA: 1:47:43 |loss 8.8916 |conf_loss 3.7838 |cls_loss 2.3276 |iou_loss 2.7802 |num_fg 4.9281 |Data 0.020s |Batch 6.293s
Swin_l_pretrained_yolo_l| train: total_epoch[2/100] total_batch[2818/184800] batch[970/1848] |size: 64x3x608x608 |lr: 0.00093012 |Tot: 1:52:21 |ETA: 2:15:23 |loss 8.8849 |conf_loss 3.7810 |cls_loss 2.3243 |iou_loss 2.7796 |num_fg 4.9294 |Data 0.027s |Batch 6.071s
Swin_l_pretrained_yolo_l| train: total_epoch[2/100] total_batch[2828/184800] batch[980/1848] |size: 64x3x768x768 |lr: 0.00093673 |Tot: 1:53:20 |ETA: 1:24:26 |loss 8.8809 |conf_loss 3.7805 |cls_loss 2.3214 |iou_loss 2.7789 |num_fg 4.9327 |Data 0.001s |Batch 6.165s
Swin_l_pretrained_yolo_l| train: total_epoch[2/100] total_batch[2838/184800] batch[990/1848] |size: 64x3x512x512 |lr: 0.00094337 |Tot: 1:54:10 |ETA: 1:14:40 |loss 8.8749 |conf_loss 3.7772 |cls_loss 2.3189 |iou_loss 2.7789 |num_fg 4.9312 |Data 0.001s |Batch 4.893s
Swin_l_pretrained_yolo_l| train: total_epoch[2/100] total_batch[2848/184800] batch[1000/1848] |size: 64x3x512x512 |lr: 0.00095003 |Tot: 1:55:02 |ETA: 1:12:13 |loss 8.8695 |conf_loss 3.7739 |cls_loss 2.3167 |iou_loss 2.7789 |num_fg 4.9304 |Data 0.001s |Batch 5.870s
Swin_l_pretrained_yolo_l| train: total_epoch[2/100] total_batch[2858/184800] batch[1010/1848] |size: 64x3x448x448 |lr: 0.00095671 |Tot: 1:55:53 |ETA: 1:12:34 |loss 8.8623 |conf_loss 3.7689 |cls_loss 2.3144 |iou_loss 2.7790 |num_fg 4.9288 |Data 0.009s |Batch 4.937s
Swin_l_pretrained_yolo_l| train: total_epoch[2/100] total_batch[2868/184800] batch[1020/1848] |size: 64x3x576x576 |lr: 0.00096342 |Tot: 1:56:49 |ETA: 1:16:13 |loss 8.8575 |conf_loss 3.7667 |cls_loss 2.3119 |iou_loss 2.7789 |num_fg 4.9291 |Data 0.001s |Batch 5.576s
Swin_l_pretrained_yolo_l| train: total_epoch[2/100] total_batch[2878/184800] batch[1030/1848] |size: 64x3x576x576 |lr: 0.00097015 |Tot: 1:58:27 |ETA: 1:27:57 |loss 8.8516 |conf_loss 3.7638 |cls_loss 2.3091 |iou_loss 2.7787 |num_fg 4.9295 |Data 0.001s |Batch 38.892s
Swin_l_pretrained_yolo_l| train: total_epoch[2/100] total_batch[2888/184800] batch[1040/1848] |size: 64x3x512x512 |lr: 0.00097690 |Tot: 1:59:10 |ETA: 1:44:09 |loss 8.8457 |conf_loss 3.7602 |cls_loss 2.3069 |iou_loss 2.7786 |num_fg 4.9289 |Data 0.017s |Batch 4.263s
Swin_l_pretrained_yolo_l| train: total_epoch[2/100] total_batch[2898/184800] batch[1050/1848] |size: 64x3x448x448 |lr: 0.00098368 |Tot: 2:00:00 |ETA: 1:06:42 |loss 8.8399 |conf_loss 3.7560 |cls_loss 2.3049 |iou_loss 2.7790 |num_fg 4.9266 |Data 0.009s |Batch 4.637s
Swin_l_pretrained_yolo_l| train: total_epoch[2/100] total_batch[2908/184800] batch[1060/1848] |size: 64x3x544x544 |lr: 0.00099048 |Tot: 2:00:55 |ETA: 1:10:52 |loss 8.8350 |conf_loss 3.7535 |cls_loss 2.3027 |iou_loss 2.7788 |num_fg 4.9266 |Data 0.034s |Batch 6.009s
Swin_l_pretrained_yolo_l| train: total_epoch[2/100] total_batch[2918/184800] batch[1070/1848] |size: 64x3x768x768 |lr: 0.00099730 |Tot: 2:01:59 |ETA: 1:21:31 |loss 8.8321 |conf_loss 3.7542 |cls_loss 2.3000 |iou_loss 2.7780 |num_fg 4.9312 |Data 0.002s |Batch 6.464s
Swin_l_pretrained_yolo_l| train: total_epoch[2/100] total_batch[2928/184800] batch[1080/1848] |size: 64x3x576x576 |lr: 0.00100415 |Tot: 2:02:55 |ETA: 1:12:38 |loss 8.8269 |conf_loss 3.7519 |cls_loss 2.2972 |iou_loss 2.7778 |num_fg 4.9312 |Data 0.001s |Batch 6.710s
Swin_l_pretrained_yolo_l| train: total_epoch[2/100] total_batch[2938/184800] batch[1090/1848] |size: 64x3x704x704 |lr: 0.00101102 |Tot: 2:03:56 |ETA: 1:18:32 |loss 8.8229 |conf_loss 3.7513 |cls_loss 2.2944 |iou_loss 2.7771 |num_fg 4.9340 |Data 0.020s |Batch 5.237s
Swin_l_pretrained_yolo_l| train: total_epoch[2/100] total_batch[2948/184800] batch[1100/1848] |size: 64x3x704x704 |lr: 0.00101791 |Tot: 2:05:51 |ETA: 2:22:53 |loss 8.8185 |conf_loss 3.7504 |cls_loss 2.2917 |iou_loss 2.7764 |num_fg 4.9372 |Data 0.005s |Batch 5.691s
Swin_l_pretrained_yolo_l| train: total_epoch[2/100] total_batch[2958/184800] batch[1110/1848] |size: 64x3x480x480 |lr: 0.00102483 |Tot: 2:06:47 |ETA: 1:09:53 |loss 8.8135 |conf_loss 3.7473 |cls_loss 2.2898 |iou_loss 2.7764 |num_fg 4.9368 |Data 0.020s |Batch 5.018s
Swin_l_pretrained_yolo_l| train: total_epoch[2/100] total_batch[2968/184800] batch[1120/1848] |size: 64x3x576x576 |lr: 0.00103177 |Tot: 2:07:44 |ETA: 1:07:05 |loss 8.8086 |conf_loss 3.7452 |cls_loss 2.2874 |iou_loss 2.7760 |num_fg 4.9374 |Data 0.001s |Batch 6.751s
Swin_l_pretrained_yolo_l| train: total_epoch[2/100] total_batch[2978/184800] batch[1130/1848] |size: 64x3x608x608 |lr: 0.00103874 |Tot: 2:08:40 |ETA: 1:08:52 |loss 8.8030 |conf_loss 3.7429 |cls_loss 2.2847 |iou_loss 2.7754 |num_fg 4.9391 |Data 0.009s |Batch 5.144s
Swin_l_pretrained_yolo_l| train: total_epoch[2/100] total_batch[2988/184800] batch[1140/1848] |size: 64x3x576x576 |lr: 0.00104572 |Tot: 2:09:38 |ETA: 1:05:58 |loss 8.7985 |conf_loss 3.7407 |cls_loss 2.2827 |iou_loss 2.7750 |num_fg 4.9396 |Data 0.032s |Batch 7.676s
Swin_l_pretrained_yolo_l| train: total_epoch[2/100] total_batch[2998/184800] batch[1150/1848] |size: 64x3x768x768 |lr: 0.00105274 |Tot: 2:10:55 |ETA: 1:32:13 |loss 8.7945 |conf_loss 3.7403 |cls_loss 2.2797 |iou_loss 2.7744 |num_fg 4.9428 |Data 0.004s |Batch 5.291s
Swin_l_pretrained_yolo_l| train: total_epoch[2/100] total_batch[3008/184800] batch[1160/1848] |size: 64x3x640x640 |lr: 0.00105977 |Tot: 2:12:30 |ETA: 1:47:16 |loss 8.7891 |conf_loss 3.7382 |cls_loss 2.2768 |iou_loss 2.7740 |num_fg 4.9443 |Data 0.037s |Batch 6.920s
Swin_l_pretrained_yolo_l| train: total_epoch[2/100] total_batch[3018/184800] batch[1170/1848] |size: 64x3x672x672 |lr: 0.00106683 |Tot: 2:13:31 |ETA: 1:10:17 |loss 8.7840 |conf_loss 3.7364 |cls_loss 2.2741 |iou_loss 2.7735 |num_fg 4.9458 |Data 0.001s |Batch 5.501s
Swin_l_pretrained_yolo_l| train: total_epoch[2/100] total_batch[3028/184800] batch[1180/1848] |size: 64x3x512x512 |lr: 0.00107391 |Tot: 2:14:22 |ETA: 0:58:24 |loss 8.7784 |conf_loss 3.7331 |cls_loss 2.2717 |iou_loss 2.7735 |num_fg 4.9453 |Data 0.007s |Batch 4.863s
Swin_l_pretrained_yolo_l| train: total_epoch[2/100] total_batch[3038/184800] batch[1190/1848] |size: 64x3x512x512 |lr: 0.00108101 |Tot: 2:15:14 |ETA: 0:56:41 |loss 8.7735 |conf_loss 3.7303 |cls_loss 2.2697 |iou_loss 2.7735 |num_fg 4.9450 |Data 0.021s |Batch 4.944s
Swin_l_pretrained_yolo_l| train: total_epoch[2/100] total_batch[3048/184800] batch[1200/1848] |size: 64x3x512x512 |lr: 0.00108814 |Tot: 2:16:05 |ETA: 0:55:46 |loss 8.7680 |conf_loss 3.7271 |cls_loss 2.2675 |iou_loss 2.7734 |num_fg 4.9446 |Data 0.018s |Batch 4.811s
Swin_l_pretrained_yolo_l| train: total_epoch[2/100] total_batch[3058/184800] batch[1210/1848] |size: 64x3x448x448 |lr: 0.00109529 |Tot: 2:16:56 |ETA: 0:54:10 |loss 8.7626 |conf_loss 3.7234 |cls_loss 2.2656 |iou_loss 2.7736 |num_fg 4.9428 |Data 0.024s |Batch 4.730s
Swin_l_pretrained_yolo_l| train: total_epoch[2/100] total_batch[3068/184800] batch[1220/1848] |size: 64x3x800x800 |lr: 0.00110247 |Tot: 2:18:51 |ETA: 1:35:58 |loss 8.7618 |conf_loss 3.7255 |cls_loss 2.2631 |iou_loss 2.7732 |num_fg 4.9459 |Data 0.018s |Batch 28.019s
Swin_l_pretrained_yolo_l| train: total_epoch[2/100] total_batch[3078/184800] batch[1230/1848] |size: 64x3x480x480 |lr: 0.00110967 |Tot: 2:19:40 |ETA: 1:14:00 |loss 8.7578 |conf_loss 3.7233 |cls_loss 2.2608 |iou_loss 2.7736 |num_fg 4.9442 |Data 0.027s |Batch 5.458s
Swin_l_pretrained_yolo_l| train: total_epoch[2/100] total_batch[3088/184800] batch[1240/1848] |size: 64x3x512x512 |lr: 0.00111689 |Tot: 2:20:34 |ETA: 0:54:28 |loss 8.7529 |conf_loss 3.7206 |cls_loss 2.2588 |iou_loss 2.7735 |num_fg 4.9438 |Data 0.030s |Batch 5.621s
Swin_l_pretrained_yolo_l| train: total_epoch[2/100] total_batch[3098/184800] batch[1250/1848] |size: 64x3x576x576 |lr: 0.00112414 |Tot: 2:21:32 |ETA: 0:58:11 |loss 8.7488 |conf_loss 3.7186 |cls_loss 2.2568 |iou_loss 2.7734 |num_fg 4.9437 |Data 0.023s |Batch 5.213s
Swin_l_pretrained_yolo_l| train: total_epoch[2/100] total_batch[3108/184800] batch[1260/1848] |size: 64x3x576x576 |lr: 0.00113140 |Tot: 2:22:29 |ETA: 0:53:51 |loss 8.7440 |conf_loss 3.7164 |cls_loss 2.2545 |iou_loss 2.7730 |num_fg 4.9446 |Data 0.002s |Batch 7.115s
Swin_l_pretrained_yolo_l| train: total_epoch[2/100] total_batch[3118/184800] batch[1270/1848] |size: 64x3x768x768 |lr: 0.00113870 |Tot: 2:23:33 |ETA: 1:03:41 |loss 8.7396 |conf_loss 3.7157 |cls_loss 2.2517 |iou_loss 2.7722 |num_fg 4.9478 |Data 0.021s |Batch 5.377s
Swin_l_pretrained_yolo_l| train: total_epoch[2/100] total_batch[3128/184800] batch[1280/1848] |size: 64x3x736x736 |lr: 0.00114601 |Tot: 2:24:40 |ETA: 1:03:36 |loss 8.7351 |conf_loss 3.7148 |cls_loss 2.2488 |iou_loss 2.7715 |num_fg 4.9510 |Data 0.022s |Batch 5.295s
Swin_l_pretrained_yolo_l| train: total_epoch[2/100] total_batch[3138/184800] batch[1290/1848] |size: 64x3x768x768 |lr: 0.00115335 |Tot: 2:26:52 |ETA: 2:01:43 |loss 8.7316 |conf_loss 3.7144 |cls_loss 2.2462 |iou_loss 2.7710 |num_fg 4.9539 |Data 0.050s |Batch 7.006s
Swin_l_pretrained_yolo_l| train: total_epoch[2/100] total_batch[3148/184800] batch[1300/1848] |size: 64x3x704x704 |lr: 0.00116071 |Tot: 2:27:51 |ETA: 0:55:17 |loss 8.7269 |conf_loss 3.7129 |cls_loss 2.2434 |iou_loss 2.7706 |num_fg 4.9560 |Data 0.002s |Batch 5.690s
Swin_l_pretrained_yolo_l| train: total_epoch[2/100] total_batch[3158/184800] batch[1310/1848] |size: 64x3x544x544 |lr: 0.00116810 |Tot: 2:28:45 |ETA: 0:48:43 |loss 8.7215 |conf_loss 3.7102 |cls_loss 2.2410 |iou_loss 2.7703 |num_fg 4.9561 |Data 0.001s |Batch 5.208s
Swin_l_pretrained_yolo_l| train: total_epoch[2/100] total_batch[3168/184800] batch[1320/1848] |size: 64x3x800x800 |lr: 0.00117551 |Tot: 2:29:52 |ETA: 0:59:12 |loss 8.7186 |conf_loss 3.7108 |cls_loss 2.2384 |iou_loss 2.7695 |num_fg 4.9594 |Data 0.001s |Batch 5.022s
Swin_l_pretrained_yolo_l| train: total_epoch[2/100] total_batch[3178/184800] batch[1330/1848] |size: 64x3x448x448 |lr: 0.00118294 |Tot: 2:30:44 |ETA: 0:44:35 |loss 8.7156 |conf_loss 3.7090 |cls_loss 2.2365 |iou_loss 2.7702 |num_fg 4.9569 |Data 0.001s |Batch 5.694s
Swin_l_pretrained_yolo_l| train: total_epoch[2/100] total_batch[3188/184800] batch[1340/1848] |size: 64x3x736x736 |lr: 0.00119040 |Tot: 2:32:20 |ETA: 1:21:08 |loss 8.7137 |conf_loss 3.7101 |cls_loss 2.2340 |iou_loss 2.7695 |num_fg 4.9599 |Data 0.030s |Batch 5.721s
Swin_l_pretrained_yolo_l| train: total_epoch[2/100] total_batch[3198/184800] batch[1350/1848] |size: 64x3x768x768 |lr: 0.00119788 |Tot: 2:33:58 |ETA: 1:22:00 |loss 8.7102 |conf_loss 3.7097 |cls_loss 2.2317 |iou_loss 2.7689 |num_fg 4.9626 |Data 0.001s |Batch 5.321s
Swin_l_pretrained_yolo_l| train: total_epoch[2/100] total_batch[3208/184800] batch[1360/1848] |size: 64x3x544x544 |lr: 0.00120538 |Tot: 2:34:56 |ETA: 0:47:21 |loss 8.7052 |conf_loss 3.7071 |cls_loss 2.2294 |iou_loss 2.7687 |num_fg 4.9626 |Data 0.049s |Batch 5.179s
Swin_l_pretrained_yolo_l| train: total_epoch[2/100] total_batch[3218/184800] batch[1370/1848] |size: 64x3x768x768 |lr: 0.00121291 |Tot: 2:36:27 |ETA: 1:13:35 |loss 8.7022 |conf_loss 3.7073 |cls_loss 2.2267 |iou_loss 2.7681 |num_fg 4.9651 |Data 0.011s |Batch 4.455s
Swin_l_pretrained_yolo_l| train: total_epoch[2/100] total_batch[3228/184800] batch[1380/1848] |size: 64x3x544x544 |lr: 0.00122046 |Tot: 2:37:23 |ETA: 0:42:41 |loss 8.6976 |conf_loss 3.7050 |cls_loss 2.2245 |iou_loss 2.7681 |num_fg 4.9649 |Data 0.001s |Batch 5.700s
Swin_l_pretrained_yolo_l| train: total_epoch[2/100] total_batch[3238/184800] batch[1390/1848] |size: 64x3x608x608 |lr: 0.00122803 |Tot: 2:38:31 |ETA: 0:50:38 |loss 8.6930 |conf_loss 3.7029 |cls_loss 2.2223 |iou_loss 2.7679 |num_fg 4.9657 |Data 0.001s |Batch 6.730s
Swin_l_pretrained_yolo_l| train: total_epoch[2/100] total_batch[3248/184800] batch[1400/1848] |size: 64x3x640x640 |lr: 0.00123563 |Tot: 2:39:28 |ETA: 0:44:02 |loss 8.6890 |conf_loss 3.7014 |cls_loss 2.2202 |iou_loss 2.7674 |num_fg 4.9668 |Data 0.001s |Batch 5.156s
Swin_l_pretrained_yolo_l| train: total_epoch[2/100] total_batch[3258/184800] batch[1410/1848] |size: 64x3x608x608 |lr: 0.00124325 |Tot: 2:41:03 |ETA: 1:09:53 |loss 8.6838 |conf_loss 3.6990 |cls_loss 2.2179 |iou_loss 2.7669 |num_fg 4.9678 |Data 0.011s |Batch 4.855s
Swin_l_pretrained_yolo_l| train: total_epoch[2/100] total_batch[3268/184800] batch[1420/1848] |size: 64x3x544x544 |lr: 0.00125089 |Tot: 2:41:52 |ETA: 0:35:14 |loss 8.6793 |conf_loss 3.6966 |cls_loss 2.2160 |iou_loss 2.7666 |num_fg 4.9679 |Data 0.010s |Batch 4.874s
Swin_l_pretrained_yolo_l| train: total_epoch[2/100] total_batch[3278/184800] batch[1430/1848] |size: 64x3x576x576 |lr: 0.00125856 |Tot: 2:42:49 |ETA: 0:38:38 |loss 8.6745 |conf_loss 3.6944 |cls_loss 2.2139 |iou_loss 2.7661 |num_fg 4.9686 |Data 0.013s |Batch 5.993s
Swin_l_pretrained_yolo_l| train: total_epoch[2/100] total_batch[3288/184800] batch[1440/1848] |size: 64x3x736x736 |lr: 0.00126625 |Tot: 2:43:46 |ETA: 0:39:39 |loss 8.6714 |conf_loss 3.6941 |cls_loss 2.2117 |iou_loss 2.7655 |num_fg 4.9712 |Data 0.010s |Batch 5.349s
Swin_l_pretrained_yolo_l| train: total_epoch[2/100] total_batch[3298/184800] batch[1450/1848] |size: 64x3x448x448 |lr: 0.00127396 |Tot: 2:44:35 |ETA: 0:33:06 |loss 8.6675 |conf_loss 3.6917 |cls_loss 2.2100 |iou_loss 2.7658 |num_fg 4.9690 |Data 0.040s |Batch 4.732s
Swin_l_pretrained_yolo_l| train: total_epoch[2/100] total_batch[3308/184800] batch[1460/1848] |size: 64x3x448x448 |lr: 0.00128170 |Tot: 2:45:33 |ETA: 0:35:41 |loss 8.6627 |conf_loss 3.6884 |cls_loss 2.2085 |iou_loss 2.7658 |num_fg 4.9677 |Data 0.001s |Batch 7.038s
Swin_l_pretrained_yolo_l| train: total_epoch[2/100] total_batch[3318/184800] batch[1470/1848] |size: 64x3x640x640 |lr: 0.00128946 |Tot: 2:47:03 |ETA: 0:58:19 |loss 8.6596 |conf_loss 3.6878 |cls_loss 2.2064 |iou_loss 2.7654 |num_fg 4.9690 |Data 0.011s |Batch 5.208s
Swin_l_pretrained_yolo_l| train: total_epoch[2/100] total_batch[3328/184800] batch[1480/1848] |size: 64x3x576x576 |lr: 0.00129725 |Tot: 2:47:53 |ETA: 0:30:40 |loss 8.6553 |conf_loss 3.6858 |cls_loss 2.2044 |iou_loss 2.7651 |num_fg 4.9699 |Data 0.001s |Batch 5.530s
Swin_l_pretrained_yolo_l| train: total_epoch[2/100] total_batch[3338/184800] batch[1490/1848] |size: 64x3x608x608 |lr: 0.00130505 |Tot: 2:48:52 |ETA: 0:34:16 |loss 8.6511 |conf_loss 3.6839 |cls_loss 2.2024 |iou_loss 2.7648 |num_fg 4.9707 |Data 0.018s |Batch 6.631s
Swin_l_pretrained_yolo_l| train: total_epoch[2/100] total_batch[3348/184800] batch[1500/1848] |size: 64x3x672x672 |lr: 0.00131289 |Tot: 2:49:47 |ETA: 0:32:39 |loss 8.6466 |conf_loss 3.6824 |cls_loss 2.2001 |iou_loss 2.7640 |num_fg 4.9729 |Data 0.051s |Batch 5.718s
Swin_l_pretrained_yolo_l| train: total_epoch[2/100] total_batch[3358/184800] batch[1510/1848] |size: 64x3x544x544 |lr: 0.00132074 |Tot: 2:50:43 |ETA: 0:31:44 |loss 8.6414 |conf_loss 3.6796 |cls_loss 2.1979 |iou_loss 2.7639 |num_fg 4.9730 |Data 0.031s |Batch 5.675s
Swin_l_pretrained_yolo_l| train: total_epoch[2/100] total_batch[3368/184800] batch[1520/1848] |size: 64x3x576x576 |lr: 0.00132862 |Tot: 2:51:37 |ETA: 0:29:36 |loss 8.6366 |conf_loss 3.6773 |cls_loss 2.1957 |iou_loss 2.7636 |num_fg 4.9731 |Data 0.020s |Batch 5.356s
Swin_l_pretrained_yolo_l| train: total_epoch[2/100] total_batch[3378/184800] batch[1530/1848] |size: 64x3x800x800 |lr: 0.00133652 |Tot: 2:53:39 |ETA: 1:04:50 |loss 8.6342 |conf_loss 3.6776 |cls_loss 2.1935 |iou_loss 2.7631 |num_fg 4.9758 |Data 0.010s |Batch 5.759s
Swin_l_pretrained_yolo_l| train: total_epoch[2/100] total_batch[3388/184800] batch[1540/1848] |size: 64x3x608x608 |lr: 0.00134444 |Tot: 2:54:33 |ETA: 0:27:41 |loss 8.6295 |conf_loss 3.6756 |cls_loss 2.1911 |iou_loss 2.7628 |num_fg 4.9765 |Data 0.018s |Batch 5.643s
Swin_l_pretrained_yolo_l| train: total_epoch[2/100] total_batch[3398/184800] batch[1550/1848] |size: 64x3x480x480 |lr: 0.00135239 |Tot: 2:55:22 |ETA: 0:25:11 |loss 8.6250 |conf_loss 3.6729 |cls_loss 2.1894 |iou_loss 2.7627 |num_fg 4.9756 |Data 0.001s |Batch 5.035s
Swin_l_pretrained_yolo_l| train: total_epoch[2/100] total_batch[3408/184800] batch[1560/1848] |size: 64x3x800x800 |lr: 0.00136036 |Tot: 2:56:47 |ETA: 0:40:50 |loss 8.6227 |conf_loss 3.6735 |cls_loss 2.1870 |iou_loss 2.7622 |num_fg 4.9783 |Data 0.020s |Batch 4.779s
Swin_l_pretrained_yolo_l| train: total_epoch[2/100] total_batch[3418/184800] batch[1570/1848] |size: 64x3x768x768 |lr: 0.00136836 |Tot: 2:58:17 |ETA: 0:41:33 |loss 8.6197 |conf_loss 3.6730 |cls_loss 2.1848 |iou_loss 2.7618 |num_fg 4.9809 |Data 0.001s |Batch 5.641s
Swin_l_pretrained_yolo_l| train: total_epoch[2/100] total_batch[3428/184800] batch[1580/1848] |size: 64x3x480x480 |lr: 0.00137638 |Tot: 2:59:16 |ETA: 0:26:12 |loss 8.6150 |conf_loss 3.6704 |cls_loss 2.1829 |iou_loss 2.7618 |num_fg 4.9802 |Data 0.021s |Batch 5.866s
Swin_l_pretrained_yolo_l| train: total_epoch[2/100] total_batch[3438/184800] batch[1590/1848] |size: 64x3x672x672 |lr: 0.00138442 |Tot: 3:00:57 |ETA: 0:43:36 |loss 8.6118 |conf_loss 3.6698 |cls_loss 2.1808 |iou_loss 2.7612 |num_fg 4.9821 |Data 0.029s |Batch 6.382s
Swin_l_pretrained_yolo_l| train: total_epoch[2/100] total_batch[3448/184800] batch[1600/1848] |size: 64x3x768x768 |lr: 0.00139249 |Tot: 3:01:56 |ETA: 0:24:37 |loss 8.6080 |conf_loss 3.6689 |cls_loss 2.1784 |iou_loss 2.7607 |num_fg 4.9843 |Data 0.024s |Batch 5.345s
Swin_l_pretrained_yolo_l| train: total_epoch[2/100] total_batch[3458/184800] batch[1610/1848] |size: 64x3x672x672 |lr: 0.00140057 |Tot: 3:03:00 |ETA: 0:25:07 |loss 8.6038 |conf_loss 3.6673 |cls_loss 2.1762 |iou_loss 2.7603 |num_fg 4.9859 |Data 1.521s |Batch 7.002s
Swin_l_pretrained_yolo_l| train: total_epoch[2/100] total_batch[3468/184800] batch[1620/1848] |size: 64x3x448x448 |lr: 0.00140869 |Tot: 3:03:49 |ETA: 0:19:26 |loss 8.6002 |conf_loss 3.6649 |cls_loss 2.1748 |iou_loss 2.7604 |num_fg 4.9844 |Data 0.030s |Batch 5.003s
Swin_l_pretrained_yolo_l| train: total_epoch[2/100] total_batch[3478/184800] batch[1630/1848] |size: 64x3x448x448 |lr: 0.00141682 |Tot: 3:04:39 |ETA: 0:18:11 |loss 8.5958 |conf_loss 3.6620 |cls_loss 2.1732 |iou_loss 2.7606 |num_fg 4.9830 |Data 0.021s |Batch 4.953s
Swin_l_pretrained_yolo_l| train: total_epoch[2/100] total_batch[3488/184800] batch[1640/1848] |size: 64x3x640x640 |lr: 0.00142498 |Tot: 3:05:51 |ETA: 0:25:08 |loss 8.5927 |conf_loss 3.6613 |cls_loss 2.1712 |iou_loss 2.7602 |num_fg 4.9843 |Data 0.001s |Batch 5.040s
Swin_l_pretrained_yolo_l| train: total_epoch[2/100] total_batch[3498/184800] batch[1650/1848] |size: 64x3x672x672 |lr: 0.00143316 |Tot: 3:07:26 |ETA: 0:31:09 |loss 8.5887 |conf_loss 3.6600 |cls_loss 2.1692 |iou_loss 2.7596 |num_fg 4.9862 |Data 0.028s |Batch 6.397s
Swin_l_pretrained_yolo_l| train: total_epoch[2/100] total_batch[3508/184800] batch[1660/1848] |size: 64x3x800x800 |lr: 0.00144137 |Tot: 3:08:30 |ETA: 0:20:25 |loss 8.5859 |conf_loss 3.6597 |cls_loss 2.1672 |iou_loss 2.7591 |num_fg 4.9886 |Data 0.013s |Batch 5.321s
Swin_l_pretrained_yolo_l| train: total_epoch[2/100] total_batch[3518/184800] batch[1670/1848] |size: 64x3x480x480 |lr: 0.00144960 |Tot: 3:09:24 |ETA: 0:16:01 |loss 8.5823 |conf_loss 3.6576 |cls_loss 2.1656 |iou_loss 2.7591 |num_fg 4.9875 |Data 0.038s |Batch 5.936s
Swin_l_pretrained_yolo_l| train: total_epoch[2/100] total_batch[3528/184800] batch[1680/1848] |size: 64x3x768x768 |lr: 0.00145785 |Tot: 3:11:01 |ETA: 0:26:26 |loss 8.5808 |conf_loss 3.6587 |cls_loss 2.1636 |iou_loss 2.7585 |num_fg 4.9900 |Data 2.353s |Batch 9.319s
Swin_l_pretrained_yolo_l| train: total_epoch[2/100] total_batch[3538/184800] batch[1690/1848] |size: 64x3x672x672 |lr: 0.00146613 |Tot: 3:11:57 |ETA: 0:15:14 |loss 8.5770 |conf_loss 3.6575 |cls_loss 2.1614 |iou_loss 2.7580 |num_fg 4.9915 |Data 0.001s |Batch 7.666s
Swin_l_pretrained_yolo_l| train: total_epoch[2/100] total_batch[3548/184800] batch[1700/1848] |size: 64x3x768x768 |lr: 0.00147443 |Tot: 3:13:38 |ETA: 0:25:37 |loss 8.5739 |conf_loss 3.6572 |cls_loss 2.1593 |iou_loss 2.7575 |num_fg 4.9939 |Data 0.001s |Batch 5.572s
Swin_l_pretrained_yolo_l| train: total_epoch[2/100] total_batch[3558/184800] batch[1710/1848] |size: 64x3x768x768 |lr: 0.00148275 |Tot: 3:15:12 |ETA: 0:21:41 |loss 8.5697 |conf_loss 3.6560 |cls_loss 2.1568 |iou_loss 2.7569 |num_fg 4.9963 |Data 0.001s |Batch 5.221s
Swin_l_pretrained_yolo_l| train: total_epoch[2/100] total_batch[3568/184800] batch[1720/1848] |size: 64x3x480x480 |lr: 0.00149110 |Tot: 3:16:03 |ETA: 0:11:01 |loss 8.5658 |conf_loss 3.6538 |cls_loss 2.1551 |iou_loss 2.7569 |num_fg 4.9955 |Data 0.034s |Batch 5.443s
Swin_l_pretrained_yolo_l| train: total_epoch[2/100] total_batch[3578/184800] batch[1730/1848] |size: 64x3x544x544 |lr: 0.00149947 |Tot: 3:17:00 |ETA: 0:11:00 |loss 8.5619 |conf_loss 3.6517 |cls_loss 2.1534 |iou_loss 2.7567 |num_fg 4.9954 |Data 0.001s |Batch 7.103s
Swin_l_pretrained_yolo_l| train: total_epoch[2/100] total_batch[3588/184800] batch[1740/1848] |size: 64x3x704x704 |lr: 0.00150786 |Tot: 3:18:18 |ETA: 0:14:31 |loss 8.5587 |conf_loss 3.6510 |cls_loss 2.1516 |iou_loss 2.7561 |num_fg 4.9972 |Data 0.001s |Batch 5.010s
Swin_l_pretrained_yolo_l| train: total_epoch[2/100] total_batch[3598/184800] batch[1750/1848] |size: 64x3x736x736 |lr: 0.00151628 |Tot: 3:19:49 |ETA: 0:14:57 |loss 8.5554 |conf_loss 3.6502 |cls_loss 2.1497 |iou_loss 2.7554 |num_fg 4.9992 |Data 0.009s |Batch 5.625s
Swin_l_pretrained_yolo_l| train: total_epoch[2/100] total_batch[3608/184800] batch[1760/1848] |size: 64x3x736x736 |lr: 0.00152472 |Tot: 3:20:48 |ETA: 0:08:42 |loss 8.5514 |conf_loss 3.6489 |cls_loss 2.1476 |iou_loss 2.7549 |num_fg 5.0009 |Data 0.045s |Batch 5.586s
Swin_l_pretrained_yolo_l| train: total_epoch[2/100] total_batch[3618/184800] batch[1770/1848] |size: 64x3x512x512 |lr: 0.00153318 |Tot: 3:22:11 |ETA: 0:11:08 |loss 8.5478 |conf_loss 3.6471 |cls_loss 2.1461 |iou_loss 2.7547 |num_fg 5.0007 |Data 0.009s |Batch 4.988s
Swin_l_pretrained_yolo_l| train: total_epoch[2/100] total_batch[3628/184800] batch[1780/1848] |size: 64x3x704x704 |lr: 0.00154167 |Tot: 3:23:06 |ETA: 0:06:18 |loss 8.5451 |conf_loss 3.6467 |cls_loss 2.1443 |iou_loss 2.7542 |num_fg 5.0025 |Data 0.011s |Batch 5.131s
Swin_l_pretrained_yolo_l| train: total_epoch[2/100] total_batch[3638/184800] batch[1790/1848] |size: 64x3x544x544 |lr: 0.00155018 |Tot: 3:23:56 |ETA: 0:04:48 |loss 8.5411 |conf_loss 3.6447 |cls_loss 2.1425 |iou_loss 2.7539 |num_fg 5.0026 |Data 0.006s |Batch 5.777s
Swin_l_pretrained_yolo_l| train: total_epoch[2/100] total_batch[3648/184800] batch[1800/1848] |size: 64x3x448x448 |lr: 0.00155871 |Tot: 3:24:47 |ETA: 0:04:12 |loss 8.5366 |conf_loss 3.6417 |cls_loss 2.1408 |iou_loss 2.7541 |num_fg 5.0010 |Data 0.031s |Batch 5.514s
Swin_l_pretrained_yolo_l| train: total_epoch[2/100] total_batch[3658/184800] batch[1810/1848] |size: 64x3x448x448 |lr: 0.00156727 |Tot: 3:25:39 |ETA: 0:03:27 |loss 8.5322 |conf_loss 3.6388 |cls_loss 2.1394 |iou_loss 2.7540 |num_fg 5.0001 |Data 0.020s |Batch 5.213s
Swin_l_pretrained_yolo_l| train: total_epoch[2/100] total_batch[3668/184800] batch[1820/1848] |size: 64x3x512x512 |lr: 0.00157585 |Tot: 3:26:36 |ETA: 0:02:42 |loss 8.5282 |conf_loss 3.6366 |cls_loss 2.1379 |iou_loss 2.7538 |num_fg 5.0000 |Data 0.009s |Batch 5.951s
Swin_l_pretrained_yolo_l| train: total_epoch[2/100] total_batch[3678/184800] batch[1830/1848] |size: 64x3x768x768 |lr: 0.00158445 |Tot: 3:27:56 |ETA: 0:02:38 |loss 8.5247 |conf_loss 3.6359 |cls_loss 2.1356 |iou_loss 2.7531 |num_fg 5.0023 |Data 0.001s |Batch 3.465s
Swin_l_pretrained_yolo_l| train: total_epoch[2/100] total_batch[3688/184800] batch[1840/1848] |size: 64x3x448x448 |lr: 0.00159308 |Tot: 3:28:23 |ETA: 0:00:26 |loss 8.5215 |conf_loss 3.6340 |cls_loss 2.1342 |iou_loss 2.7534 |num_fg 5.0009 |Data 0.001s |Batch 1.945s
/user/home/bq18557/work-env/lib/python3.8/site-packages/torch/nn/parallel/_functions.py:68: UserWarning: Was asked to gather along dimension 0, but all input tensors were scalars; will instead unsqueeze and return a vector.
  warnings.warn('Was asked to gather along dimension 0, but all '
Swin_l_pretrained_yolo_l| val: total_epoch[2/100] total_batch[10/79] batch[10/79] |size: 64x3x640x640 |lr: 0.00160000 |Tot: 0:01:50 |ETA: 0:13:47 |loss 6.4838 |conf_loss 2.7700 |cls_loss 1.2036 |iou_loss 2.5102 |num_fg 6.0754 |Data 0.027s |Batch 4.155s
Traceback (most recent call last):
  File "train.py", line 213, in <module>
    main()
  File "train.py", line 200, in main
    train(model, scaler, train_loader, val_loader, optimizer, lr_scheduler, start_epoch, no_aug)
  File "train.py", line 131, in train
    loss_dict_val, preds = run_epoch(ema.ema, optimizer, None, None, "val", epoch, val_loader,
  File "train.py", line 67, in run_epoch
    yolo_outputs, loss_stats = model_with_loss(inps, targets=targets)
  File "/user/home/bq18557/work-env/lib/python3.8/site-packages/torch/nn/modules/module.py", line 1110, in _call_impl
    return forward_call(*input, **kwargs)
  File "/user/home/bq18557/Transformer-YOLOX/models/yolox.py", line 108, in forward
    body_feats = self.backbone(inputs)
  File "/user/home/bq18557/work-env/lib/python3.8/site-packages/torch/nn/modules/module.py", line 1110, in _call_impl
    return forward_call(*input, **kwargs)
  File "/user/home/bq18557/Transformer-YOLOX/models/backbone/swin_transformer.py", line 735, in forward
    x_out, H, W, x, Wh, Ww = layer(x, Wh, Ww)
  File "/user/home/bq18557/work-env/lib/python3.8/site-packages/torch/nn/modules/module.py", line 1110, in _call_impl
    return forward_call(*input, **kwargs)
  File "/user/home/bq18557/Transformer-YOLOX/models/backbone/swin_transformer.py", line 508, in forward
    x = blk(x, attn_mask)
  File "/user/home/bq18557/work-env/lib/python3.8/site-packages/torch/nn/modules/module.py", line 1110, in _call_impl
    return forward_call(*input, **kwargs)
  File "/user/home/bq18557/Transformer-YOLOX/models/backbone/swin_transformer.py", line 345, in forward
    attn_windows = self.attn(x_windows, mask=attn_mask)  # nW*B, window_size*window_size, C
  File "/user/home/bq18557/work-env/lib/python3.8/site-packages/torch/nn/modules/module.py", line 1110, in _call_impl
    return forward_call(*input, **kwargs)
  File "/user/home/bq18557/Transformer-YOLOX/models/backbone/swin_transformer.py", line 253, in forward
    attn = attn.view(B_ // nW, nW, self.num_heads, N, N) + mask.unsqueeze(1).unsqueeze(0)
RuntimeError: CUDA out of memory. Tried to allocate 932.00 MiB (GPU 0; 10.76 GiB total capacity; 5.92 GiB already allocated; 557.44 MiB free; 8.88 GiB reserved in total by PyTorch) If reserved memory is >> allocated memory try setting max_split_size_mb to avoid fragmentation.  See documentation for Memory Management and PYTORCH_CUDA_ALLOC_CONF
