cpu-bind=MASK - bp1-gpu008, task 4294967295 4294967295 [0]: mask 0x101 set
==>> input params: ['gpus=0,1', 'backbone=SwinTiny-l', 'num_epochs=3', 'exp_id=coco_Swin_tiny_224X224_yolo_head_small', 'use_amp=True', 'val_intervals=2', 'data_num_workers=1', 'batch_size=4']
[INFO] change param: gpus 0 -> (0, 1) ('tuple')
[INFO] change param: backbone CSPDarknet-s -> SwinTiny-l ('str')
[INFO] change param: num_epochs 300 -> 3 ('int')
[INFO] change param: exp_id coco_CSPDarknet-s_640x640 -> coco_Swin_tiny_224X224_yolo_head_small ('str')
[INFO] change param: use_amp False -> True ('bool')
[INFO] same param: val_intervals=2 ('int')
[INFO] change param: data_num_workers 4 -> 1 ('int')
[INFO] change param: batch_size 24 -> 4 ('int')
[INFO] re-change param: gpus [0, 1] to 0,1 'str' 

-------------------- final config: --------------------
{'exp_id': 'coco_Swin_tiny_224X224_yolo_head_small', 'dataset_path': '/user/home/bq18557/scratch/COCO', 'backbone': 'SwinTiny-l', 'input_size': [640, 640], 'random_size': [14, 26], 'test_size': [640, 640], 'gpus': [0, 1], 'batch_size': 4, 'master_batch_size': 2, 'num_epochs': 3, 'label_name': ['person', 'bicycle', 'car', 'motorcycle', 'airplane', 'bus', 'train', 'truck', 'boat', 'traffic light', 'fire hydrant', 'stop sign', 'parking meter', 'bench', 'bird', 'cat', 'dog', 'horse', 'sheep', 'cow', 'elephant', 'bear', 'zebra', 'giraffe', 'backpack', 'umbrella', 'handbag', 'tie', 'suitcase', 'frisbee', 'skis', 'snowboard', 'sports ball', 'kite', 'baseball bat', 'baseball glove', 'skateboard', 'surfboard', 'tennis racket', 'bottle', 'wine glass', 'cup', 'fork', 'knife', 'spoon', 'bowl', 'banana', 'apple', 'sandwich', 'orange', 'broccoli', 'carrot', 'hot dog', 'pizza', 'donut', 'cake', 'chair', 'couch', 'potted plant', 'bed', 'dining table', 'toilet', 'tv', 'laptop', 'mouse', 'remote', 'keyboard', 'cell phone', 'microwave', 'oven', 'toaster', 'sink', 'refrigerator', 'book', 'clock', 'vase', 'scissors', 'teddy bear', 'hair drier', 'toothbrush'], 'reid_dim': 0, 'tracking_id_nums': None, 'warmup_lr': 0, 'basic_lr_per_img': 0.00015625, 'scheduler': 'yoloxwarmcos', 'no_aug_epochs': 15, 'min_lr_ratio': 0.05, 'weight_decay': 0.0005, 'warmup_epochs': 5, 'depth_wise': False, 'stride': [8, 16, 32], 'degrees': 10.0, 'translate': 0.1, 'scale': [0.1, 2], 'shear': 2.0, 'perspective': 0.0, 'enable_mixup': True, 'seed': None, 'mosaic_prob': 1.0, 'mixup_prob': 1.0, 'data_num_workers': 1, 'momentum': 0.9, 'vis_thresh': 0.3, 'load_model': '', 'ema': True, 'grad_clip': {'max_norm': 35, 'norm_type': 2}, 'print_iter': 1, 'val_intervals': 2, 'save_epoch': 1, 'resume': False, 'use_amp': True, 'cuda_benchmark': False, 'nms_thresh': 0.65, 'occupy_mem': False, 'rgb_means': [0.485, 0.456, 0.406], 'std': [0.229, 0.224, 0.225], 'train_ann': '/user/home/bq18557/scratch/COCO/annotations/instances_train2017.json', 'val_ann': '/user/home/bq18557/scratch/COCO/annotations/instances_val2017.json', 'data_dir': '/user/home/bq18557/scratch/COCO/images', 'num_classes': 80, 'gpus_str': '0,1', 'chunk_sizes': [2, 2], 'root_dir': '/user/home/bq18557/yolox-pytorch', 'save_dir': '/user/home/bq18557/yolox-pytorch/exp/coco_Swin_tiny_224X224_yolo_head_small'}
log file will be saved to /user/home/bq18557/yolox-pytorch/exp/coco_Swin_tiny_224X224_yolo_head_small/logs_2022-03-19-19-07/log.txt
Traceback (most recent call last):
  File "train.py", line 210, in <module>
    main()
  File "train.py", line 156, in main
    model = get_model(opt)
  File "/user/home/bq18557/yolox-pytorch/models/yolox.py", line 35, in get_model
    backbone = SwinTransformer(pretrain_img_size=224, yolo_width=width)
  File "/user/home/bq18557/yolox-pytorch/models/backbone/swin_transformer.py", line 622, in __init__
    self.clb1 = BaseConv(192, yolo_width*64*4, 1, stride=1, act="lrelu")
  File "/user/home/bq18557/yolox-pytorch/models/backbone/network_blocks.py", line 38, in __init__
    self.conv = nn.Conv2d(
  File "/user/home/bq18557/work-env/lib/python3.8/site-packages/torch/nn/modules/conv.py", line 434, in __init__
    super(Conv2d, self).__init__(
  File "/user/home/bq18557/work-env/lib/python3.8/site-packages/torch/nn/modules/conv.py", line 131, in __init__
    self.weight = Parameter(torch.empty(
TypeError: empty() received an invalid combination of arguments - got (tuple, dtype=NoneType, device=NoneType), but expected one of:
 * (tuple of ints size, *, tuple of names names, torch.memory_format memory_format, torch.dtype dtype, torch.layout layout, torch.device device, bool pin_memory, bool requires_grad)
 * (tuple of ints size, *, torch.memory_format memory_format, Tensor out, torch.dtype dtype, torch.layout layout, torch.device device, bool pin_memory, bool requires_grad)

