cpu-bind=MASK - bp1-gpu008, task 4294967295 4294967295 [0]: mask 0x101 set
==>> input params: ['gpus=0,1', 'backbone=SwinTiny-l', 'num_epochs=3', 'exp_id=coco_Swin_tiny_224X224_yolo_head_small', 'use_amp=True', 'val_intervals=2', 'data_num_workers=1', 'batch_size=4']
[INFO] change param: gpus 0 -> (0, 1) ('tuple')
[INFO] change param: backbone CSPDarknet-s -> SwinTiny-l ('str')
[INFO] change param: num_epochs 300 -> 3 ('int')
[INFO] change param: exp_id coco_CSPDarknet-s_640x640 -> coco_Swin_tiny_224X224_yolo_head_small ('str')
[INFO] change param: use_amp False -> True ('bool')
[INFO] same param: val_intervals=2 ('int')
[INFO] change param: data_num_workers 4 -> 1 ('int')
[INFO] change param: batch_size 24 -> 4 ('int')
[INFO] re-change param: gpus [0, 1] to 0,1 'str' 

-------------------- final config: --------------------
{'exp_id': 'coco_Swin_tiny_224X224_yolo_head_small', 'dataset_path': '/user/home/bq18557/scratch/COCO', 'backbone': 'SwinTiny-l', 'input_size': [640, 640], 'random_size': [14, 26], 'test_size': [640, 640], 'gpus': [0, 1], 'batch_size': 4, 'master_batch_size': 2, 'num_epochs': 3, 'label_name': ['person', 'bicycle', 'car', 'motorcycle', 'airplane', 'bus', 'train', 'truck', 'boat', 'traffic light', 'fire hydrant', 'stop sign', 'parking meter', 'bench', 'bird', 'cat', 'dog', 'horse', 'sheep', 'cow', 'elephant', 'bear', 'zebra', 'giraffe', 'backpack', 'umbrella', 'handbag', 'tie', 'suitcase', 'frisbee', 'skis', 'snowboard', 'sports ball', 'kite', 'baseball bat', 'baseball glove', 'skateboard', 'surfboard', 'tennis racket', 'bottle', 'wine glass', 'cup', 'fork', 'knife', 'spoon', 'bowl', 'banana', 'apple', 'sandwich', 'orange', 'broccoli', 'carrot', 'hot dog', 'pizza', 'donut', 'cake', 'chair', 'couch', 'potted plant', 'bed', 'dining table', 'toilet', 'tv', 'laptop', 'mouse', 'remote', 'keyboard', 'cell phone', 'microwave', 'oven', 'toaster', 'sink', 'refrigerator', 'book', 'clock', 'vase', 'scissors', 'teddy bear', 'hair drier', 'toothbrush'], 'reid_dim': 0, 'tracking_id_nums': None, 'warmup_lr': 0, 'basic_lr_per_img': 0.00015625, 'scheduler': 'yoloxwarmcos', 'no_aug_epochs': 15, 'min_lr_ratio': 0.05, 'weight_decay': 0.0005, 'warmup_epochs': 5, 'depth_wise': False, 'stride': [8, 16, 32], 'degrees': 10.0, 'translate': 0.1, 'scale': [0.1, 2], 'shear': 2.0, 'perspective': 0.0, 'enable_mixup': True, 'seed': None, 'mosaic_prob': 1.0, 'mixup_prob': 1.0, 'data_num_workers': 1, 'momentum': 0.9, 'vis_thresh': 0.3, 'load_model': '', 'ema': True, 'grad_clip': {'max_norm': 35, 'norm_type': 2}, 'print_iter': 1, 'val_intervals': 2, 'save_epoch': 1, 'resume': False, 'use_amp': True, 'cuda_benchmark': False, 'nms_thresh': 0.65, 'occupy_mem': False, 'rgb_means': [0.485, 0.456, 0.406], 'std': [0.229, 0.224, 0.225], 'train_ann': '/user/home/bq18557/scratch/COCO/annotations/instances_train2017.json', 'val_ann': '/user/home/bq18557/scratch/COCO/annotations/instances_val2017.json', 'data_dir': '/user/home/bq18557/scratch/COCO/images', 'num_classes': 80, 'gpus_str': '0,1', 'chunk_sizes': [2, 2], 'root_dir': '/user/home/bq18557/yolox-pytorch', 'save_dir': '/user/home/bq18557/yolox-pytorch/exp/coco_Swin_tiny_224X224_yolo_head_small'}
log file will be saved to /user/home/bq18557/yolox-pytorch/exp/coco_Swin_tiny_224X224_yolo_head_small/logs_2022-03-19-19-17/log.txt
================================================================================
Layer (type:depth-idx)                                  Param #
================================================================================
YOLOX                                                   --
├─SwinTransformer: 1-1                                  --
│    └─BaseConv: 2-1                                    --
│    │    └─Conv2d: 3-1                                 49,152
│    │    └─BatchNorm2d: 3-2                            512
│    │    └─LeakyReLU: 3-3                              --
│    └─BaseConv: 2-2                                    --
│    │    └─Conv2d: 3-4                                 196,608
│    │    └─BatchNorm2d: 3-5                            1,024
│    │    └─LeakyReLU: 3-6                              --
│    └─BaseConv: 2-3                                    --
│    │    └─Conv2d: 3-7                                 786,432
│    │    └─BatchNorm2d: 3-8                            2,048
│    │    └─LeakyReLU: 3-9                              --
│    └─PatchEmbed: 2-4                                  --
│    │    └─Conv2d: 3-10                                4,704
│    │    └─LayerNorm: 3-11                             192
│    └─Dropout: 2-5                                     --
│    └─ModuleList: 2-6                                  --
│    │    └─BasicLayer: 3-12                            299,190
│    │    └─BasicLayer: 3-13                            1,188,204
│    │    └─BasicLayer: 3-14                            11,841,672
│    │    └─BasicLayer: 3-15                            14,183,856
│    └─LayerNorm: 2-7                                   192
│    └─LayerNorm: 2-8                                   384
│    └─LayerNorm: 2-9                                   768
│    └─LayerNorm: 2-10                                  1,536
├─YOLOXPAFPN: 1-2                                       --
│    └─Upsample: 2-11                                   --
│    └─BaseConv: 2-12                                   --
│    │    └─Conv2d: 3-16                                524,288
│    │    └─BatchNorm2d: 3-17                           1,024
│    │    └─SiLU: 3-18                                  --
│    └─CSPLayer: 2-13                                   --
│    │    └─BaseConv: 3-19                              262,656
│    │    └─BaseConv: 3-20                              262,656
│    │    └─BaseConv: 3-21                              263,168
│    │    └─Sequential: 3-22                            1,969,152
│    └─BaseConv: 2-14                                   --
│    │    └─Conv2d: 3-23                                131,072
│    │    └─BatchNorm2d: 3-24                           512
│    │    └─SiLU: 3-25                                  --
│    └─CSPLayer: 2-15                                   --
│    │    └─BaseConv: 3-26                              65,792
│    │    └─BaseConv: 3-27                              65,792
│    │    └─BaseConv: 3-28                              66,048
│    │    └─Sequential: 3-29                            493,056
│    └─BaseConv: 2-16                                   --
│    │    └─Conv2d: 3-30                                589,824
│    │    └─BatchNorm2d: 3-31                           512
│    │    └─SiLU: 3-32                                  --
│    └─CSPLayer: 2-17                                   --
│    │    └─BaseConv: 3-33                              131,584
│    │    └─BaseConv: 3-34                              131,584
│    │    └─BaseConv: 3-35                              263,168
│    │    └─Sequential: 3-36                            1,969,152
│    └─BaseConv: 2-18                                   --
│    │    └─Conv2d: 3-37                                2,359,296
│    │    └─BatchNorm2d: 3-38                           1,024
│    │    └─SiLU: 3-39                                  --
│    └─CSPLayer: 2-19                                   --
│    │    └─BaseConv: 3-40                              525,312
│    │    └─BaseConv: 3-41                              525,312
│    │    └─BaseConv: 3-42                              1,050,624
│    │    └─Sequential: 3-43                            7,870,464
├─YOLOXHead: 1-3                                        --
│    └─ModuleList: 2-20                                 --
│    │    └─BaseConv: 3-44                              66,048
│    │    └─BaseConv: 3-45                              131,584
│    │    └─BaseConv: 3-46                              262,656
│    └─ModuleList: 2-21                                 --
│    │    └─Sequential: 3-47                            1,180,672
│    │    └─Sequential: 3-48                            1,180,672
│    │    └─Sequential: 3-49                            1,180,672
│    └─ModuleList: 2-22                                 --
│    │    └─Sequential: 3-50                            1,180,672
│    │    └─Sequential: 3-51                            1,180,672
│    │    └─Sequential: 3-52                            1,180,672
│    └─ModuleList: 2-23                                 --
│    │    └─Conv2d: 3-53                                20,560
│    │    └─Conv2d: 3-54                                20,560
│    │    └─Conv2d: 3-55                                20,560
│    └─ModuleList: 2-24                                 --
│    │    └─Conv2d: 3-56                                1,028
│    │    └─Conv2d: 3-57                                1,028
│    │    └─Conv2d: 3-58                                1,028
│    └─ModuleList: 2-25                                 --
│    │    └─Conv2d: 3-59                                257
│    │    └─Conv2d: 3-60                                257
│    │    └─Conv2d: 3-61                                257
├─YOLOXLoss: 1-4                                        --
│    └─L1Loss: 2-26                                     --
│    └─BCEWithLogitsLoss: 2-27                          --
│    └─IOUloss: 2-28                                    --
================================================================================
Total params: 55,666,079
Trainable params: 55,666,079
Non-trainable params: 0
================================================================================
================================================================================
Layer (type:depth-idx)                                  Param #
================================================================================
YOLOX                                                   --
├─SwinTransformer: 1-1                                  --
│    └─BaseConv: 2-1                                    --
│    │    └─Conv2d: 3-1                                 49,152
│    │    └─BatchNorm2d: 3-2                            512
│    │    └─LeakyReLU: 3-3                              --
│    └─BaseConv: 2-2                                    --
│    │    └─Conv2d: 3-4                                 196,608
│    │    └─BatchNorm2d: 3-5                            1,024
│    │    └─LeakyReLU: 3-6                              --
│    └─BaseConv: 2-3                                    --
│    │    └─Conv2d: 3-7                                 786,432
│    │    └─BatchNorm2d: 3-8                            2,048
│    │    └─LeakyReLU: 3-9                              --
│    └─PatchEmbed: 2-4                                  --
│    │    └─Conv2d: 3-10                                4,704
│    │    └─LayerNorm: 3-11                             192
│    └─Dropout: 2-5                                     --
│    └─ModuleList: 2-6                                  --
│    │    └─BasicLayer: 3-12                            299,190
│    │    └─BasicLayer: 3-13                            1,188,204
│    │    └─BasicLayer: 3-14                            11,841,672
│    │    └─BasicLayer: 3-15                            14,183,856
│    └─LayerNorm: 2-7                                   192
│    └─LayerNorm: 2-8                                   384
│    └─LayerNorm: 2-9                                   768
│    └─LayerNorm: 2-10                                  1,536
├─YOLOXPAFPN: 1-2                                       --
│    └─Upsample: 2-11                                   --
│    └─BaseConv: 2-12                                   --
│    │    └─Conv2d: 3-16                                524,288
│    │    └─BatchNorm2d: 3-17                           1,024
│    │    └─SiLU: 3-18                                  --
│    └─CSPLayer: 2-13                                   --
│    │    └─BaseConv: 3-19                              262,656
│    │    └─BaseConv: 3-20                              262,656
│    │    └─BaseConv: 3-21                              263,168
│    │    └─Sequential: 3-22                            1,969,152
│    └─BaseConv: 2-14                                   --
│    │    └─Conv2d: 3-23                                131,072
│    │    └─BatchNorm2d: 3-24                           512
│    │    └─SiLU: 3-25                                  --
│    └─CSPLayer: 2-15                                   --
│    │    └─BaseConv: 3-26                              65,792
│    │    └─BaseConv: 3-27                              65,792
│    │    └─BaseConv: 3-28                              66,048
│    │    └─Sequential: 3-29                            493,056
│    └─BaseConv: 2-16                                   --
│    │    └─Conv2d: 3-30                                589,824
│    │    └─BatchNorm2d: 3-31                           512
│    │    └─SiLU: 3-32                                  --
│    └─CSPLayer: 2-17                                   --
│    │    └─BaseConv: 3-33                              131,584
│    │    └─BaseConv: 3-34                              131,584
│    │    └─BaseConv: 3-35                              263,168
│    │    └─Sequential: 3-36                            1,969,152
│    └─BaseConv: 2-18                                   --
│    │    └─Conv2d: 3-37                                2,359,296
│    │    └─BatchNorm2d: 3-38                           1,024
│    │    └─SiLU: 3-39                                  --
│    └─CSPLayer: 2-19                                   --
│    │    └─BaseConv: 3-40                              525,312
│    │    └─BaseConv: 3-41                              525,312
│    │    └─BaseConv: 3-42                              1,050,624
│    │    └─Sequential: 3-43                            7,870,464
├─YOLOXHead: 1-3                                        --
│    └─ModuleList: 2-20                                 --
│    │    └─BaseConv: 3-44                              66,048
│    │    └─BaseConv: 3-45                              131,584
│    │    └─BaseConv: 3-46                              262,656
│    └─ModuleList: 2-21                                 --
│    │    └─Sequential: 3-47                            1,180,672
│    │    └─Sequential: 3-48                            1,180,672
│    │    └─Sequential: 3-49                            1,180,672
│    └─ModuleList: 2-22                                 --
│    │    └─Sequential: 3-50                            1,180,672
│    │    └─Sequential: 3-51                            1,180,672
│    │    └─Sequential: 3-52                            1,180,672
│    └─ModuleList: 2-23                                 --
│    │    └─Conv2d: 3-53                                20,560
│    │    └─Conv2d: 3-54                                20,560
│    │    └─Conv2d: 3-55                                20,560
│    └─ModuleList: 2-24                                 --
│    │    └─Conv2d: 3-56                                1,028
│    │    └─Conv2d: 3-57                                1,028
│    │    └─Conv2d: 3-58                                1,028
│    └─ModuleList: 2-25                                 --
│    │    └─Conv2d: 3-59                                257
│    │    └─Conv2d: 3-60                                257
│    │    └─Conv2d: 3-61                                257
├─YOLOXLoss: 1-4                                        --
│    └─L1Loss: 2-26                                     --
│    └─BCEWithLogitsLoss: 2-27                          --
│    └─IOUloss: 2-28                                    --
================================================================================
Total params: 55,666,079
Trainable params: 55,666,079
Non-trainable params: 0
================================================================================
==> Loading train2017 annotation /user/home/bq18557/scratch/COCO/annotations/instances_train2017.json
loading annotations into memory...
Done (t=16.05s)
creating index...
index created!
images number 118287
==> Loading val2017 annotation /user/home/bq18557/scratch/COCO/annotations/instances_val2017.json
loading annotations into memory...
Done (t=0.52s)
creating index...
index created!
images number 5000
classes index: [1, 2, 3, 4, 5, 6, 7, 8, 9, 10, 11, 13, 14, 15, 16, 17, 18, 19, 20, 21, 22, 23, 24, 25, 27, 28, 31, 32, 33, 34, 35, 36, 37, 38, 39, 40, 41, 42, 43, 44, 46, 47, 48, 49, 50, 51, 52, 53, 54, 55, 56, 57, 58, 59, 60, 61, 62, 63, 64, 65, 67, 70, 72, 73, 74, 75, 76, 77, 78, 79, 80, 81, 82, 84, 85, 86, 87, 88, 89, 90]
class names in dataset: ['person', 'bicycle', 'car', 'motorcycle', 'airplane', 'bus', 'train', 'truck', 'boat', 'traffic light', 'fire hydrant', 'stop sign', 'parking meter', 'bench', 'bird', 'cat', 'dog', 'horse', 'sheep', 'cow', 'elephant', 'bear', 'zebra', 'giraffe', 'backpack', 'umbrella', 'handbag', 'tie', 'suitcase', 'frisbee', 'skis', 'snowboard', 'sports ball', 'kite', 'baseball bat', 'baseball glove', 'skateboard', 'surfboard', 'tennis racket', 'bottle', 'wine glass', 'cup', 'fork', 'knife', 'spoon', 'bowl', 'banana', 'apple', 'sandwich', 'orange', 'broccoli', 'carrot', 'hot dog', 'pizza', 'donut', 'cake', 'chair', 'couch', 'potted plant', 'bed', 'dining table', 'toilet', 'tv', 'laptop', 'mouse', 'remote', 'keyboard', 'cell phone', 'microwave', 'oven', 'toaster', 'sink', 'refrigerator', 'book', 'clock', 'vase', 'scissors', 'teddy bear', 'hair drier', 'toothbrush']
shuffle images list in /user/home/bq18557/scratch/COCO/annotations/instances_train2017.json
multi size training: [[448, 448], [480, 480], [512, 512], [544, 544], [576, 576], [608, 608], [640, 640], [672, 672], [704, 704], [736, 736], [768, 768], [800, 800]]
/user/home/bq18557/work-env/lib/python3.8/site-packages/torch/functional.py:568: UserWarning: torch.meshgrid: in an upcoming release, it will be required to pass the indexing argument. (Triggered internally at  ../aten/src/ATen/native/TensorShape.cpp:2228.)
  return _VF.meshgrid(tensors, **kwargs)  # type: ignore[attr-defined]
[ WARN:0@82.052] global /io/opencv/modules/imgcodecs/src/loadsave.cpp (239) findDecoder imread_('/user/home/bq18557/yolox-pytorch/data/dataset/coco_dataset/train2017/000000266517.jpg'): can't open/read file: check file path/integrity
[ WARN:0@82.087] global /io/opencv/modules/imgcodecs/src/loadsave.cpp (239) findDecoder imread_('/user/home/bq18557/yolox-pytorch/data/dataset/coco_dataset/train2017/000000536204.jpg'): can't open/read file: check file path/integrity
[ WARN:0@82.128] global /io/opencv/modules/imgcodecs/src/loadsave.cpp (239) findDecoder imread_('/user/home/bq18557/yolox-pytorch/data/dataset/coco_dataset/train2017/000000235609.jpg'): can't open/read file: check file path/integrity
Traceback (most recent call last):
  File "train.py", line 210, in <module>
    main()
  File "train.py", line 197, in main
    train(model, scaler, train_loader, val_loader, optimizer, lr_scheduler, start_epoch, no_aug)
  File "train.py", line 123, in train
    loss_dict_train, _ = run_epoch(model, optimizer, scaler, ema, "train", epoch, train_loader,
  File "train.py", line 41, in run_epoch
    for iter_id, (inps, targets, img_info, ind) in enumerate(data_loader):
  File "/user/home/bq18557/work-env/lib/python3.8/site-packages/torch/utils/data/dataloader.py", line 530, in __next__
    data = self._next_data()
  File "/user/home/bq18557/work-env/lib/python3.8/site-packages/torch/utils/data/dataloader.py", line 1224, in _next_data
    return self._process_data(data)
  File "/user/home/bq18557/work-env/lib/python3.8/site-packages/torch/utils/data/dataloader.py", line 1250, in _process_data
    data.reraise()
  File "/user/home/bq18557/work-env/lib/python3.8/site-packages/torch/_utils.py", line 457, in reraise
    raise exception
AssertionError: Caught AssertionError in DataLoader worker process 0.
Original Traceback (most recent call last):
  File "/user/home/bq18557/work-env/lib/python3.8/site-packages/torch/utils/data/_utils/worker.py", line 287, in _worker_loop
    data = fetcher.fetch(index)
  File "/user/home/bq18557/work-env/lib/python3.8/site-packages/torch/utils/data/_utils/fetch.py", line 49, in fetch
    data = [self.dataset[idx] for idx in possibly_batched_index]
  File "/user/home/bq18557/work-env/lib/python3.8/site-packages/torch/utils/data/_utils/fetch.py", line 49, in <listcomp>
    data = [self.dataset[idx] for idx in possibly_batched_index]
  File "/user/home/bq18557/yolox-pytorch/data/dataset.py", line 249, in __getitem__
    img, label, img_info, img_id = self.pull_item(idx)
  File "/user/home/bq18557/yolox-pytorch/data/dataset.py", line 177, in pull_item
    assert img is not None, "error img {}".format(img_file)
AssertionError: error img /user/home/bq18557/yolox-pytorch/data/dataset/coco_dataset/train2017/000000266517.jpg

