cpu-bind=MASK - bp1-gpu026, task 4294967295 4294967295 [0]: mask 0x101 set
==>> input params: ['gpus=0,1,2,3', 'backbone=Swin-l', 'num_epochs=100', 'exp_id=Swin_l_pretrained_yolo_l', 'use_amp=True', 'val_intervals=2', 'data_num_workers=14', 'batch_size=20', 'random_size=[14,24]', 'input_size=[608,608]', 'test_size=[608,608]', 'swin_pretrained=True', 'swin_weights_path=weights/swin_t.pth']
[INFO] change param: gpus 0 -> (0, 1, 2, 3) ('tuple')
[INFO] change param: backbone CSPDarknet-s -> Swin-l ('str')
[INFO] change param: num_epochs 300 -> 100 ('int')
[INFO] change param: exp_id gputest1 -> Swin_l_pretrained_yolo_l ('str')
[INFO] change param: use_amp False -> True ('bool')
[INFO] same param: val_intervals=2 ('int')
[INFO] change param: data_num_workers 4 -> 14 ('int')
[INFO] change param: batch_size 24 -> 20 ('int')
[INFO] change param: random_size None -> [14, 24] ('list')
[INFO] change param: input_size [640, 640] -> [608, 608] ('list')
[INFO] change param: test_size [640, 640] -> [608, 608] ('list')
[INFO] change param: swin_pretrained False -> True ('bool')
[INFO] change param: swin_weights_path None -> weights/swin_t.pth ('str')
[INFO] re-change param: gpus [0, 1, 2, 3] to 0,1,2,3 'str' 

-------------------- final config: --------------------
{'exp_id': 'Swin_l_pretrained_yolo_l', 'dataset_path': '/user/home/bq18557/scratch/COCO', 'backbone': 'Swin-l', 'input_size': [608, 608], 'random_size': [14, 24], 'test_size': [608, 608], 'gpus': [0, 1, 2, 3], 'batch_size': 20, 'master_batch_size': 5, 'num_epochs': 100, 'swin_pretrained': True, 'swin_weights_path': 'weights/swin_t.pth', 'label_name': ['person', 'bicycle', 'car', 'motorcycle', 'airplane', 'bus', 'train', 'truck', 'boat', 'traffic light', 'fire hydrant', 'stop sign', 'parking meter', 'bench', 'bird', 'cat', 'dog', 'horse', 'sheep', 'cow', 'elephant', 'bear', 'zebra', 'giraffe', 'backpack', 'umbrella', 'handbag', 'tie', 'suitcase', 'frisbee', 'skis', 'snowboard', 'sports ball', 'kite', 'baseball bat', 'baseball glove', 'skateboard', 'surfboard', 'tennis racket', 'bottle', 'wine glass', 'cup', 'fork', 'knife', 'spoon', 'bowl', 'banana', 'apple', 'sandwich', 'orange', 'broccoli', 'carrot', 'hot dog', 'pizza', 'donut', 'cake', 'chair', 'couch', 'potted plant', 'bed', 'dining table', 'toilet', 'tv', 'laptop', 'mouse', 'remote', 'keyboard', 'cell phone', 'microwave', 'oven', 'toaster', 'sink', 'refrigerator', 'book', 'clock', 'vase', 'scissors', 'teddy bear', 'hair drier', 'toothbrush'], 'reid_dim': 0, 'tracking_id_nums': None, 'warmup_lr': 0, 'basic_lr_per_img': 0.00015625, 'scheduler': 'yoloxwarmcos', 'no_aug_epochs': 15, 'min_lr_ratio': 0.05, 'weight_decay': 0.0005, 'warmup_epochs': 5, 'depth_wise': False, 'stride': [8, 16, 32], 'degrees': 10.0, 'translate': 0.1, 'scale': [0.1, 2], 'shear': 2.0, 'perspective': 0.0, 'enable_mixup': True, 'seed': None, 'mosaic_prob': 1.0, 'mixup_prob': 1.0, 'data_num_workers': 14, 'momentum': 0.9, 'vis_thresh': 0.3, 'load_model': '', 'ema': True, 'grad_clip': {'max_norm': 35, 'norm_type': 2}, 'print_iter': 10, 'val_intervals': 2, 'save_epoch': 1, 'resume': False, 'use_amp': True, 'cuda_benchmark': False, 'nms_thresh': 0.65, 'occupy_mem': False, 'cache': False, 'rgb_means': [0.485, 0.456, 0.406], 'std': [0.229, 0.224, 0.225], 'train_ann': '/user/home/bq18557/scratch/COCO/annotations/instances_train2017.json', 'val_ann': '/user/home/bq18557/scratch/COCO/annotations/instances_val2017.json', 'data_dir': '/user/home/bq18557/scratch/COCO', 'num_classes': 80, 'gpus_str': '0,1,2,3', 'chunk_sizes': [5, 5, 5, 5], 'root_dir': '/user/home/bq18557/Transformer-YOLOX', 'save_dir': '/user/home/bq18557/Transformer-YOLOX/exp/Swin_l_pretrained_yolo_l'}
log file will be saved to /user/home/bq18557/Transformer-YOLOX/exp/Swin_l_pretrained_yolo_l/logs_2022-04-05-02-29/log.txt
Used pretrained model parameters:dict_keys(['backbone.patch_embed.proj.weight', 'backbone.patch_embed.proj.bias', 'backbone.patch_embed.norm.weight', 'backbone.patch_embed.norm.bias', 'backbone.layers.0.blocks.0.norm1.weight', 'backbone.layers.0.blocks.0.norm1.bias', 'backbone.layers.0.blocks.0.attn.relative_position_bias_table', 'backbone.layers.0.blocks.0.attn.relative_position_index', 'backbone.layers.0.blocks.0.attn.qkv.weight', 'backbone.layers.0.blocks.0.attn.qkv.bias', 'backbone.layers.0.blocks.0.attn.proj.weight', 'backbone.layers.0.blocks.0.attn.proj.bias', 'backbone.layers.0.blocks.0.norm2.weight', 'backbone.layers.0.blocks.0.norm2.bias', 'backbone.layers.0.blocks.0.mlp.fc1.weight', 'backbone.layers.0.blocks.0.mlp.fc1.bias', 'backbone.layers.0.blocks.0.mlp.fc2.weight', 'backbone.layers.0.blocks.0.mlp.fc2.bias', 'backbone.layers.0.blocks.1.norm1.weight', 'backbone.layers.0.blocks.1.norm1.bias', 'backbone.layers.0.blocks.1.attn.relative_position_bias_table', 'backbone.layers.0.blocks.1.attn.relative_position_index', 'backbone.layers.0.blocks.1.attn.qkv.weight', 'backbone.layers.0.blocks.1.attn.qkv.bias', 'backbone.layers.0.blocks.1.attn.proj.weight', 'backbone.layers.0.blocks.1.attn.proj.bias', 'backbone.layers.0.blocks.1.norm2.weight', 'backbone.layers.0.blocks.1.norm2.bias', 'backbone.layers.0.blocks.1.mlp.fc1.weight', 'backbone.layers.0.blocks.1.mlp.fc1.bias', 'backbone.layers.0.blocks.1.mlp.fc2.weight', 'backbone.layers.0.blocks.1.mlp.fc2.bias', 'backbone.layers.0.downsample.reduction.weight', 'backbone.layers.0.downsample.norm.weight', 'backbone.layers.0.downsample.norm.bias', 'backbone.layers.1.blocks.0.norm1.weight', 'backbone.layers.1.blocks.0.norm1.bias', 'backbone.layers.1.blocks.0.attn.relative_position_bias_table', 'backbone.layers.1.blocks.0.attn.relative_position_index', 'backbone.layers.1.blocks.0.attn.qkv.weight', 'backbone.layers.1.blocks.0.attn.qkv.bias', 'backbone.layers.1.blocks.0.attn.proj.weight', 'backbone.layers.1.blocks.0.attn.proj.bias', 'backbone.layers.1.blocks.0.norm2.weight', 'backbone.layers.1.blocks.0.norm2.bias', 'backbone.layers.1.blocks.0.mlp.fc1.weight', 'backbone.layers.1.blocks.0.mlp.fc1.bias', 'backbone.layers.1.blocks.0.mlp.fc2.weight', 'backbone.layers.1.blocks.0.mlp.fc2.bias', 'backbone.layers.1.blocks.1.norm1.weight', 'backbone.layers.1.blocks.1.norm1.bias', 'backbone.layers.1.blocks.1.attn.relative_position_bias_table', 'backbone.layers.1.blocks.1.attn.relative_position_index', 'backbone.layers.1.blocks.1.attn.qkv.weight', 'backbone.layers.1.blocks.1.attn.qkv.bias', 'backbone.layers.1.blocks.1.attn.proj.weight', 'backbone.layers.1.blocks.1.attn.proj.bias', 'backbone.layers.1.blocks.1.norm2.weight', 'backbone.layers.1.blocks.1.norm2.bias', 'backbone.layers.1.blocks.1.mlp.fc1.weight', 'backbone.layers.1.blocks.1.mlp.fc1.bias', 'backbone.layers.1.blocks.1.mlp.fc2.weight', 'backbone.layers.1.blocks.1.mlp.fc2.bias', 'backbone.layers.1.downsample.reduction.weight', 'backbone.layers.1.downsample.norm.weight', 'backbone.layers.1.downsample.norm.bias', 'backbone.layers.2.blocks.0.norm1.weight', 'backbone.layers.2.blocks.0.norm1.bias', 'backbone.layers.2.blocks.0.attn.relative_position_bias_table', 'backbone.layers.2.blocks.0.attn.relative_position_index', 'backbone.layers.2.blocks.0.attn.qkv.weight', 'backbone.layers.2.blocks.0.attn.qkv.bias', 'backbone.layers.2.blocks.0.attn.proj.weight', 'backbone.layers.2.blocks.0.attn.proj.bias', 'backbone.layers.2.blocks.0.norm2.weight', 'backbone.layers.2.blocks.0.norm2.bias', 'backbone.layers.2.blocks.0.mlp.fc1.weight', 'backbone.layers.2.blocks.0.mlp.fc1.bias', 'backbone.layers.2.blocks.0.mlp.fc2.weight', 'backbone.layers.2.blocks.0.mlp.fc2.bias', 'backbone.layers.2.blocks.1.norm1.weight', 'backbone.layers.2.blocks.1.norm1.bias', 'backbone.layers.2.blocks.1.attn.relative_position_bias_table', 'backbone.layers.2.blocks.1.attn.relative_position_index', 'backbone.layers.2.blocks.1.attn.qkv.weight', 'backbone.layers.2.blocks.1.attn.qkv.bias', 'backbone.layers.2.blocks.1.attn.proj.weight', 'backbone.layers.2.blocks.1.attn.proj.bias', 'backbone.layers.2.blocks.1.norm2.weight', 'backbone.layers.2.blocks.1.norm2.bias', 'backbone.layers.2.blocks.1.mlp.fc1.weight', 'backbone.layers.2.blocks.1.mlp.fc1.bias', 'backbone.layers.2.blocks.1.mlp.fc2.weight', 'backbone.layers.2.blocks.1.mlp.fc2.bias', 'backbone.layers.2.blocks.2.norm1.weight', 'backbone.layers.2.blocks.2.norm1.bias', 'backbone.layers.2.blocks.2.attn.relative_position_bias_table', 'backbone.layers.2.blocks.2.attn.relative_position_index', 'backbone.layers.2.blocks.2.attn.qkv.weight', 'backbone.layers.2.blocks.2.attn.qkv.bias', 'backbone.layers.2.blocks.2.attn.proj.weight', 'backbone.layers.2.blocks.2.attn.proj.bias', 'backbone.layers.2.blocks.2.norm2.weight', 'backbone.layers.2.blocks.2.norm2.bias', 'backbone.layers.2.blocks.2.mlp.fc1.weight', 'backbone.layers.2.blocks.2.mlp.fc1.bias', 'backbone.layers.2.blocks.2.mlp.fc2.weight', 'backbone.layers.2.blocks.2.mlp.fc2.bias', 'backbone.layers.2.blocks.3.norm1.weight', 'backbone.layers.2.blocks.3.norm1.bias', 'backbone.layers.2.blocks.3.attn.relative_position_bias_table', 'backbone.layers.2.blocks.3.attn.relative_position_index', 'backbone.layers.2.blocks.3.attn.qkv.weight', 'backbone.layers.2.blocks.3.attn.qkv.bias', 'backbone.layers.2.blocks.3.attn.proj.weight', 'backbone.layers.2.blocks.3.attn.proj.bias', 'backbone.layers.2.blocks.3.norm2.weight', 'backbone.layers.2.blocks.3.norm2.bias', 'backbone.layers.2.blocks.3.mlp.fc1.weight', 'backbone.layers.2.blocks.3.mlp.fc1.bias', 'backbone.layers.2.blocks.3.mlp.fc2.weight', 'backbone.layers.2.blocks.3.mlp.fc2.bias', 'backbone.layers.2.blocks.4.norm1.weight', 'backbone.layers.2.blocks.4.norm1.bias', 'backbone.layers.2.blocks.4.attn.relative_position_bias_table', 'backbone.layers.2.blocks.4.attn.relative_position_index', 'backbone.layers.2.blocks.4.attn.qkv.weight', 'backbone.layers.2.blocks.4.attn.qkv.bias', 'backbone.layers.2.blocks.4.attn.proj.weight', 'backbone.layers.2.blocks.4.attn.proj.bias', 'backbone.layers.2.blocks.4.norm2.weight', 'backbone.layers.2.blocks.4.norm2.bias', 'backbone.layers.2.blocks.4.mlp.fc1.weight', 'backbone.layers.2.blocks.4.mlp.fc1.bias', 'backbone.layers.2.blocks.4.mlp.fc2.weight', 'backbone.layers.2.blocks.4.mlp.fc2.bias', 'backbone.layers.2.blocks.5.norm1.weight', 'backbone.layers.2.blocks.5.norm1.bias', 'backbone.layers.2.blocks.5.attn.relative_position_bias_table', 'backbone.layers.2.blocks.5.attn.relative_position_index', 'backbone.layers.2.blocks.5.attn.qkv.weight', 'backbone.layers.2.blocks.5.attn.qkv.bias', 'backbone.layers.2.blocks.5.attn.proj.weight', 'backbone.layers.2.blocks.5.attn.proj.bias', 'backbone.layers.2.blocks.5.norm2.weight', 'backbone.layers.2.blocks.5.norm2.bias', 'backbone.layers.2.blocks.5.mlp.fc1.weight', 'backbone.layers.2.blocks.5.mlp.fc1.bias', 'backbone.layers.2.blocks.5.mlp.fc2.weight', 'backbone.layers.2.blocks.5.mlp.fc2.bias', 'backbone.layers.2.downsample.reduction.weight', 'backbone.layers.2.downsample.norm.weight', 'backbone.layers.2.downsample.norm.bias', 'backbone.layers.3.blocks.0.norm1.weight', 'backbone.layers.3.blocks.0.norm1.bias', 'backbone.layers.3.blocks.0.attn.relative_position_bias_table', 'backbone.layers.3.blocks.0.attn.relative_position_index', 'backbone.layers.3.blocks.0.attn.qkv.weight', 'backbone.layers.3.blocks.0.attn.qkv.bias', 'backbone.layers.3.blocks.0.attn.proj.weight', 'backbone.layers.3.blocks.0.attn.proj.bias', 'backbone.layers.3.blocks.0.norm2.weight', 'backbone.layers.3.blocks.0.norm2.bias', 'backbone.layers.3.blocks.0.mlp.fc1.weight', 'backbone.layers.3.blocks.0.mlp.fc1.bias', 'backbone.layers.3.blocks.0.mlp.fc2.weight', 'backbone.layers.3.blocks.0.mlp.fc2.bias', 'backbone.layers.3.blocks.1.norm1.weight', 'backbone.layers.3.blocks.1.norm1.bias', 'backbone.layers.3.blocks.1.attn.relative_position_bias_table', 'backbone.layers.3.blocks.1.attn.relative_position_index', 'backbone.layers.3.blocks.1.attn.qkv.weight', 'backbone.layers.3.blocks.1.attn.qkv.bias', 'backbone.layers.3.blocks.1.attn.proj.weight', 'backbone.layers.3.blocks.1.attn.proj.bias', 'backbone.layers.3.blocks.1.norm2.weight', 'backbone.layers.3.blocks.1.norm2.bias', 'backbone.layers.3.blocks.1.mlp.fc1.weight', 'backbone.layers.3.blocks.1.mlp.fc1.bias', 'backbone.layers.3.blocks.1.mlp.fc2.weight', 'backbone.layers.3.blocks.1.mlp.fc2.bias', 'backbone.norm0.weight', 'backbone.norm0.bias', 'backbone.norm1.weight', 'backbone.norm1.bias', 'backbone.norm2.weight', 'backbone.norm2.bias', 'backbone.norm3.weight', 'backbone.norm3.bias', 'neck.lateral_convs.0.conv.weight', 'neck.lateral_convs.0.conv.bias', 'neck.lateral_convs.1.conv.weight', 'neck.lateral_convs.1.conv.bias', 'neck.lateral_convs.2.conv.weight', 'neck.lateral_convs.2.conv.bias', 'neck.lateral_convs.3.conv.weight', 'neck.lateral_convs.3.conv.bias', 'neck.fpn_convs.0.conv.weight', 'neck.fpn_convs.0.conv.bias', 'neck.fpn_convs.1.conv.weight', 'neck.fpn_convs.1.conv.bias', 'neck.fpn_convs.2.conv.weight', 'neck.fpn_convs.2.conv.bias', 'neck.fpn_convs.3.conv.weight', 'neck.fpn_convs.3.conv.bias', 'rpn_head.rpn_conv.weight', 'rpn_head.rpn_conv.bias', 'rpn_head.rpn_cls.weight', 'rpn_head.rpn_cls.bias', 'rpn_head.rpn_reg.weight', 'rpn_head.rpn_reg.bias', 'roi_head.bbox_head.fc_cls.weight', 'roi_head.bbox_head.fc_cls.bias', 'roi_head.bbox_head.fc_reg.weight', 'roi_head.bbox_head.fc_reg.bias', 'roi_head.bbox_head.shared_fcs.0.weight', 'roi_head.bbox_head.shared_fcs.0.bias', 'roi_head.bbox_head.shared_fcs.1.weight', 'roi_head.bbox_head.shared_fcs.1.bias', 'roi_head.mask_head.convs.0.conv.weight', 'roi_head.mask_head.convs.0.conv.bias', 'roi_head.mask_head.convs.1.conv.weight', 'roi_head.mask_head.convs.1.conv.bias', 'roi_head.mask_head.convs.2.conv.weight', 'roi_head.mask_head.convs.2.conv.bias', 'roi_head.mask_head.convs.3.conv.weight', 'roi_head.mask_head.convs.3.conv.bias', 'roi_head.mask_head.upsample.weight', 'roi_head.mask_head.upsample.bias', 'roi_head.mask_head.conv_logits.weight', 'roi_head.mask_head.conv_logits.bias'])
Swin-T weights loaded and frozen
================================================================================
Layer (type:depth-idx)                                  Param #
================================================================================
YOLOX                                                   --
├─SwinTransformer: 1-1                                  --
│    └─PatchEmbed: 2-1                                  --
│    │    └─Conv2d: 3-1                                 (4,704)
│    │    └─LayerNorm: 3-2                              (192)
│    └─Dropout: 2-2                                     --
│    └─ModuleList: 2-3                                  --
│    │    └─BasicLayer: 3-3                             (299,190)
│    │    └─BasicLayer: 3-4                             (1,188,204)
│    │    └─BasicLayer: 3-5                             (11,841,672)
│    │    └─BasicLayer: 3-6                             (14,183,856)
│    └─LayerNorm: 2-4                                   (192)
│    └─LayerNorm: 2-5                                   (384)
│    └─LayerNorm: 2-6                                   (768)
│    └─LayerNorm: 2-7                                   (1,536)
├─YOLOXPAFPN: 1-2                                       --
│    └─BaseConv: 2-8                                    --
│    │    └─Conv2d: 3-7                                 49,152
│    │    └─BatchNorm2d: 3-8                            512
│    │    └─LeakyReLU: 3-9                              --
│    └─BaseConv: 2-9                                    --
│    │    └─Conv2d: 3-10                                196,608
│    │    └─BatchNorm2d: 3-11                           1,024
│    │    └─LeakyReLU: 3-12                             --
│    └─BaseConv: 2-10                                   --
│    │    └─Conv2d: 3-13                                786,432
│    │    └─BatchNorm2d: 3-14                           2,048
│    │    └─LeakyReLU: 3-15                             --
│    └─Upsample: 2-11                                   --
│    └─BaseConv: 2-12                                   --
│    │    └─Conv2d: 3-16                                524,288
│    │    └─BatchNorm2d: 3-17                           1,024
│    │    └─SiLU: 3-18                                  --
│    └─CSPLayer: 2-13                                   --
│    │    └─BaseConv: 3-19                              262,656
│    │    └─BaseConv: 3-20                              262,656
│    │    └─BaseConv: 3-21                              263,168
│    │    └─Sequential: 3-22                            1,969,152
│    └─BaseConv: 2-14                                   --
│    │    └─Conv2d: 3-23                                131,072
│    │    └─BatchNorm2d: 3-24                           512
│    │    └─SiLU: 3-25                                  --
│    └─CSPLayer: 2-15                                   --
│    │    └─BaseConv: 3-26                              65,792
│    │    └─BaseConv: 3-27                              65,792
│    │    └─BaseConv: 3-28                              66,048
│    │    └─Sequential: 3-29                            493,056
│    └─BaseConv: 2-16                                   --
│    │    └─Conv2d: 3-30                                589,824
│    │    └─BatchNorm2d: 3-31                           512
│    │    └─SiLU: 3-32                                  --
│    └─CSPLayer: 2-17                                   --
│    │    └─BaseConv: 3-33                              131,584
│    │    └─BaseConv: 3-34                              131,584
│    │    └─BaseConv: 3-35                              263,168
│    │    └─Sequential: 3-36                            1,969,152
│    └─BaseConv: 2-18                                   --
│    │    └─Conv2d: 3-37                                2,359,296
│    │    └─BatchNorm2d: 3-38                           1,024
│    │    └─SiLU: 3-39                                  --
│    └─CSPLayer: 2-19                                   --
│    │    └─BaseConv: 3-40                              525,312
│    │    └─BaseConv: 3-41                              525,312
│    │    └─BaseConv: 3-42                              1,050,624
│    │    └─Sequential: 3-43                            7,870,464
├─YOLOXHead: 1-3                                        --
│    └─ModuleList: 2-20                                 --
│    │    └─BaseConv: 3-44                              66,048
│    │    └─BaseConv: 3-45                              131,584
│    │    └─BaseConv: 3-46                              262,656
│    └─ModuleList: 2-21                                 --
│    │    └─Sequential: 3-47                            1,180,672
│    │    └─Sequential: 3-48                            1,180,672
│    │    └─Sequential: 3-49                            1,180,672
│    └─ModuleList: 2-22                                 --
│    │    └─Sequential: 3-50                            1,180,672
│    │    └─Sequential: 3-51                            1,180,672
│    │    └─Sequential: 3-52                            1,180,672
│    └─ModuleList: 2-23                                 --
│    │    └─Conv2d: 3-53                                20,560
│    │    └─Conv2d: 3-54                                20,560
│    │    └─Conv2d: 3-55                                20,560
│    └─ModuleList: 2-24                                 --
│    │    └─Conv2d: 3-56                                1,028
│    │    └─Conv2d: 3-57                                1,028
│    │    └─Conv2d: 3-58                                1,028
│    └─ModuleList: 2-25                                 --
│    │    └─Conv2d: 3-59                                257
│    │    └─Conv2d: 3-60                                257
│    │    └─Conv2d: 3-61                                257
├─YOLOXLoss: 1-4                                        --
│    └─L1Loss: 2-26                                     --
│    └─BCEWithLogitsLoss: 2-27                          --
│    └─IOUloss: 2-28                                    --
================================================================================
Total params: 55,666,079
Trainable params: 28,168,703
Non-trainable params: 27,497,376
================================================================================
creating data loaders, start time: 1649122154.001829
==> Loading train2017 annotation /user/home/bq18557/scratch/COCO/annotations/instances_train2017.json
loading annotations into memory...
Done (t=22.84s)
creating index...
index created!
images number 118287
==> Loading val2017 annotation /user/home/bq18557/scratch/COCO/annotations/instances_val2017.json
loading annotations into memory...
Done (t=1.55s)
creating index...
index created!
images number 5000
classes index: [1, 2, 3, 4, 5, 6, 7, 8, 9, 10, 11, 13, 14, 15, 16, 17, 18, 19, 20, 21, 22, 23, 24, 25, 27, 28, 31, 32, 33, 34, 35, 36, 37, 38, 39, 40, 41, 42, 43, 44, 46, 47, 48, 49, 50, 51, 52, 53, 54, 55, 56, 57, 58, 59, 60, 61, 62, 63, 64, 65, 67, 70, 72, 73, 74, 75, 76, 77, 78, 79, 80, 81, 82, 84, 85, 86, 87, 88, 89, 90]
class names in dataset: ['person', 'bicycle', 'car', 'motorcycle', 'airplane', 'bus', 'train', 'truck', 'boat', 'traffic light', 'fire hydrant', 'stop sign', 'parking meter', 'bench', 'bird', 'cat', 'dog', 'horse', 'sheep', 'cow', 'elephant', 'bear', 'zebra', 'giraffe', 'backpack', 'umbrella', 'handbag', 'tie', 'suitcase', 'frisbee', 'skis', 'snowboard', 'sports ball', 'kite', 'baseball bat', 'baseball glove', 'skateboard', 'surfboard', 'tennis racket', 'bottle', 'wine glass', 'cup', 'fork', 'knife', 'spoon', 'bowl', 'banana', 'apple', 'sandwich', 'orange', 'broccoli', 'carrot', 'hot dog', 'pizza', 'donut', 'cake', 'chair', 'couch', 'potted plant', 'bed', 'dining table', 'toilet', 'tv', 'laptop', 'mouse', 'remote', 'keyboard', 'cell phone', 'microwave', 'oven', 'toaster', 'sink', 'refrigerator', 'book', 'clock', 'vase', 'scissors', 'teddy bear', 'hair drier', 'toothbrush']
data loaders created in: 57.24762773513794
shuffle images list in /user/home/bq18557/scratch/COCO/annotations/instances_train2017.json
multi size training: [[448, 448], [480, 480], [512, 512], [544, 544], [576, 576], [608, 608], [640, 640], [672, 672], [704, 704], [736, 736]]
/user/home/bq18557/work-env/lib/python3.8/site-packages/torch/functional.py:568: UserWarning: torch.meshgrid: in an upcoming release, it will be required to pass the indexing argument. (Triggered internally at  ../aten/src/ATen/native/TensorShape.cpp:2228.)
  return _VF.meshgrid(tensors, **kwargs)  # type: ignore[attr-defined]
/user/home/bq18557/work-env/lib/python3.8/site-packages/torch/utils/data/dataloader.py:487: UserWarning: This DataLoader will create 14 worker processes in total. Our suggested max number of worker in current system is 2, which is smaller than what this DataLoader is going to create. Please be aware that excessive worker creation might get DataLoader running slow or even freeze, lower the worker number to avoid potential slowness/freeze if necessary.
  warnings.warn(_create_warning_msg(
slurmstepd: error: *** JOB 1373874 ON bp1-gpu026 CANCELLED AT 2022-04-05T02:42:52 ***
