cpu-bind=MASK - bp1-gpu019, task 4294967295 4294967295 [0]: mask 0x101 set
==>> input params: ['gpus=0,1,2,3', 'backbone=Swin-l', 'num_epochs=100', 'exp_id=Swin_l_pretrained_yolo_l', 'load_model=exp/Swin_l_pretrained_yolo_l/model_last.pth', 'resume=True', 'freeze_backbone=True', 'use_amp=True', 'val_intervals=2', 'data_num_workers=14', 'batch_size=64', 'random_size=[14,26]', 'input_size=[640,640]', 'test_size=[640,640]']
[INFO] change param: gpus 0 -> (0, 1, 2, 3) ('tuple')
[INFO] change param: backbone CSPDarknet-s -> Swin-l ('str')
[INFO] change param: num_epochs 300 -> 100 ('int')
[INFO] change param: exp_id gputest1 -> Swin_l_pretrained_yolo_l ('str')
[INFO] change param: load_model  -> exp/Swin_l_pretrained_yolo_l/model_last.pth ('str')
[INFO] change param: resume False -> True ('bool')
[INFO] change param: freeze_backbone False -> True ('bool')
[INFO] change param: use_amp False -> True ('bool')
[INFO] same param: val_intervals=2 ('int')
[INFO] change param: data_num_workers 4 -> 14 ('int')
[INFO] change param: batch_size 24 -> 64 ('int')
[INFO] change param: random_size None -> [14, 26] ('list')
[INFO] same param: input_size=[640, 640] ('list')
[INFO] same param: test_size=[640, 640] ('list')
[INFO] re-change param: gpus [0, 1, 2, 3] to 0,1,2,3 'str' 

-------------------- final config: --------------------
{'exp_id': 'Swin_l_pretrained_yolo_l', 'dataset_path': '/user/home/bq18557/scratch/COCO', 'backbone': 'Swin-l', 'input_size': [640, 640], 'random_size': [14, 26], 'test_size': [640, 640], 'gpus': [0, 1, 2, 3], 'batch_size': 64, 'master_batch_size': 16, 'num_epochs': 100, 'swin_pretrained': False, 'swin_weights_path': None, 'freeze_backbone': True, 'label_name': ['person', 'bicycle', 'car', 'motorcycle', 'airplane', 'bus', 'train', 'truck', 'boat', 'traffic light', 'fire hydrant', 'stop sign', 'parking meter', 'bench', 'bird', 'cat', 'dog', 'horse', 'sheep', 'cow', 'elephant', 'bear', 'zebra', 'giraffe', 'backpack', 'umbrella', 'handbag', 'tie', 'suitcase', 'frisbee', 'skis', 'snowboard', 'sports ball', 'kite', 'baseball bat', 'baseball glove', 'skateboard', 'surfboard', 'tennis racket', 'bottle', 'wine glass', 'cup', 'fork', 'knife', 'spoon', 'bowl', 'banana', 'apple', 'sandwich', 'orange', 'broccoli', 'carrot', 'hot dog', 'pizza', 'donut', 'cake', 'chair', 'couch', 'potted plant', 'bed', 'dining table', 'toilet', 'tv', 'laptop', 'mouse', 'remote', 'keyboard', 'cell phone', 'microwave', 'oven', 'toaster', 'sink', 'refrigerator', 'book', 'clock', 'vase', 'scissors', 'teddy bear', 'hair drier', 'toothbrush'], 'reid_dim': 0, 'tracking_id_nums': None, 'warmup_lr': 0, 'basic_lr_per_img': 0.00015625, 'scheduler': 'yoloxwarmcos', 'no_aug_epochs': 15, 'min_lr_ratio': 0.05, 'weight_decay': 0.0005, 'warmup_epochs': 5, 'depth_wise': False, 'stride': [8, 16, 32], 'degrees': 10.0, 'translate': 0.1, 'scale': [0.1, 2], 'shear': 2.0, 'perspective': 0.0, 'enable_mixup': True, 'seed': None, 'mosaic_prob': 1.0, 'mixup_prob': 1.0, 'data_num_workers': 14, 'momentum': 0.9, 'vis_thresh': 0.3, 'load_model': 'exp/Swin_l_pretrained_yolo_l/model_last.pth', 'ema': True, 'grad_clip': {'max_norm': 35, 'norm_type': 2}, 'print_iter': 10, 'val_intervals': 2, 'save_epoch': 5, 'resume': True, 'use_amp': True, 'cuda_benchmark': False, 'nms_thresh': 0.65, 'occupy_mem': False, 'cache': False, 'rgb_means': [0.485, 0.456, 0.406], 'std': [0.229, 0.224, 0.225], 'train_ann': '/user/home/bq18557/scratch/COCO/annotations/instances_train2017.json', 'val_ann': '/user/home/bq18557/scratch/COCO/annotations/instances_val2017.json', 'data_dir': '/user/home/bq18557/scratch/COCO', 'num_classes': 80, 'gpus_str': '0,1,2,3', 'chunk_sizes': [16, 16, 16, 16], 'root_dir': '/user/home/bq18557/Transformer-YOLOX', 'save_dir': '/user/home/bq18557/Transformer-YOLOX/exp/Swin_l_pretrained_yolo_l'}
log file will be saved to /user/home/bq18557/Transformer-YOLOX/exp/Swin_l_pretrained_yolo_l/logs_2022-04-06-01-45/log.txt
================================================================================
Layer (type:depth-idx)                                  Param #
================================================================================
YOLOX                                                   --
├─SwinTransformer: 1-1                                  --
│    └─PatchEmbed: 2-1                                  --
│    │    └─Conv2d: 3-1                                 (4,704)
│    │    └─LayerNorm: 3-2                              (192)
│    └─Dropout: 2-2                                     --
│    └─ModuleList: 2-3                                  --
│    │    └─BasicLayer: 3-3                             (299,190)
│    │    └─BasicLayer: 3-4                             (1,188,204)
│    │    └─BasicLayer: 3-5                             (11,841,672)
│    │    └─BasicLayer: 3-6                             (14,183,856)
│    └─LayerNorm: 2-4                                   (192)
│    └─LayerNorm: 2-5                                   (384)
│    └─LayerNorm: 2-6                                   (768)
│    └─LayerNorm: 2-7                                   (1,536)
├─YOLOXPAFPN: 1-2                                       --
│    └─Upsample: 2-8                                    --
│    └─BaseConv: 2-9                                    --
│    │    └─Conv2d: 3-7                                 294,912
│    │    └─BatchNorm2d: 3-8                            768
│    │    └─SiLU: 3-9                                   --
│    └─CSPLayer: 2-10                                   --
│    │    └─BaseConv: 3-10                              147,840
│    │    └─BaseConv: 3-11                              147,840
│    │    └─BaseConv: 3-12                              148,224
│    │    └─Sequential: 3-13                            1,108,224
│    └─BaseConv: 2-11                                   --
│    │    └─Conv2d: 3-14                                73,728
│    │    └─BatchNorm2d: 3-15                           384
│    │    └─SiLU: 3-16                                  --
│    └─CSPLayer: 2-12                                   --
│    │    └─BaseConv: 3-17                              37,056
│    │    └─BaseConv: 3-18                              37,056
│    │    └─BaseConv: 3-19                              37,248
│    │    └─Sequential: 3-20                            277,632
│    └─BaseConv: 2-13                                   --
│    │    └─Conv2d: 3-21                                331,776
│    │    └─BatchNorm2d: 3-22                           384
│    │    └─SiLU: 3-23                                  --
│    └─CSPLayer: 2-14                                   --
│    │    └─BaseConv: 3-24                              74,112
│    │    └─BaseConv: 3-25                              74,112
│    │    └─BaseConv: 3-26                              148,224
│    │    └─Sequential: 3-27                            1,108,224
│    └─BaseConv: 2-15                                   --
│    │    └─Conv2d: 3-28                                1,327,104
│    │    └─BatchNorm2d: 3-29                           768
│    │    └─SiLU: 3-30                                  --
│    └─CSPLayer: 2-16                                   --
│    │    └─BaseConv: 3-31                              295,680
│    │    └─BaseConv: 3-32                              295,680
│    │    └─BaseConv: 3-33                              591,360
│    │    └─Sequential: 3-34                            4,428,288
├─YOLOXHead: 1-3                                        --
│    └─ModuleList: 2-17                                 --
│    │    └─BaseConv: 3-35                              49,664
│    │    └─BaseConv: 3-36                              98,816
│    │    └─BaseConv: 3-37                              197,120
│    └─ModuleList: 2-18                                 --
│    │    └─Sequential: 3-38                            1,180,672
│    │    └─Sequential: 3-39                            1,180,672
│    │    └─Sequential: 3-40                            1,180,672
│    └─ModuleList: 2-19                                 --
│    │    └─Sequential: 3-41                            1,180,672
│    │    └─Sequential: 3-42                            1,180,672
│    │    └─Sequential: 3-43                            1,180,672
│    └─ModuleList: 2-20                                 --
│    │    └─Conv2d: 3-44                                20,560
│    │    └─Conv2d: 3-45                                20,560
│    │    └─Conv2d: 3-46                                20,560
│    └─ModuleList: 2-21                                 --
│    │    └─Conv2d: 3-47                                1,028
│    │    └─Conv2d: 3-48                                1,028
│    │    └─Conv2d: 3-49                                1,028
│    └─ModuleList: 2-22                                 --
│    │    └─Conv2d: 3-50                                257
│    │    └─Conv2d: 3-51                                257
│    │    └─Conv2d: 3-52                                257
├─YOLOXLoss: 1-4                                        --
│    └─L1Loss: 2-23                                     --
│    └─BCEWithLogitsLoss: 2-24                          --
│    └─IOUloss: 2-25                                    --
================================================================================
Total params: 45,979,167
Trainable params: 18,481,791
Non-trainable params: 27,497,376
================================================================================
==>> loaded exp/Swin_l_pretrained_yolo_l/model_last.pth, epoch 1
==>> Resumed optimizer
==>> Resumed scaler
==>> Set start_epoch 1
creating data loaders, start time: 1649205930.1135292
==> Loading train2017 annotation /user/home/bq18557/scratch/COCO/annotations/instances_train2017.json
loading annotations into memory...
Done (t=16.39s)
creating index...
index created!
images number 118287
==> Loading val2017 annotation /user/home/bq18557/scratch/COCO/annotations/instances_val2017.json
loading annotations into memory...
Done (t=0.56s)
creating index...
index created!
images number 5000
classes index: [1, 2, 3, 4, 5, 6, 7, 8, 9, 10, 11, 13, 14, 15, 16, 17, 18, 19, 20, 21, 22, 23, 24, 25, 27, 28, 31, 32, 33, 34, 35, 36, 37, 38, 39, 40, 41, 42, 43, 44, 46, 47, 48, 49, 50, 51, 52, 53, 54, 55, 56, 57, 58, 59, 60, 61, 62, 63, 64, 65, 67, 70, 72, 73, 74, 75, 76, 77, 78, 79, 80, 81, 82, 84, 85, 86, 87, 88, 89, 90]
class names in dataset: ['person', 'bicycle', 'car', 'motorcycle', 'airplane', 'bus', 'train', 'truck', 'boat', 'traffic light', 'fire hydrant', 'stop sign', 'parking meter', 'bench', 'bird', 'cat', 'dog', 'horse', 'sheep', 'cow', 'elephant', 'bear', 'zebra', 'giraffe', 'backpack', 'umbrella', 'handbag', 'tie', 'suitcase', 'frisbee', 'skis', 'snowboard', 'sports ball', 'kite', 'baseball bat', 'baseball glove', 'skateboard', 'surfboard', 'tennis racket', 'bottle', 'wine glass', 'cup', 'fork', 'knife', 'spoon', 'bowl', 'banana', 'apple', 'sandwich', 'orange', 'broccoli', 'carrot', 'hot dog', 'pizza', 'donut', 'cake', 'chair', 'couch', 'potted plant', 'bed', 'dining table', 'toilet', 'tv', 'laptop', 'mouse', 'remote', 'keyboard', 'cell phone', 'microwave', 'oven', 'toaster', 'sink', 'refrigerator', 'book', 'clock', 'vase', 'scissors', 'teddy bear', 'hair drier', 'toothbrush']
data loaders created in: 50.02942419052124
shuffle images list in /user/home/bq18557/scratch/COCO/annotations/instances_train2017.json
multi size training: [[448, 448], [480, 480], [512, 512], [544, 544], [576, 576], [608, 608], [640, 640], [672, 672], [704, 704], [736, 736], [768, 768], [800, 800]]
/user/home/bq18557/work-env/lib/python3.8/site-packages/torch/functional.py:568: UserWarning: torch.meshgrid: in an upcoming release, it will be required to pass the indexing argument. (Triggered internally at  ../aten/src/ATen/native/TensorShape.cpp:2228.)
  return _VF.meshgrid(tensors, **kwargs)  # type: ignore[attr-defined]
/user/home/bq18557/work-env/lib/python3.8/site-packages/torch/utils/data/dataloader.py:487: UserWarning: This DataLoader will create 14 worker processes in total. Our suggested max number of worker in current system is 2, which is smaller than what this DataLoader is going to create. Please be aware that excessive worker creation might get DataLoader running slow or even freeze, lower the worker number to avoid potential slowness/freeze if necessary.
  warnings.warn(_create_warning_msg(
Swin_l_pretrained_yolo_l| train: total_epoch[2/100] total_batch[1858/184800] batch[10/1848] |size: 64x3x800x800 |lr: 0.00040434 |Tot: 0:04:12 |ETA: 14:04:52 |loss 9.4986 |conf_loss 4.1538 |cls_loss 2.5778 |iou_loss 2.7669 |num_fg 5.0687 |Data 0.022s |Batch 4.136s
Swin_l_pretrained_yolo_l| train: total_epoch[2/100] total_batch[1868/184800] batch[20/1848] |size: 64x3x608x608 |lr: 0.00040870 |Tot: 0:05:03 |ETA: 2:31:37 |loss 9.3822 |conf_loss 4.0125 |cls_loss 2.5633 |iou_loss 2.8063 |num_fg 4.8924 |Data 0.001s |Batch 5.314s
Swin_l_pretrained_yolo_l| train: total_epoch[2/100] total_batch[1878/184800] batch[30/1848] |size: 64x3x704x704 |lr: 0.00041309 |Tot: 0:06:09 |ETA: 3:17:44 |loss 9.4015 |conf_loss 4.0253 |cls_loss 2.5770 |iou_loss 2.7991 |num_fg 4.9132 |Data 0.005s |Batch 6.811s
Swin_l_pretrained_yolo_l| train: total_epoch[2/100] total_batch[1888/184800] batch[40/1848] |size: 64x3x736x736 |lr: 0.00041750 |Tot: 0:07:46 |ETA: 3:05:26 |loss 9.4036 |conf_loss 4.0400 |cls_loss 2.5732 |iou_loss 2.7904 |num_fg 4.9394 |Data 0.015s |Batch 41.679s
Swin_l_pretrained_yolo_l| train: total_epoch[2/100] total_batch[1898/184800] batch[50/1848] |size: 64x3x576x576 |lr: 0.00042194 |Tot: 0:08:51 |ETA: 4:57:31 |loss 9.3573 |conf_loss 3.9973 |cls_loss 2.5619 |iou_loss 2.7981 |num_fg 4.8966 |Data 0.021s |Batch 7.253s
Swin_l_pretrained_yolo_l| train: total_epoch[2/100] total_batch[1908/184800] batch[60/1848] |size: 64x3x768x768 |lr: 0.00042640 |Tot: 0:09:47 |ETA: 2:53:25 |loss 9.4051 |conf_loss 4.0433 |cls_loss 2.5675 |iou_loss 2.7944 |num_fg 4.9301 |Data 0.032s |Batch 6.069s
Swin_l_pretrained_yolo_l| train: total_epoch[2/100] total_batch[1918/184800] batch[70/1848] |size: 64x3x672x672 |lr: 0.00043088 |Tot: 0:10:49 |ETA: 3:06:03 |loss 9.4123 |conf_loss 4.0393 |cls_loss 2.5768 |iou_loss 2.7962 |num_fg 4.9249 |Data 0.022s |Batch 5.127s
Swin_l_pretrained_yolo_l| train: total_epoch[2/100] total_batch[1928/184800] batch[80/1848] |size: 64x3x640x640 |lr: 0.00043538 |Tot: 0:11:46 |ETA: 2:45:43 |loss 9.4003 |conf_loss 4.0300 |cls_loss 2.5760 |iou_loss 2.7943 |num_fg 4.9249 |Data 0.043s |Batch 5.517s
Swin_l_pretrained_yolo_l| train: total_epoch[2/100] total_batch[1938/184800] batch[90/1848] |size: 64x3x704x704 |lr: 0.00043991 |Tot: 0:12:51 |ETA: 3:10:45 |loss 9.3921 |conf_loss 4.0302 |cls_loss 2.5690 |iou_loss 2.7930 |num_fg 4.9280 |Data 0.030s |Batch 6.021s
Swin_l_pretrained_yolo_l| train: total_epoch[2/100] total_batch[1948/184800] batch[100/1848] |size: 64x3x448x448 |lr: 0.00044446 |Tot: 0:13:44 |ETA: 2:35:58 |loss 9.3664 |conf_loss 3.9985 |cls_loss 2.5620 |iou_loss 2.8059 |num_fg 4.8767 |Data 0.005s |Batch 5.148s
Swin_l_pretrained_yolo_l| train: total_epoch[2/100] total_batch[1958/184800] batch[110/1848] |size: 64x3x448x448 |lr: 0.00044904 |Tot: 0:15:14 |ETA: 4:18:02 |loss 9.3419 |conf_loss 3.9686 |cls_loss 2.5609 |iou_loss 2.8123 |num_fg 4.8441 |Data 0.028s |Batch 5.900s
Swin_l_pretrained_yolo_l| train: total_epoch[2/100] total_batch[1968/184800] batch[120/1848] |size: 64x3x800x800 |lr: 0.00045363 |Tot: 0:16:16 |ETA: 2:56:46 |loss 9.3725 |conf_loss 4.0020 |cls_loss 2.5607 |iou_loss 2.8099 |num_fg 4.8616 |Data 0.020s |Batch 6.538s
Swin_l_pretrained_yolo_l| train: total_epoch[2/100] total_batch[1978/184800] batch[130/1848] |size: 64x3x544x544 |lr: 0.00045826 |Tot: 0:17:12 |ETA: 2:41:05 |loss 9.3660 |conf_loss 3.9930 |cls_loss 2.5597 |iou_loss 2.8133 |num_fg 4.8476 |Data 0.001s |Batch 6.147s
Swin_l_pretrained_yolo_l| train: total_epoch[2/100] total_batch[1988/184800] batch[140/1848] |size: 64x3x800x800 |lr: 0.00046290 |Tot: 0:18:43 |ETA: 4:22:27 |loss 9.3722 |conf_loss 4.0065 |cls_loss 2.5582 |iou_loss 2.8075 |num_fg 4.8706 |Data 0.001s |Batch 5.551s
Swin_l_pretrained_yolo_l| train: total_epoch[2/100] total_batch[1998/184800] batch[150/1848] |size: 64x3x512x512 |lr: 0.00046757 |Tot: 0:19:39 |ETA: 2:37:23 |loss 9.3603 |conf_loss 3.9934 |cls_loss 2.5564 |iou_loss 2.8105 |num_fg 4.8536 |Data 0.001s |Batch 6.101s
Swin_l_pretrained_yolo_l| train: total_epoch[2/100] total_batch[2008/184800] batch[160/1848] |size: 64x3x544x544 |lr: 0.00047226 |Tot: 0:20:33 |ETA: 2:31:43 |loss 9.3457 |conf_loss 3.9792 |cls_loss 2.5541 |iou_loss 2.8124 |num_fg 4.8443 |Data 0.027s |Batch 5.424s
Swin_l_pretrained_yolo_l| train: total_epoch[2/100] total_batch[2018/184800] batch[170/1848] |size: 64x3x800x800 |lr: 0.00047698 |Tot: 0:22:16 |ETA: 4:47:05 |loss 9.3552 |conf_loss 3.9935 |cls_loss 2.5520 |iou_loss 2.8097 |num_fg 4.8599 |Data 0.029s |Batch 6.048s
Swin_l_pretrained_yolo_l| train: total_epoch[2/100] total_batch[2028/184800] batch[180/1848] |size: 64x3x576x576 |lr: 0.00048172 |Tot: 0:23:51 |ETA: 4:23:36 |loss 9.3449 |conf_loss 3.9852 |cls_loss 2.5485 |iou_loss 2.8112 |num_fg 4.8517 |Data 0.055s |Batch 6.787s
Swin_l_pretrained_yolo_l| train: total_epoch[2/100] total_batch[2038/184800] batch[190/1848] |size: 64x3x736x736 |lr: 0.00048648 |Tot: 0:24:50 |ETA: 2:45:14 |loss 9.3413 |conf_loss 3.9875 |cls_loss 2.5450 |iou_loss 2.8089 |num_fg 4.8614 |Data 0.001s |Batch 5.357s
Swin_l_pretrained_yolo_l| train: total_epoch[2/100] total_batch[2048/184800] batch[200/1848] |size: 64x3x608x608 |lr: 0.00049127 |Tot: 0:25:50 |ETA: 2:45:12 |loss 9.3341 |conf_loss 3.9822 |cls_loss 2.5430 |iou_loss 2.8088 |num_fg 4.8609 |Data 0.035s |Batch 5.219s
Swin_l_pretrained_yolo_l| train: total_epoch[2/100] total_batch[2058/184800] batch[210/1848] |size: 64x3x480x480 |lr: 0.00049607 |Tot: 0:26:47 |ETA: 2:38:49 |loss 9.3181 |conf_loss 3.9660 |cls_loss 2.5402 |iou_loss 2.8118 |num_fg 4.8454 |Data 0.034s |Batch 4.920s
Swin_l_pretrained_yolo_l| train: total_epoch[2/100] total_batch[2068/184800] batch[220/1848] |size: 64x3x576x576 |lr: 0.00050091 |Tot: 0:27:40 |ETA: 2:23:05 |loss 9.3111 |conf_loss 3.9600 |cls_loss 2.5388 |iou_loss 2.8123 |num_fg 4.8425 |Data 0.001s |Batch 5.208s
Swin_l_pretrained_yolo_l| train: total_epoch[2/100] total_batch[2078/184800] batch[230/1848] |size: 64x3x448x448 |lr: 0.00050576 |Tot: 0:28:33 |ETA: 2:21:08 |loss 9.2980 |conf_loss 3.9465 |cls_loss 2.5370 |iou_loss 2.8145 |num_fg 4.8314 |Data 0.013s |Batch 5.135s
Swin_l_pretrained_yolo_l| train: total_epoch[2/100] total_batch[2088/184800] batch[240/1848] |size: 64x3x576x576 |lr: 0.00051064 |Tot: 0:29:55 |ETA: 3:43:38 |loss 9.2911 |conf_loss 3.9414 |cls_loss 2.5357 |iou_loss 2.8140 |num_fg 4.8306 |Data 0.008s |Batch 4.136s
Swin_l_pretrained_yolo_l| train: total_epoch[2/100] total_batch[2098/184800] batch[250/1848] |size: 64x3x448x448 |lr: 0.00051555 |Tot: 0:30:35 |ETA: 1:44:05 |loss 9.2774 |conf_loss 3.9278 |cls_loss 2.5332 |iou_loss 2.8164 |num_fg 4.8187 |Data 0.001s |Batch 5.000s
Swin_l_pretrained_yolo_l| train: total_epoch[2/100] total_batch[2108/184800] batch[260/1848] |size: 64x3x480x480 |lr: 0.00052047 |Tot: 0:31:27 |ETA: 2:18:05 |loss 9.2643 |conf_loss 3.9159 |cls_loss 2.5306 |iou_loss 2.8178 |num_fg 4.8105 |Data 0.047s |Batch 5.073s
Swin_l_pretrained_yolo_l| train: total_epoch[2/100] total_batch[2118/184800] batch[270/1848] |size: 64x3x480x480 |lr: 0.00052542 |Tot: 0:32:20 |ETA: 2:16:45 |loss 9.2509 |conf_loss 3.9047 |cls_loss 2.5277 |iou_loss 2.8185 |num_fg 4.8035 |Data 0.009s |Batch 6.123s
Swin_l_pretrained_yolo_l| train: total_epoch[2/100] total_batch[2128/184800] batch[280/1848] |size: 64x3x800x800 |lr: 0.00053039 |Tot: 0:33:37 |ETA: 2:58:38 |loss 9.2622 |conf_loss 3.9192 |cls_loss 2.5260 |iou_loss 2.8170 |num_fg 4.8163 |Data 9.272s |Batch 14.619s
Swin_l_pretrained_yolo_l| train: total_epoch[2/100] total_batch[2138/184800] batch[290/1848] |size: 64x3x736x736 |lr: 0.00053539 |Tot: 0:34:48 |ETA: 3:23:53 |loss 9.2588 |conf_loss 3.9216 |cls_loss 2.5221 |iou_loss 2.8150 |num_fg 4.8257 |Data 0.001s |Batch 7.085s
Swin_l_pretrained_yolo_l| train: total_epoch[2/100] total_batch[2148/184800] batch[300/1848] |size: 64x3x672x672 |lr: 0.00054041 |Tot: 0:35:59 |ETA: 3:08:05 |loss 9.2535 |conf_loss 3.9208 |cls_loss 2.5195 |iou_loss 2.8132 |num_fg 4.8323 |Data 0.032s |Batch 5.578s
Swin_l_pretrained_yolo_l| train: total_epoch[2/100] total_batch[2158/184800] batch[310/1848] |size: 64x3x672x672 |lr: 0.00054546 |Tot: 0:37:38 |ETA: 4:14:47 |loss 9.2463 |conf_loss 3.9183 |cls_loss 2.5161 |iou_loss 2.8119 |num_fg 4.8367 |Data 0.029s |Batch 5.161s
Swin_l_pretrained_yolo_l| train: total_epoch[2/100] total_batch[2168/184800] batch[320/1848] |size: 64x3x448x448 |lr: 0.00055052 |Tot: 0:38:27 |ETA: 2:05:52 |loss 9.2352 |conf_loss 3.9082 |cls_loss 2.5140 |iou_loss 2.8130 |num_fg 4.8302 |Data 0.001s |Batch 4.677s
Swin_l_pretrained_yolo_l| train: total_epoch[2/100] total_batch[2178/184800] batch[330/1848] |size: 64x3x672x672 |lr: 0.00055561 |Tot: 0:39:26 |ETA: 2:26:29 |loss 9.2340 |conf_loss 3.9107 |cls_loss 2.5123 |iou_loss 2.8109 |num_fg 4.8360 |Data 0.024s |Batch 5.642s
Swin_l_pretrained_yolo_l| train: total_epoch[2/100] total_batch[2188/184800] batch[340/1848] |size: 64x3x672x672 |lr: 0.00056073 |Tot: 0:40:47 |ETA: 3:21:57 |loss 9.2298 |conf_loss 3.9107 |cls_loss 2.5098 |iou_loss 2.8093 |num_fg 4.8420 |Data 0.001s |Batch 6.118s
Swin_l_pretrained_yolo_l| train: total_epoch[2/100] total_batch[2198/184800] batch[350/1848] |size: 64x3x768x768 |lr: 0.00056586 |Tot: 0:42:23 |ETA: 3:39:50 |loss 9.2288 |conf_loss 3.9138 |cls_loss 2.5072 |iou_loss 2.8079 |num_fg 4.8496 |Data 9.780s |Batch 14.821s
Swin_l_pretrained_yolo_l| train: total_epoch[2/100] total_batch[2208/184800] batch[360/1848] |size: 64x3x640x640 |lr: 0.00057102 |Tot: 0:43:15 |ETA: 2:31:27 |loss 9.2223 |conf_loss 3.9120 |cls_loss 2.5041 |iou_loss 2.8062 |num_fg 4.8539 |Data 0.018s |Batch 5.594s
Swin_l_pretrained_yolo_l| train: total_epoch[2/100] total_batch[2218/184800] batch[370/1848] |size: 64x3x512x512 |lr: 0.00057621 |Tot: 0:44:07 |ETA: 2:08:11 |loss 9.2127 |conf_loss 3.9054 |cls_loss 2.5014 |iou_loss 2.8060 |num_fg 4.8512 |Data 0.001s |Batch 5.209s
Swin_l_pretrained_yolo_l| train: total_epoch[2/100] total_batch[2228/184800] batch[380/1848] |size: 64x3x448x448 |lr: 0.00058142 |Tot: 0:45:27 |ETA: 3:14:48 |loss 9.2022 |conf_loss 3.8957 |cls_loss 2.4993 |iou_loss 2.8072 |num_fg 4.8425 |Data 0.001s |Batch 5.848s
Swin_l_pretrained_yolo_l| train: total_epoch[2/100] total_batch[2238/184800] batch[390/1848] |size: 64x3x448x448 |lr: 0.00058665 |Tot: 0:46:23 |ETA: 2:14:19 |loss 9.1920 |conf_loss 3.8864 |cls_loss 2.4968 |iou_loss 2.8088 |num_fg 4.8346 |Data 0.001s |Batch 7.006s
Swin_l_pretrained_yolo_l| train: total_epoch[2/100] total_batch[2248/184800] batch[400/1848] |size: 64x3x736x736 |lr: 0.00059190 |Tot: 0:47:24 |ETA: 2:28:13 |loss 9.1936 |conf_loss 3.8921 |cls_loss 2.4937 |iou_loss 2.8078 |num_fg 4.8419 |Data 0.029s |Batch 6.494s
Swin_l_pretrained_yolo_l| train: total_epoch[2/100] total_batch[2258/184800] batch[410/1848] |size: 64x3x736x736 |lr: 0.00059718 |Tot: 0:48:53 |ETA: 3:32:49 |loss 9.1889 |conf_loss 3.8927 |cls_loss 2.4904 |iou_loss 2.8058 |num_fg 4.8488 |Data 0.025s |Batch 6.138s
Swin_l_pretrained_yolo_l| train: total_epoch[2/100] total_batch[2268/184800] batch[420/1848] |size: 64x3x704x704 |lr: 0.00060248 |Tot: 0:50:09 |ETA: 2:47:17 |loss 9.1845 |conf_loss 3.8925 |cls_loss 2.4877 |iou_loss 2.8043 |num_fg 4.8551 |Data 7.183s |Batch 12.323s
Swin_l_pretrained_yolo_l| train: total_epoch[2/100] total_batch[2278/184800] batch[430/1848] |size: 64x3x576x576 |lr: 0.00060780 |Tot: 0:51:05 |ETA: 2:27:30 |loss 9.1780 |conf_loss 3.8890 |cls_loss 2.4850 |iou_loss 2.8040 |num_fg 4.8548 |Data 0.017s |Batch 6.091s
Swin_l_pretrained_yolo_l| train: total_epoch[2/100] total_batch[2288/184800] batch[440/1848] |size: 64x3x736x736 |lr: 0.00061315 |Tot: 0:52:39 |ETA: 3:37:53 |loss 9.1761 |conf_loss 3.8911 |cls_loss 2.4823 |iou_loss 2.8027 |num_fg 4.8602 |Data 0.020s |Batch 7.190s
Swin_l_pretrained_yolo_l| train: total_epoch[2/100] total_batch[2298/184800] batch[450/1848] |size: 64x3x704x704 |lr: 0.00061852 |Tot: 0:54:13 |ETA: 3:43:37 |loss 9.1720 |conf_loss 3.8905 |cls_loss 2.4797 |iou_loss 2.8018 |num_fg 4.8641 |Data 0.004s |Batch 5.477s
Swin_l_pretrained_yolo_l| train: total_epoch[2/100] total_batch[2308/184800] batch[460/1848] |size: 64x3x576x576 |lr: 0.00062392 |Tot: 0:55:13 |ETA: 2:18:08 |loss 9.1642 |conf_loss 3.8860 |cls_loss 2.4765 |iou_loss 2.8017 |num_fg 4.8634 |Data 0.028s |Batch 5.874s
Swin_l_pretrained_yolo_l| train: total_epoch[2/100] total_batch[2318/184800] batch[470/1848] |size: 64x3x800x800 |lr: 0.00062934 |Tot: 0:56:33 |ETA: 3:04:40 |loss 9.1631 |conf_loss 3.8892 |cls_loss 2.4738 |iou_loss 2.8001 |num_fg 4.8713 |Data 0.001s |Batch 5.302s
Swin_l_pretrained_yolo_l| train: total_epoch[2/100] total_batch[2328/184800] batch[480/1848] |size: 64x3x544x544 |lr: 0.00063478 |Tot: 0:57:34 |ETA: 2:19:02 |loss 9.1562 |conf_loss 3.8849 |cls_loss 2.4715 |iou_loss 2.7998 |num_fg 4.8700 |Data 0.025s |Batch 5.528s
Swin_l_pretrained_yolo_l| train: total_epoch[2/100] total_batch[2338/184800] batch[490/1848] |size: 64x3x736x736 |lr: 0.00064024 |Tot: 0:59:10 |ETA: 3:31:31 |loss 9.1537 |conf_loss 3.8872 |cls_loss 2.4681 |iou_loss 2.7983 |num_fg 4.8758 |Data 3.282s |Batch 7.762s
Swin_l_pretrained_yolo_l| train: total_epoch[2/100] total_batch[2348/184800] batch[500/1848] |size: 64x3x768x768 |lr: 0.00064573 |Tot: 1:00:03 |ETA: 2:04:13 |loss 9.1479 |conf_loss 3.8870 |cls_loss 2.4640 |iou_loss 2.7968 |num_fg 4.8827 |Data 0.017s |Batch 5.820s
Swin_l_pretrained_yolo_l| train: total_epoch[2/100] total_batch[2358/184800] batch[510/1848] |size: 64x3x544x544 |lr: 0.00065124 |Tot: 1:00:54 |ETA: 1:54:59 |loss 9.1414 |conf_loss 3.8830 |cls_loss 2.4618 |iou_loss 2.7965 |num_fg 4.8815 |Data 0.001s |Batch 5.160s
Swin_l_pretrained_yolo_l| train: total_epoch[2/100] total_batch[2368/184800] batch[520/1848] |size: 64x3x448x448 |lr: 0.00065678 |Tot: 1:02:14 |ETA: 2:59:51 |loss 9.1323 |conf_loss 3.8753 |cls_loss 2.4595 |iou_loss 2.7975 |num_fg 4.8748 |Data 0.026s |Batch 4.080s
Swin_l_pretrained_yolo_l| train: total_epoch[2/100] total_batch[2378/184800] batch[530/1848] |size: 64x3x480x480 |lr: 0.00066234 |Tot: 1:03:01 |ETA: 1:41:41 |loss 9.1260 |conf_loss 3.8698 |cls_loss 2.4579 |iou_loss 2.7983 |num_fg 4.8701 |Data 0.002s |Batch 5.223s
Swin_l_pretrained_yolo_l| train: total_epoch[2/100] total_batch[2388/184800] batch[540/1848] |size: 64x3x640x640 |lr: 0.00066792 |Tot: 1:03:59 |ETA: 2:04:49 |loss 9.1226 |conf_loss 3.8692 |cls_loss 2.4553 |iou_loss 2.7981 |num_fg 4.8706 |Data 0.031s |Batch 5.910s
Swin_l_pretrained_yolo_l| train: total_epoch[2/100] total_batch[2398/184800] batch[550/1848] |size: 64x3x576x576 |lr: 0.00067353 |Tot: 1:04:57 |ETA: 2:06:12 |loss 9.1135 |conf_loss 3.8643 |cls_loss 2.4515 |iou_loss 2.7977 |num_fg 4.8707 |Data 0.039s |Batch 5.681s
Swin_l_pretrained_yolo_l| train: total_epoch[2/100] total_batch[2408/184800] batch[560/1848] |size: 64x3x640x640 |lr: 0.00067916 |Tot: 1:05:53 |ETA: 1:59:50 |loss 9.1080 |conf_loss 3.8625 |cls_loss 2.4487 |iou_loss 2.7969 |num_fg 4.8727 |Data 0.039s |Batch 5.290s
Swin_l_pretrained_yolo_l| train: total_epoch[2/100] total_batch[2418/184800] batch[570/1848] |size: 64x3x512x512 |lr: 0.00068481 |Tot: 1:06:49 |ETA: 1:58:49 |loss 9.0986 |conf_loss 3.8566 |cls_loss 2.4452 |iou_loss 2.7968 |num_fg 4.8701 |Data 0.028s |Batch 6.265s
Swin_l_pretrained_yolo_l| train: total_epoch[2/100] total_batch[2428/184800] batch[580/1848] |size: 64x3x672x672 |lr: 0.00069048 |Tot: 1:07:57 |ETA: 2:22:45 |loss 9.0943 |conf_loss 3.8562 |cls_loss 2.4419 |iou_loss 2.7962 |num_fg 4.8735 |Data 0.024s |Batch 5.798s
Swin_l_pretrained_yolo_l| train: total_epoch[2/100] total_batch[2438/184800] batch[590/1848] |size: 64x3x448x448 |lr: 0.00069618 |Tot: 1:09:23 |ETA: 3:03:42 |loss 9.0881 |conf_loss 3.8510 |cls_loss 2.4399 |iou_loss 2.7973 |num_fg 4.8682 |Data 0.025s |Batch 5.002s
Swin_l_pretrained_yolo_l| train: total_epoch[2/100] total_batch[2448/184800] batch[600/1848] |size: 64x3x544x544 |lr: 0.00070191 |Tot: 1:10:20 |ETA: 1:57:21 |loss 9.0802 |conf_loss 3.8463 |cls_loss 2.4370 |iou_loss 2.7969 |num_fg 4.8685 |Data 0.001s |Batch 5.139s
Swin_l_pretrained_yolo_l| train: total_epoch[2/100] total_batch[2458/184800] batch[610/1848] |size: 64x3x608x608 |lr: 0.00070765 |Tot: 1:11:14 |ETA: 1:52:00 |loss 9.0739 |conf_loss 3.8435 |cls_loss 2.4345 |iou_loss 2.7960 |num_fg 4.8706 |Data 0.015s |Batch 5.279s
Swin_l_pretrained_yolo_l| train: total_epoch[2/100] total_batch[2468/184800] batch[620/1848] |size: 64x3x768x768 |lr: 0.00071342 |Tot: 1:12:38 |ETA: 2:51:00 |loss 9.0729 |conf_loss 3.8459 |cls_loss 2.4316 |iou_loss 2.7955 |num_fg 4.8752 |Data 0.035s |Batch 5.354s
Swin_l_pretrained_yolo_l| train: total_epoch[2/100] total_batch[2478/184800] batch[630/1848] |size: 64x3x800x800 |lr: 0.00071921 |Tot: 1:14:22 |ETA: 3:03:04 |loss 9.0698 |conf_loss 3.8471 |cls_loss 2.4285 |iou_loss 2.7942 |num_fg 4.8810 |Data 13.005s |Batch 20.017s
Swin_l_pretrained_yolo_l| train: total_epoch[2/100] total_batch[2488/184800] batch[640/1848] |size: 64x3x768x768 |lr: 0.00072503 |Tot: 1:15:18 |ETA: 2:19:11 |loss 9.0661 |conf_loss 3.8473 |cls_loss 2.4255 |iou_loss 2.7933 |num_fg 4.8858 |Data 0.025s |Batch 6.398s
Swin_l_pretrained_yolo_l| train: total_epoch[2/100] total_batch[2498/184800] batch[650/1848] |size: 64x3x800x800 |lr: 0.00073087 |Tot: 1:17:02 |ETA: 3:29:25 |loss 9.0625 |conf_loss 3.8482 |cls_loss 2.4220 |iou_loss 2.7923 |num_fg 4.8914 |Data 0.015s |Batch 5.539s
Swin_l_pretrained_yolo_l| train: total_epoch[2/100] total_batch[2508/184800] batch[660/1848] |size: 64x3x672x672 |lr: 0.00073673 |Tot: 1:18:37 |ETA: 3:08:06 |loss 9.0565 |conf_loss 3.8462 |cls_loss 2.4192 |iou_loss 2.7910 |num_fg 4.8952 |Data 0.001s |Batch 5.426s
Swin_l_pretrained_yolo_l| train: total_epoch[2/100] total_batch[2518/184800] batch[670/1848] |size: 64x3x608x608 |lr: 0.00074262 |Tot: 1:19:36 |ETA: 1:54:43 |loss 9.0496 |conf_loss 3.8429 |cls_loss 2.4162 |iou_loss 2.7906 |num_fg 4.8963 |Data 0.029s |Batch 6.766s
Swin_l_pretrained_yolo_l| train: total_epoch[2/100] total_batch[2528/184800] batch[680/1848] |size: 64x3x704x704 |lr: 0.00074853 |Tot: 1:20:43 |ETA: 2:11:08 |loss 9.0442 |conf_loss 3.8418 |cls_loss 2.4127 |iou_loss 2.7897 |num_fg 4.8995 |Data 0.001s |Batch 6.163s
Swin_l_pretrained_yolo_l| train: total_epoch[2/100] total_batch[2538/184800] batch[690/1848] |size: 64x3x800x800 |lr: 0.00075447 |Tot: 1:22:29 |ETA: 3:26:00 |loss 9.0405 |conf_loss 3.8424 |cls_loss 2.4093 |iou_loss 2.7888 |num_fg 4.9050 |Data 0.021s |Batch 5.299s
Swin_l_pretrained_yolo_l| train: total_epoch[2/100] total_batch[2548/184800] batch[700/1848] |size: 64x3x576x576 |lr: 0.00076042 |Tot: 1:23:23 |ETA: 1:44:17 |loss 9.0331 |conf_loss 3.8389 |cls_loss 2.4058 |iou_loss 2.7884 |num_fg 4.9051 |Data 0.005s |Batch 5.352s
Swin_l_pretrained_yolo_l| train: total_epoch[2/100] total_batch[2558/184800] batch[710/1848] |size: 64x3x640x640 |lr: 0.00076640 |Tot: 1:24:21 |ETA: 1:48:52 |loss 9.0265 |conf_loss 3.8364 |cls_loss 2.4024 |iou_loss 2.7878 |num_fg 4.9071 |Data 0.001s |Batch 5.942s
Swin_l_pretrained_yolo_l| train: total_epoch[2/100] total_batch[2568/184800] batch[720/1848] |size: 64x3x640x640 |lr: 0.00077241 |Tot: 1:25:31 |ETA: 2:10:25 |loss 9.0196 |conf_loss 3.8338 |cls_loss 2.3990 |iou_loss 2.7869 |num_fg 4.9094 |Data 0.001s |Batch 5.845s
Swin_l_pretrained_yolo_l| train: total_epoch[2/100] total_batch[2578/184800] batch[730/1848] |size: 64x3x704x704 |lr: 0.00077843 |Tot: 1:26:56 |ETA: 2:42:46 |loss 9.0155 |conf_loss 3.8331 |cls_loss 2.3965 |iou_loss 2.7859 |num_fg 4.9140 |Data 0.036s |Batch 3.612s
Swin_l_pretrained_yolo_l| train: total_epoch[2/100] total_batch[2588/184800] batch[740/1848] |size: 64x3x512x512 |lr: 0.00078448 |Tot: 1:27:43 |ETA: 1:24:03 |loss 9.0092 |conf_loss 3.8292 |cls_loss 2.3938 |iou_loss 2.7862 |num_fg 4.9122 |Data 0.016s |Batch 5.177s
Swin_l_pretrained_yolo_l| train: total_epoch[2/100] total_batch[2598/184800] batch[750/1848] |size: 64x3x480x480 |lr: 0.00079056 |Tot: 1:28:37 |ETA: 1:38:07 |loss 9.0015 |conf_loss 3.8241 |cls_loss 2.3913 |iou_loss 2.7862 |num_fg 4.9104 |Data 0.009s |Batch 5.567s
Swin_l_pretrained_yolo_l| train: total_epoch[2/100] total_batch[2608/184800] batch[760/1848] |size: 64x3x608x608 |lr: 0.00079666 |Tot: 1:29:36 |ETA: 1:46:13 |loss 8.9950 |conf_loss 3.8210 |cls_loss 2.3878 |iou_loss 2.7861 |num_fg 4.9110 |Data 0.005s |Batch 6.395s
Swin_l_pretrained_yolo_l| train: total_epoch[2/100] total_batch[2618/184800] batch[770/1848] |size: 64x3x800x800 |lr: 0.00080278 |Tot: 1:31:19 |ETA: 2:53:16 |loss 8.9921 |conf_loss 3.8224 |cls_loss 2.3844 |iou_loss 2.7853 |num_fg 4.9160 |Data 8.137s |Batch 13.464s
Swin_l_pretrained_yolo_l| train: total_epoch[2/100] total_batch[2628/184800] batch[780/1848] |size: 64x3x608x608 |lr: 0.00080892 |Tot: 1:32:14 |ETA: 1:51:50 |loss 8.9873 |conf_loss 3.8205 |cls_loss 2.3818 |iou_loss 2.7850 |num_fg 4.9175 |Data 0.016s |Batch 5.221s
Swin_l_pretrained_yolo_l| train: total_epoch[2/100] total_batch[2638/184800] batch[790/1848] |size: 64x3x704x704 |lr: 0.00081509 |Tot: 1:33:38 |ETA: 2:28:06 |loss 8.9820 |conf_loss 3.8189 |cls_loss 2.3787 |iou_loss 2.7844 |num_fg 4.9196 |Data 0.027s |Batch 5.313s
Swin_l_pretrained_yolo_l| train: total_epoch[2/100] total_batch[2648/184800] batch[800/1848] |size: 64x3x480x480 |lr: 0.00082128 |Tot: 1:34:56 |ETA: 2:18:02 |loss 8.9754 |conf_loss 3.8146 |cls_loss 2.3760 |iou_loss 2.7847 |num_fg 4.9172 |Data 0.012s |Batch 4.215s
Swin_l_pretrained_yolo_l| train: total_epoch[2/100] total_batch[2658/184800] batch[810/1848] |size: 64x3x608x608 |lr: 0.00082750 |Tot: 1:35:50 |ETA: 1:28:56 |loss 8.9696 |conf_loss 3.8124 |cls_loss 2.3731 |iou_loss 2.7841 |num_fg 4.9181 |Data 0.001s |Batch 6.909s
Swin_l_pretrained_yolo_l| train: total_epoch[2/100] total_batch[2668/184800] batch[820/1848] |size: 64x3x544x544 |lr: 0.00083373 |Tot: 1:36:45 |ETA: 1:36:18 |loss 8.9645 |conf_loss 3.8097 |cls_loss 2.3709 |iou_loss 2.7838 |num_fg 4.9183 |Data 0.044s |Batch 6.080s
Swin_l_pretrained_yolo_l| train: total_epoch[2/100] total_batch[2678/184800] batch[830/1848] |size: 64x3x800x800 |lr: 0.00084000 |Tot: 1:37:55 |ETA: 2:00:00 |loss 8.9635 |conf_loss 3.8121 |cls_loss 2.3683 |iou_loss 2.7831 |num_fg 4.9230 |Data 0.001s |Batch 5.247s
Swin_l_pretrained_yolo_l| train: total_epoch[2/100] total_batch[2688/184800] batch[840/1848] |size: 64x3x640x640 |lr: 0.00084628 |Tot: 1:39:03 |ETA: 1:47:08 |loss 8.9588 |conf_loss 3.8107 |cls_loss 2.3654 |iou_loss 2.7827 |num_fg 4.9246 |Data 4.648s |Batch 9.998s
Swin_l_pretrained_yolo_l| train: total_epoch[2/100] total_batch[2698/184800] batch[850/1848] |size: 64x3x576x576 |lr: 0.00085259 |Tot: 1:39:59 |ETA: 1:39:27 |loss 8.9527 |conf_loss 3.8075 |cls_loss 2.3627 |iou_loss 2.7825 |num_fg 4.9250 |Data 0.001s |Batch 5.583s
Swin_l_pretrained_yolo_l| train: total_epoch[2/100] total_batch[2708/184800] batch[860/1848] |size: 64x3x448x448 |lr: 0.00085892 |Tot: 1:40:50 |ETA: 1:26:04 |loss 8.9447 |conf_loss 3.8019 |cls_loss 2.3600 |iou_loss 2.7828 |num_fg 4.9220 |Data 0.005s |Batch 5.010s
Swin_l_pretrained_yolo_l| train: total_epoch[2/100] total_batch[2718/184800] batch[870/1848] |size: 64x3x800x800 |lr: 0.00086528 |Tot: 1:42:44 |ETA: 3:02:39 |loss 8.9450 |conf_loss 3.8054 |cls_loss 2.3569 |iou_loss 2.7827 |num_fg 4.9256 |Data 0.001s |Batch 6.381s
Swin_l_pretrained_yolo_l| train: total_epoch[2/100] total_batch[2728/184800] batch[880/1848] |size: 64x3x768x768 |lr: 0.00087166 |Tot: 1:43:43 |ETA: 1:32:08 |loss 8.9413 |conf_loss 3.8054 |cls_loss 2.3537 |iou_loss 2.7822 |num_fg 4.9292 |Data 1.664s |Batch 8.319s
Swin_l_pretrained_yolo_l| train: total_epoch[2/100] total_batch[2738/184800] batch[890/1848] |size: 64x3x672x672 |lr: 0.00087806 |Tot: 1:44:50 |ETA: 1:51:38 |loss 8.9356 |conf_loss 3.8036 |cls_loss 2.3503 |iou_loss 2.7817 |num_fg 4.9315 |Data 0.024s |Batch 5.844s
Swin_l_pretrained_yolo_l| train: total_epoch[2/100] total_batch[2748/184800] batch[900/1848] |size: 64x3x544x544 |lr: 0.00088448 |Tot: 1:45:48 |ETA: 1:33:46 |loss 8.9294 |conf_loss 3.8000 |cls_loss 2.3477 |iou_loss 2.7817 |num_fg 4.9303 |Data 0.050s |Batch 5.074s
Swin_l_pretrained_yolo_l| train: total_epoch[2/100] total_batch[2758/184800] batch[910/1848] |size: 64x3x672x672 |lr: 0.00089093 |Tot: 1:47:21 |ETA: 2:11:46 |loss 8.9249 |conf_loss 3.7988 |cls_loss 2.3450 |iou_loss 2.7811 |num_fg 4.9318 |Data 7.953s |Batch 13.116s
Swin_l_pretrained_yolo_l| train: total_epoch[2/100] total_batch[2768/184800] batch[920/1848] |size: 64x3x768x768 |lr: 0.00089740 |Tot: 1:48:28 |ETA: 1:55:13 |loss 8.9203 |conf_loss 3.7983 |cls_loss 2.3417 |iou_loss 2.7803 |num_fg 4.9354 |Data 0.022s |Batch 5.925s
Swin_l_pretrained_yolo_l| train: total_epoch[2/100] total_batch[2778/184800] batch[930/1848] |size: 64x3x736x736 |lr: 0.00090390 |Tot: 1:49:47 |ETA: 2:01:29 |loss 8.9160 |conf_loss 3.7975 |cls_loss 2.3389 |iou_loss 2.7797 |num_fg 4.9375 |Data 0.030s |Batch 5.398s
Swin_l_pretrained_yolo_l| train: total_epoch[2/100] total_batch[2788/184800] batch[940/1848] |size: 64x3x736x736 |lr: 0.00091042 |Tot: 1:51:39 |ETA: 2:50:38 |loss 8.9107 |conf_loss 3.7964 |cls_loss 2.3355 |iou_loss 2.7789 |num_fg 4.9407 |Data 0.001s |Batch 5.288s
Swin_l_pretrained_yolo_l| train: total_epoch[2/100] total_batch[2798/184800] batch[950/1848] |size: 64x3x800x800 |lr: 0.00091696 |Tot: 1:52:51 |ETA: 1:44:23 |loss 8.9068 |conf_loss 3.7965 |cls_loss 2.3325 |iou_loss 2.7778 |num_fg 4.9455 |Data 1.662s |Batch 7.855s
Swin_l_pretrained_yolo_l| train: total_epoch[2/100] total_batch[2808/184800] batch[960/1848] |size: 64x3x704x704 |lr: 0.00092353 |Tot: 1:54:09 |ETA: 1:54:34 |loss 8.9005 |conf_loss 3.7941 |cls_loss 2.3295 |iou_loss 2.7769 |num_fg 4.9484 |Data 1.607s |Batch 8.003s
Swin_l_pretrained_yolo_l| train: total_epoch[2/100] total_batch[2818/184800] batch[970/1848] |size: 64x3x480x480 |lr: 0.00093012 |Tot: 1:54:59 |ETA: 1:17:36 |loss 8.8950 |conf_loss 3.7904 |cls_loss 2.3271 |iou_loss 2.7775 |num_fg 4.9458 |Data 0.013s |Batch 5.564s
Swin_l_pretrained_yolo_l| train: total_epoch[2/100] total_batch[2828/184800] batch[980/1848] |size: 64x3x640x640 |lr: 0.00093673 |Tot: 1:56:21 |ETA: 1:58:44 |loss 8.8907 |conf_loss 3.7890 |cls_loss 2.3246 |iou_loss 2.7771 |num_fg 4.9464 |Data 0.014s |Batch 5.511s
Swin_l_pretrained_yolo_l| train: total_epoch[2/100] total_batch[2838/184800] batch[990/1848] |size: 64x3x704x704 |lr: 0.00094337 |Tot: 1:57:45 |ETA: 1:59:08 |loss 8.8861 |conf_loss 3.7878 |cls_loss 2.3219 |iou_loss 2.7764 |num_fg 4.9491 |Data 0.045s |Batch 5.542s
Swin_l_pretrained_yolo_l| train: total_epoch[2/100] total_batch[2848/184800] batch[1000/1848] |size: 64x3x608x608 |lr: 0.00095003 |Tot: 1:58:42 |ETA: 1:21:05 |loss 8.8803 |conf_loss 3.7851 |cls_loss 2.3191 |iou_loss 2.7761 |num_fg 4.9497 |Data 0.014s |Batch 5.725s
Swin_l_pretrained_yolo_l| train: total_epoch[2/100] total_batch[2858/184800] batch[1010/1848] |size: 64x3x448x448 |lr: 0.00095671 |Tot: 2:00:16 |ETA: 2:10:44 |loss 8.8734 |conf_loss 3.7805 |cls_loss 2.3164 |iou_loss 2.7766 |num_fg 4.9467 |Data 0.035s |Batch 6.684s
Swin_l_pretrained_yolo_l| train: total_epoch[2/100] total_batch[2868/184800] batch[1020/1848] |size: 64x3x768x768 |lr: 0.00096342 |Tot: 2:01:13 |ETA: 1:19:54 |loss 8.8716 |conf_loss 3.7821 |cls_loss 2.3134 |iou_loss 2.7761 |num_fg 4.9500 |Data 0.029s |Batch 5.238s
Swin_l_pretrained_yolo_l| train: total_epoch[2/100] total_batch[2878/184800] batch[1030/1848] |size: 64x3x704x704 |lr: 0.00097015 |Tot: 2:02:32 |ETA: 1:42:05 |loss 8.8671 |conf_loss 3.7809 |cls_loss 2.3106 |iou_loss 2.7756 |num_fg 4.9522 |Data 5.016s |Batch 9.888s
Swin_l_pretrained_yolo_l| train: total_epoch[2/100] total_batch[2888/184800] batch[1040/1848] |size: 64x3x608x608 |lr: 0.00097690 |Tot: 2:03:28 |ETA: 1:19:52 |loss 8.8610 |conf_loss 3.7780 |cls_loss 2.3078 |iou_loss 2.7752 |num_fg 4.9529 |Data 0.001s |Batch 6.570s
Swin_l_pretrained_yolo_l| train: total_epoch[2/100] total_batch[2898/184800] batch[1050/1848] |size: 64x3x512x512 |lr: 0.00098368 |Tot: 2:04:19 |ETA: 1:09:40 |loss 8.8547 |conf_loss 3.7742 |cls_loss 2.3053 |iou_loss 2.7752 |num_fg 4.9515 |Data 0.001s |Batch 5.226s
Swin_l_pretrained_yolo_l| train: total_epoch[2/100] total_batch[2908/184800] batch[1060/1848] |size: 64x3x672x672 |lr: 0.00099048 |Tot: 2:05:44 |ETA: 1:51:12 |loss 8.8504 |conf_loss 3.7732 |cls_loss 2.3027 |iou_loss 2.7745 |num_fg 4.9536 |Data 0.021s |Batch 5.733s
Swin_l_pretrained_yolo_l| train: total_epoch[2/100] total_batch[2918/184800] batch[1070/1848] |size: 64x3x672x672 |lr: 0.00099730 |Tot: 2:06:47 |ETA: 1:21:07 |loss 8.8441 |conf_loss 3.7708 |cls_loss 2.2995 |iou_loss 2.7738 |num_fg 4.9562 |Data 0.005s |Batch 6.041s
Swin_l_pretrained_yolo_l| train: total_epoch[2/100] total_batch[2928/184800] batch[1080/1848] |size: 64x3x576x576 |lr: 0.00100415 |Tot: 2:08:25 |ETA: 2:06:29 |loss 8.8379 |conf_loss 3.7677 |cls_loss 2.2966 |iou_loss 2.7736 |num_fg 4.9563 |Data 0.007s |Batch 4.953s
Swin_l_pretrained_yolo_l| train: total_epoch[2/100] total_batch[2938/184800] batch[1090/1848] |size: 64x3x736x736 |lr: 0.00101102 |Tot: 2:09:24 |ETA: 1:12:51 |loss 8.8341 |conf_loss 3.7675 |cls_loss 2.2937 |iou_loss 2.7729 |num_fg 4.9598 |Data 0.001s |Batch 6.653s
Swin_l_pretrained_yolo_l| train: total_epoch[2/100] total_batch[2948/184800] batch[1100/1848] |size: 64x3x608x608 |lr: 0.00101791 |Tot: 2:10:24 |ETA: 1:12:00 |loss 8.8281 |conf_loss 3.7647 |cls_loss 2.2909 |iou_loss 2.7725 |num_fg 4.9607 |Data 4.714s |Batch 9.251s
Swin_l_pretrained_yolo_l| train: total_epoch[2/100] total_batch[2958/184800] batch[1110/1848] |size: 64x3x544x544 |lr: 0.00102483 |Tot: 2:11:16 |ETA: 1:08:33 |loss 8.8218 |conf_loss 3.7612 |cls_loss 2.2882 |iou_loss 2.7724 |num_fg 4.9605 |Data 0.001s |Batch 5.256s
Swin_l_pretrained_yolo_l| train: total_epoch[2/100] total_batch[2968/184800] batch[1120/1848] |size: 64x3x448x448 |lr: 0.00103177 |Tot: 2:12:06 |ETA: 1:01:43 |loss 8.8162 |conf_loss 3.7572 |cls_loss 2.2860 |iou_loss 2.7730 |num_fg 4.9577 |Data 0.008s |Batch 4.310s
Swin_l_pretrained_yolo_l| train: total_epoch[2/100] total_batch[2978/184800] batch[1130/1848] |size: 64x3x576x576 |lr: 0.00103874 |Tot: 2:13:03 |ETA: 1:08:05 |loss 8.8116 |conf_loss 3.7551 |cls_loss 2.2835 |iou_loss 2.7730 |num_fg 4.9575 |Data 0.021s |Batch 5.019s
Swin_l_pretrained_yolo_l| train: total_epoch[2/100] total_batch[2988/184800] batch[1140/1848] |size: 64x3x480x480 |lr: 0.00104572 |Tot: 2:14:32 |ETA: 1:44:16 |loss 8.8055 |conf_loss 3.7512 |cls_loss 2.2812 |iou_loss 2.7731 |num_fg 4.9559 |Data 0.009s |Batch 5.205s
Swin_l_pretrained_yolo_l| train: total_epoch[2/100] total_batch[2998/184800] batch[1150/1848] |size: 64x3x448x448 |lr: 0.00105274 |Tot: 2:15:27 |ETA: 1:02:00 |loss 8.7995 |conf_loss 3.7471 |cls_loss 2.2791 |iou_loss 2.7734 |num_fg 4.9541 |Data 0.001s |Batch 7.091s
Swin_l_pretrained_yolo_l| train: total_epoch[2/100] total_batch[3008/184800] batch[1160/1848] |size: 64x3x672x672 |lr: 0.00105977 |Tot: 2:16:22 |ETA: 1:04:58 |loss 8.7951 |conf_loss 3.7459 |cls_loss 2.2764 |iou_loss 2.7728 |num_fg 4.9558 |Data 0.025s |Batch 5.589s
Swin_l_pretrained_yolo_l| train: total_epoch[2/100] total_batch[3018/184800] batch[1170/1848] |size: 64x3x800x800 |lr: 0.00106683 |Tot: 2:17:52 |ETA: 1:42:08 |loss 8.7918 |conf_loss 3.7458 |cls_loss 2.2736 |iou_loss 2.7724 |num_fg 4.9592 |Data 0.027s |Batch 6.067s
Swin_l_pretrained_yolo_l| train: total_epoch[2/100] total_batch[3028/184800] batch[1180/1848] |size: 64x3x480x480 |lr: 0.00107391 |Tot: 2:18:45 |ETA: 0:58:29 |loss 8.7875 |conf_loss 3.7433 |cls_loss 2.2716 |iou_loss 2.7726 |num_fg 4.9577 |Data 0.001s |Batch 6.391s
Swin_l_pretrained_yolo_l| train: total_epoch[2/100] total_batch[3038/184800] batch[1190/1848] |size: 64x3x672x672 |lr: 0.00108101 |Tot: 2:19:53 |ETA: 1:15:02 |loss 8.7834 |conf_loss 3.7425 |cls_loss 2.2689 |iou_loss 2.7720 |num_fg 4.9599 |Data 0.005s |Batch 6.385s
Swin_l_pretrained_yolo_l| train: total_epoch[2/100] total_batch[3048/184800] batch[1200/1848] |size: 64x3x640x640 |lr: 0.00108814 |Tot: 2:21:05 |ETA: 1:18:18 |loss 8.7787 |conf_loss 3.7406 |cls_loss 2.2666 |iou_loss 2.7715 |num_fg 4.9615 |Data 0.001s |Batch 5.527s
Swin_l_pretrained_yolo_l| train: total_epoch[2/100] total_batch[3058/184800] batch[1210/1848] |size: 64x3x768x768 |lr: 0.00109529 |Tot: 2:22:46 |ETA: 1:44:24 |loss 8.7752 |conf_loss 3.7405 |cls_loss 2.2638 |iou_loss 2.7709 |num_fg 4.9649 |Data 1.236s |Batch 8.339s
Swin_l_pretrained_yolo_l| train: total_epoch[2/100] total_batch[3068/184800] batch[1220/1848] |size: 64x3x672x672 |lr: 0.00110247 |Tot: 2:23:40 |ETA: 0:59:35 |loss 8.7704 |conf_loss 3.7388 |cls_loss 2.2611 |iou_loss 2.7705 |num_fg 4.9665 |Data 0.036s |Batch 5.230s
Swin_l_pretrained_yolo_l| train: total_epoch[2/100] total_batch[3078/184800] batch[1230/1848] |size: 64x3x640x640 |lr: 0.00110967 |Tot: 2:24:42 |ETA: 1:04:02 |loss 8.7654 |conf_loss 3.7367 |cls_loss 2.2586 |iou_loss 2.7701 |num_fg 4.9678 |Data 0.025s |Batch 5.149s
Swin_l_pretrained_yolo_l| train: total_epoch[2/100] total_batch[3088/184800] batch[1240/1848] |size: 64x3x768x768 |lr: 0.00111689 |Tot: 2:26:23 |ETA: 1:42:26 |loss 8.7612 |conf_loss 3.7360 |cls_loss 2.2558 |iou_loss 2.7693 |num_fg 4.9709 |Data 0.001s |Batch 5.718s
Swin_l_pretrained_yolo_l| train: total_epoch[2/100] total_batch[3098/184800] batch[1250/1848] |size: 64x3x704x704 |lr: 0.00112414 |Tot: 2:27:33 |ETA: 1:10:28 |loss 8.7561 |conf_loss 3.7345 |cls_loss 2.2531 |iou_loss 2.7685 |num_fg 4.9736 |Data 0.026s |Batch 5.161s
Swin_l_pretrained_yolo_l| train: total_epoch[2/100] total_batch[3108/184800] batch[1260/1848] |size: 64x3x736x736 |lr: 0.00113140 |Tot: 2:28:55 |ETA: 1:19:01 |loss 8.7519 |conf_loss 3.7334 |cls_loss 2.2504 |iou_loss 2.7680 |num_fg 4.9758 |Data 0.023s |Batch 6.335s
Swin_l_pretrained_yolo_l| train: total_epoch[2/100] total_batch[3118/184800] batch[1270/1848] |size: 64x3x672x672 |lr: 0.00113870 |Tot: 2:30:04 |ETA: 1:06:04 |loss 8.7466 |conf_loss 3.7314 |cls_loss 2.2476 |iou_loss 2.7676 |num_fg 4.9771 |Data 0.059s |Batch 6.823s
Swin_l_pretrained_yolo_l| train: total_epoch[2/100] total_batch[3128/184800] batch[1280/1848] |size: 64x3x448x448 |lr: 0.00114601 |Tot: 2:31:19 |ETA: 1:14:34 |loss 8.7414 |conf_loss 3.7278 |cls_loss 2.2456 |iou_loss 2.7680 |num_fg 4.9748 |Data 0.006s |Batch 3.670s
Swin_l_pretrained_yolo_l| train: total_epoch[2/100] total_batch[3138/184800] batch[1290/1848] |size: 64x3x640x640 |lr: 0.00115335 |Tot: 2:32:15 |ETA: 0:48:12 |loss 8.7380 |conf_loss 3.7272 |cls_loss 2.2432 |iou_loss 2.7676 |num_fg 4.9762 |Data 0.043s |Batch 7.413s
Swin_l_pretrained_yolo_l| train: total_epoch[2/100] total_batch[3148/184800] batch[1300/1848] |size: 64x3x512x512 |lr: 0.00116071 |Tot: 2:33:06 |ETA: 0:49:18 |loss 8.7328 |conf_loss 3.7243 |cls_loss 2.2410 |iou_loss 2.7675 |num_fg 4.9756 |Data 0.014s |Batch 5.320s
Swin_l_pretrained_yolo_l| train: total_epoch[2/100] total_batch[3158/184800] batch[1310/1848] |size: 64x3x544x544 |lr: 0.00116810 |Tot: 2:34:05 |ETA: 0:52:20 |loss 8.7269 |conf_loss 3.7211 |cls_loss 2.2386 |iou_loss 2.7672 |num_fg 4.9754 |Data 0.020s |Batch 5.354s
Swin_l_pretrained_yolo_l| train: total_epoch[2/100] total_batch[3168/184800] batch[1320/1848] |size: 64x3x768x768 |lr: 0.00117551 |Tot: 2:35:12 |ETA: 0:59:00 |loss 8.7231 |conf_loss 3.7208 |cls_loss 2.2358 |iou_loss 2.7665 |num_fg 4.9786 |Data 0.001s |Batch 5.512s
Swin_l_pretrained_yolo_l| train: total_epoch[2/100] total_batch[3178/184800] batch[1330/1848] |size: 64x3x512x512 |lr: 0.00118294 |Tot: 2:36:04 |ETA: 0:45:52 |loss 8.7183 |conf_loss 3.7182 |cls_loss 2.2336 |iou_loss 2.7666 |num_fg 4.9778 |Data 0.001s |Batch 5.169s
Swin_l_pretrained_yolo_l| train: total_epoch[2/100] total_batch[3188/184800] batch[1340/1848] |size: 64x3x736x736 |lr: 0.00119040 |Tot: 2:37:23 |ETA: 1:06:19 |loss 8.7157 |conf_loss 3.7183 |cls_loss 2.2313 |iou_loss 2.7660 |num_fg 4.9805 |Data 0.024s |Batch 5.650s
Swin_l_pretrained_yolo_l| train: total_epoch[2/100] total_batch[3198/184800] batch[1350/1848] |size: 64x3x672x672 |lr: 0.00119788 |Tot: 2:39:01 |ETA: 1:21:16 |loss 8.7110 |conf_loss 3.7166 |cls_loss 2.2289 |iou_loss 2.7656 |num_fg 4.9818 |Data 0.021s |Batch 5.537s
Swin_l_pretrained_yolo_l| train: total_epoch[2/100] total_batch[3208/184800] batch[1360/1848] |size: 64x3x480x480 |lr: 0.00120538 |Tot: 2:39:56 |ETA: 0:44:15 |loss 8.7062 |conf_loss 3.7134 |cls_loss 2.2270 |iou_loss 2.7658 |num_fg 4.9803 |Data 0.001s |Batch 6.708s
Swin_l_pretrained_yolo_l| train: total_epoch[2/100] total_batch[3218/184800] batch[1370/1848] |size: 64x3x704x704 |lr: 0.00121291 |Tot: 2:41:05 |ETA: 0:55:51 |loss 8.7025 |conf_loss 3.7129 |cls_loss 2.2245 |iou_loss 2.7652 |num_fg 4.9821 |Data 0.026s |Batch 5.351s
Swin_l_pretrained_yolo_l| train: total_epoch[2/100] total_batch[3228/184800] batch[1380/1848] |size: 64x3x800x800 |lr: 0.00122046 |Tot: 2:42:45 |ETA: 1:18:24 |loss 8.6987 |conf_loss 3.7124 |cls_loss 2.2217 |iou_loss 2.7646 |num_fg 4.9852 |Data 0.001s |Batch 5.867s
Swin_l_pretrained_yolo_l| train: total_epoch[2/100] total_batch[3238/184800] batch[1390/1848] |size: 64x3x608x608 |lr: 0.00122803 |Tot: 2:43:52 |ETA: 0:51:32 |loss 8.6943 |conf_loss 3.7105 |cls_loss 2.2195 |iou_loss 2.7643 |num_fg 4.9859 |Data 0.013s |Batch 5.287s
Swin_l_pretrained_yolo_l| train: total_epoch[2/100] total_batch[3248/184800] batch[1400/1848] |size: 64x3x640x640 |lr: 0.00123563 |Tot: 2:44:48 |ETA: 0:41:06 |loss 8.6901 |conf_loss 3.7088 |cls_loss 2.2174 |iou_loss 2.7639 |num_fg 4.9866 |Data 0.011s |Batch 5.739s
Swin_l_pretrained_yolo_l| train: total_epoch[2/100] total_batch[3258/184800] batch[1410/1848] |size: 64x3x800x800 |lr: 0.00124325 |Tot: 2:46:37 |ETA: 1:20:40 |loss 8.6862 |conf_loss 3.7083 |cls_loss 2.2149 |iou_loss 2.7631 |num_fg 4.9891 |Data 0.033s |Batch 5.065s
Swin_l_pretrained_yolo_l| train: total_epoch[2/100] total_batch[3268/184800] batch[1420/1848] |size: 64x3x800x800 |lr: 0.00125089 |Tot: 2:48:10 |ETA: 1:05:48 |loss 8.6825 |conf_loss 3.7077 |cls_loss 2.2123 |iou_loss 2.7626 |num_fg 4.9915 |Data 0.001s |Batch 6.422s
Swin_l_pretrained_yolo_l| train: total_epoch[2/100] total_batch[3278/184800] batch[1430/1848] |size: 64x3x480x480 |lr: 0.00125856 |Tot: 2:48:59 |ETA: 0:34:41 |loss 8.6784 |conf_loss 3.7053 |cls_loss 2.2104 |iou_loss 2.7627 |num_fg 4.9903 |Data 0.007s |Batch 5.526s
Swin_l_pretrained_yolo_l| train: total_epoch[2/100] total_batch[3288/184800] batch[1440/1848] |size: 64x3x672x672 |lr: 0.00126625 |Tot: 2:50:14 |ETA: 0:51:07 |loss 8.6746 |conf_loss 3.7043 |cls_loss 2.2080 |iou_loss 2.7623 |num_fg 4.9918 |Data 0.039s |Batch 5.171s
Swin_l_pretrained_yolo_l| train: total_epoch[2/100] total_batch[3298/184800] batch[1450/1848] |size: 64x3x768x768 |lr: 0.00127396 |Tot: 2:51:46 |ETA: 1:01:23 |loss 8.6707 |conf_loss 3.7034 |cls_loss 2.2057 |iou_loss 2.7616 |num_fg 4.9941 |Data 0.019s |Batch 4.636s
Swin_l_pretrained_yolo_l| train: total_epoch[2/100] total_batch[3308/184800] batch[1460/1848] |size: 64x3x480x480 |lr: 0.00128170 |Tot: 2:52:37 |ETA: 0:32:30 |loss 8.6662 |conf_loss 3.7008 |cls_loss 2.2038 |iou_loss 2.7616 |num_fg 4.9932 |Data 0.001s |Batch 5.501s
Swin_l_pretrained_yolo_l| train: total_epoch[2/100] total_batch[3318/184800] batch[1470/1848] |size: 64x3x640x640 |lr: 0.00128946 |Tot: 2:53:34 |ETA: 0:35:24 |loss 8.6625 |conf_loss 3.6997 |cls_loss 2.2016 |iou_loss 2.7612 |num_fg 4.9943 |Data 0.001s |Batch 7.206s
Swin_l_pretrained_yolo_l| train: total_epoch[2/100] total_batch[3328/184800] batch[1480/1848] |size: 64x3x704x704 |lr: 0.00129725 |Tot: 2:54:51 |ETA: 0:48:19 |loss 8.6581 |conf_loss 3.6982 |cls_loss 2.1992 |iou_loss 2.7606 |num_fg 4.9963 |Data 0.009s |Batch 5.275s
Swin_l_pretrained_yolo_l| train: total_epoch[2/100] total_batch[3338/184800] batch[1490/1848] |size: 64x3x512x512 |lr: 0.00130505 |Tot: 2:56:24 |ETA: 0:55:57 |loss 8.6542 |conf_loss 3.6960 |cls_loss 2.1976 |iou_loss 2.7606 |num_fg 4.9956 |Data 0.001s |Batch 5.260s
Swin_l_pretrained_yolo_l| train: total_epoch[2/100] total_batch[3348/184800] batch[1500/1848] |size: 64x3x768x768 |lr: 0.00131289 |Tot: 2:57:25 |ETA: 0:35:01 |loss 8.6512 |conf_loss 3.6959 |cls_loss 2.1953 |iou_loss 2.7599 |num_fg 4.9977 |Data 0.031s |Batch 5.465s
Swin_l_pretrained_yolo_l| train: total_epoch[2/100] total_batch[3358/184800] batch[1510/1848] |size: 64x3x608x608 |lr: 0.00132074 |Tot: 2:58:22 |ETA: 0:32:16 |loss 8.6471 |conf_loss 3.6942 |cls_loss 2.1932 |iou_loss 2.7597 |num_fg 4.9987 |Data 0.001s |Batch 5.538s
Swin_l_pretrained_yolo_l| train: total_epoch[2/100] total_batch[3368/184800] batch[1520/1848] |size: 64x3x704x704 |lr: 0.00132862 |Tot: 2:59:25 |ETA: 0:34:27 |loss 8.6427 |conf_loss 3.6928 |cls_loss 2.1909 |iou_loss 2.7590 |num_fg 5.0008 |Data 0.030s |Batch 5.548s
Swin_l_pretrained_yolo_l| train: total_epoch[2/100] total_batch[3378/184800] batch[1530/1848] |size: 64x3x512x512 |lr: 0.00133652 |Tot: 3:00:20 |ETA: 0:28:36 |loss 8.6385 |conf_loss 3.6904 |cls_loss 2.1890 |iou_loss 2.7590 |num_fg 5.0000 |Data 0.001s |Batch 7.262s
Swin_l_pretrained_yolo_l| train: total_epoch[2/100] total_batch[3388/184800] batch[1540/1848] |size: 64x3x704x704 |lr: 0.00134444 |Tot: 3:01:36 |ETA: 0:39:30 |loss 8.6348 |conf_loss 3.6898 |cls_loss 2.1867 |iou_loss 2.7583 |num_fg 5.0022 |Data 0.021s |Batch 6.050s
Swin_l_pretrained_yolo_l| train: total_epoch[2/100] total_batch[3398/184800] batch[1550/1848] |size: 64x3x544x544 |lr: 0.00135239 |Tot: 3:02:37 |ETA: 0:30:38 |loss 8.6305 |conf_loss 3.6875 |cls_loss 2.1847 |iou_loss 2.7582 |num_fg 5.0017 |Data 0.001s |Batch 5.511s
Swin_l_pretrained_yolo_l| train: total_epoch[2/100] total_batch[3408/184800] batch[1560/1848] |size: 64x3x672x672 |lr: 0.00136036 |Tot: 3:04:10 |ETA: 0:44:23 |loss 8.6270 |conf_loss 3.6865 |cls_loss 2.1827 |iou_loss 2.7578 |num_fg 5.0030 |Data 0.026s |Batch 6.231s
Swin_l_pretrained_yolo_l| train: total_epoch[2/100] total_batch[3418/184800] batch[1570/1848] |size: 64x3x800x800 |lr: 0.00136836 |Tot: 3:05:14 |ETA: 0:29:40 |loss 8.6235 |conf_loss 3.6860 |cls_loss 2.1803 |iou_loss 2.7573 |num_fg 5.0057 |Data 0.005s |Batch 6.685s
Swin_l_pretrained_yolo_l| train: total_epoch[2/100] total_batch[3428/184800] batch[1580/1848] |size: 64x3x512x512 |lr: 0.00137638 |Tot: 3:06:05 |ETA: 0:23:34 |loss 8.6198 |conf_loss 3.6840 |cls_loss 2.1786 |iou_loss 2.7572 |num_fg 5.0056 |Data 0.001s |Batch 5.145s
Swin_l_pretrained_yolo_l| train: total_epoch[2/100] total_batch[3438/184800] batch[1590/1848] |size: 64x3x672x672 |lr: 0.00138442 |Tot: 3:07:17 |ETA: 0:31:02 |loss 8.6155 |conf_loss 3.6825 |cls_loss 2.1765 |iou_loss 2.7565 |num_fg 5.0071 |Data 0.017s |Batch 6.002s
Swin_l_pretrained_yolo_l| train: total_epoch[2/100] total_batch[3448/184800] batch[1600/1848] |size: 64x3x448x448 |lr: 0.00139249 |Tot: 3:08:11 |ETA: 0:22:47 |loss 8.6116 |conf_loss 3.6799 |cls_loss 2.1749 |iou_loss 2.7568 |num_fg 5.0054 |Data 0.037s |Batch 4.883s
Swin_l_pretrained_yolo_l| train: total_epoch[2/100] total_batch[3458/184800] batch[1610/1848] |size: 64x3x512x512 |lr: 0.00140057 |Tot: 3:09:08 |ETA: 0:22:40 |loss 8.6073 |conf_loss 3.6775 |cls_loss 2.1732 |iou_loss 2.7566 |num_fg 5.0053 |Data 0.001s |Batch 5.196s
Swin_l_pretrained_yolo_l| train: total_epoch[2/100] total_batch[3468/184800] batch[1620/1848] |size: 64x3x544x544 |lr: 0.00140869 |Tot: 3:10:06 |ETA: 0:22:02 |loss 8.6029 |conf_loss 3.6752 |cls_loss 2.1715 |iou_loss 2.7563 |num_fg 5.0055 |Data 0.005s |Batch 5.107s
Swin_l_pretrained_yolo_l| train: total_epoch[2/100] total_batch[3478/184800] batch[1630/1848] |size: 64x3x736x736 |lr: 0.00141682 |Tot: 3:11:31 |ETA: 0:30:51 |loss 8.5996 |conf_loss 3.6744 |cls_loss 2.1693 |iou_loss 2.7558 |num_fg 5.0074 |Data 0.001s |Batch 5.343s
Swin_l_pretrained_yolo_l| train: total_epoch[2/100] total_batch[3488/184800] batch[1640/1848] |size: 64x3x576x576 |lr: 0.00142498 |Tot: 3:13:01 |ETA: 0:31:18 |loss 8.5951 |conf_loss 3.6722 |cls_loss 2.1674 |iou_loss 2.7555 |num_fg 5.0081 |Data 0.001s |Batch 5.664s
Swin_l_pretrained_yolo_l| train: total_epoch[2/100] total_batch[3498/184800] batch[1650/1848] |size: 64x3x768x768 |lr: 0.00143316 |Tot: 3:14:16 |ETA: 0:25:08 |loss 8.5917 |conf_loss 3.6716 |cls_loss 2.1653 |iou_loss 2.7548 |num_fg 5.0104 |Data 0.031s |Batch 5.280s
Swin_l_pretrained_yolo_l| train: total_epoch[2/100] total_batch[3508/184800] batch[1660/1848] |size: 64x3x448x448 |lr: 0.00144137 |Tot: 3:15:09 |ETA: 0:16:42 |loss 8.5884 |conf_loss 3.6695 |cls_loss 2.1639 |iou_loss 2.7550 |num_fg 5.0089 |Data 0.025s |Batch 4.989s
Swin_l_pretrained_yolo_l| train: total_epoch[2/100] total_batch[3518/184800] batch[1670/1848] |size: 64x3x800x800 |lr: 0.00144960 |Tot: 3:16:16 |ETA: 0:20:03 |loss 8.5868 |conf_loss 3.6705 |cls_loss 2.1616 |iou_loss 2.7546 |num_fg 5.0110 |Data 0.046s |Batch 5.032s
Swin_l_pretrained_yolo_l| train: total_epoch[2/100] total_batch[3528/184800] batch[1680/1848] |size: 64x3x576x576 |lr: 0.00145785 |Tot: 3:17:12 |ETA: 0:15:19 |loss 8.5834 |conf_loss 3.6689 |cls_loss 2.1599 |iou_loss 2.7545 |num_fg 5.0111 |Data 0.020s |Batch 6.293s
Swin_l_pretrained_yolo_l| train: total_epoch[2/100] total_batch[3538/184800] batch[1690/1848] |size: 64x3x448x448 |lr: 0.00146613 |Tot: 3:18:04 |ETA: 0:13:57 |loss 8.5796 |conf_loss 3.6661 |cls_loss 2.1586 |iou_loss 2.7549 |num_fg 5.0092 |Data 0.018s |Batch 5.825s
Swin_l_pretrained_yolo_l| train: total_epoch[2/100] total_batch[3548/184800] batch[1700/1848] |size: 64x3x480x480 |lr: 0.00147443 |Tot: 3:18:56 |ETA: 0:12:46 |loss 8.5755 |conf_loss 3.6636 |cls_loss 2.1570 |iou_loss 2.7549 |num_fg 5.0082 |Data 0.021s |Batch 6.157s
Swin_l_pretrained_yolo_l| train: total_epoch[2/100] total_batch[3558/184800] batch[1710/1848] |size: 64x3x736x736 |lr: 0.00148275 |Tot: 3:20:33 |ETA: 0:22:42 |loss 8.5729 |conf_loss 3.6635 |cls_loss 2.1550 |iou_loss 2.7544 |num_fg 5.0102 |Data 0.001s |Batch 5.661s
Swin_l_pretrained_yolo_l| train: total_epoch[2/100] total_batch[3568/184800] batch[1720/1848] |size: 64x3x800x800 |lr: 0.00149110 |Tot: 3:22:23 |ETA: 0:23:25 |loss 8.5700 |conf_loss 3.6631 |cls_loss 2.1529 |iou_loss 2.7540 |num_fg 5.0126 |Data 0.041s |Batch 6.309s
Swin_l_pretrained_yolo_l| train: total_epoch[2/100] total_batch[3578/184800] batch[1730/1848] |size: 64x3x608x608 |lr: 0.00149947 |Tot: 3:23:17 |ETA: 0:11:02 |loss 8.5659 |conf_loss 3.6614 |cls_loss 2.1509 |iou_loss 2.7536 |num_fg 5.0133 |Data 0.001s |Batch 5.363s
Swin_l_pretrained_yolo_l| train: total_epoch[2/100] total_batch[3588/184800] batch[1740/1848] |size: 64x3x800x800 |lr: 0.00150786 |Tot: 3:25:00 |ETA: 0:18:40 |loss 8.5624 |conf_loss 3.6607 |cls_loss 2.1488 |iou_loss 2.7529 |num_fg 5.0160 |Data 0.029s |Batch 5.766s
Swin_l_pretrained_yolo_l| train: total_epoch[2/100] total_batch[3598/184800] batch[1750/1848] |size: 64x3x704x704 |lr: 0.00151628 |Tot: 3:26:19 |ETA: 0:13:02 |loss 8.5582 |conf_loss 3.6592 |cls_loss 2.1466 |iou_loss 2.7524 |num_fg 5.0175 |Data 0.022s |Batch 5.141s
Swin_l_pretrained_yolo_l| train: total_epoch[2/100] total_batch[3608/184800] batch[1760/1848] |size: 64x3x512x512 |lr: 0.00152472 |Tot: 3:27:07 |ETA: 0:07:07 |loss 8.5537 |conf_loss 3.6568 |cls_loss 2.1448 |iou_loss 2.7521 |num_fg 5.0171 |Data 0.024s |Batch 5.416s
Swin_l_pretrained_yolo_l| train: total_epoch[2/100] total_batch[3618/184800] batch[1770/1848] |size: 64x3x512x512 |lr: 0.00153318 |Tot: 3:28:00 |ETA: 0:07:06 |loss 8.5495 |conf_loss 3.6542 |cls_loss 2.1432 |iou_loss 2.7520 |num_fg 5.0164 |Data 0.001s |Batch 5.012s
Swin_l_pretrained_yolo_l| train: total_epoch[2/100] total_batch[3628/184800] batch[1780/1848] |size: 64x3x480x480 |lr: 0.00154167 |Tot: 3:28:56 |ETA: 0:06:11 |loss 8.5451 |conf_loss 3.6516 |cls_loss 2.1415 |iou_loss 2.7519 |num_fg 5.0156 |Data 0.009s |Batch 6.495s
Swin_l_pretrained_yolo_l| train: total_epoch[2/100] total_batch[3638/184800] batch[1790/1848] |size: 64x3x800x800 |lr: 0.00155018 |Tot: 3:30:42 |ETA: 0:10:27 |loss 8.5427 |conf_loss 3.6519 |cls_loss 2.1396 |iou_loss 2.7512 |num_fg 5.0183 |Data 1.078s |Batch 6.395s
Swin_l_pretrained_yolo_l| train: total_epoch[2/100] total_batch[3648/184800] batch[1800/1848] |size: 64x3x512x512 |lr: 0.00155871 |Tot: 3:32:05 |ETA: 0:06:49 |loss 8.5391 |conf_loss 3.6499 |cls_loss 2.1379 |iou_loss 2.7512 |num_fg 5.0175 |Data 0.001s |Batch 6.773s
Swin_l_pretrained_yolo_l| train: total_epoch[2/100] total_batch[3658/184800] batch[1810/1848] |size: 64x3x672x672 |lr: 0.00156727 |Tot: 3:32:58 |ETA: 0:03:32 |loss 8.5359 |conf_loss 3.6490 |cls_loss 2.1360 |iou_loss 2.7509 |num_fg 5.0189 |Data 0.001s |Batch 5.140s
Swin_l_pretrained_yolo_l| train: total_epoch[2/100] total_batch[3668/184800] batch[1820/1848] |size: 64x3x736x736 |lr: 0.00157585 |Tot: 3:34:19 |ETA: 0:03:53 |loss 8.5325 |conf_loss 3.6482 |cls_loss 2.1340 |iou_loss 2.7503 |num_fg 5.0210 |Data 0.041s |Batch 5.788s
Swin_l_pretrained_yolo_l| train: total_epoch[2/100] total_batch[3678/184800] batch[1830/1848] |size: 64x3x544x544 |lr: 0.00158445 |Tot: 3:34:54 |ETA: 0:01:13 |loss 8.5288 |conf_loss 3.6463 |cls_loss 2.1323 |iou_loss 2.7502 |num_fg 5.0210 |Data 0.001s |Batch 2.673s
Swin_l_pretrained_yolo_l| train: total_epoch[2/100] total_batch[3688/184800] batch[1840/1848] |size: 64x3x640x640 |lr: 0.00159308 |Tot: 3:35:15 |ETA: 0:00:21 |loss 8.5252 |conf_loss 3.6451 |cls_loss 2.1304 |iou_loss 2.7497 |num_fg 5.0221 |Data 0.000s |Batch 1.704s
/user/home/bq18557/work-env/lib/python3.8/site-packages/torch/nn/parallel/_functions.py:68: UserWarning: Was asked to gather along dimension 0, but all input tensors were scalars; will instead unsqueeze and return a vector.
  warnings.warn('Was asked to gather along dimension 0, but all '
Swin_l_pretrained_yolo_l| val: total_epoch[2/100] total_batch[10/79] batch[10/79] |size: 64x3x640x640 |lr: 0.00160000 |Tot: 0:01:57 |ETA: 0:14:40 |loss 6.2978 |conf_loss 2.8526 |cls_loss 1.1715 |iou_loss 2.2737 |num_fg 6.2305 |Data 0.003s |Batch 4.449s
Traceback (most recent call last):
  File "train.py", line 213, in <module>
    main()
  File "train.py", line 200, in main
    train(model, scaler, train_loader, val_loader, optimizer, lr_scheduler, start_epoch, no_aug)
  File "train.py", line 131, in train
    loss_dict_val, preds = run_epoch(ema.ema, optimizer, None, None, "val", epoch, val_loader,
  File "train.py", line 67, in run_epoch
    yolo_outputs, loss_stats = model_with_loss(inps, targets=targets)
  File "/user/home/bq18557/work-env/lib/python3.8/site-packages/torch/nn/modules/module.py", line 1110, in _call_impl
    return forward_call(*input, **kwargs)
  File "/user/home/bq18557/Transformer-YOLOX/models/yolox.py", line 107, in forward
    body_feats = self.backbone(inputs)
  File "/user/home/bq18557/work-env/lib/python3.8/site-packages/torch/nn/modules/module.py", line 1110, in _call_impl
    return forward_call(*input, **kwargs)
  File "/user/home/bq18557/Transformer-YOLOX/models/backbone/swin_transformer.py", line 735, in forward
    x_out, H, W, x, Wh, Ww = layer(x, Wh, Ww)
  File "/user/home/bq18557/work-env/lib/python3.8/site-packages/torch/nn/modules/module.py", line 1110, in _call_impl
    return forward_call(*input, **kwargs)
  File "/user/home/bq18557/Transformer-YOLOX/models/backbone/swin_transformer.py", line 508, in forward
    x = blk(x, attn_mask)
  File "/user/home/bq18557/work-env/lib/python3.8/site-packages/torch/nn/modules/module.py", line 1110, in _call_impl
    return forward_call(*input, **kwargs)
  File "/user/home/bq18557/Transformer-YOLOX/models/backbone/swin_transformer.py", line 345, in forward
    attn_windows = self.attn(x_windows, mask=attn_mask)  # nW*B, window_size*window_size, C
  File "/user/home/bq18557/work-env/lib/python3.8/site-packages/torch/nn/modules/module.py", line 1110, in _call_impl
    return forward_call(*input, **kwargs)
  File "/user/home/bq18557/Transformer-YOLOX/models/backbone/swin_transformer.py", line 253, in forward
    attn = attn.view(B_ // nW, nW, self.num_heads, N, N) + mask.unsqueeze(1).unsqueeze(0)
RuntimeError: CUDA out of memory. Tried to allocate 932.00 MiB (GPU 0; 10.76 GiB total capacity; 5.92 GiB already allocated; 849.44 MiB free; 8.60 GiB reserved in total by PyTorch) If reserved memory is >> allocated memory try setting max_split_size_mb to avoid fragmentation.  See documentation for Memory Management and PYTORCH_CUDA_ALLOC_CONF
