cpu-bind=MASK - bp1-gpu030, task 4294967295 4294967295 [0]: mask 0x10001 set
==>> input params: ['gpus=0,1,2,3', 'backbone=Cov-l', 'num_epochs=50', 'exp_id=Covnext-YOLO', 'freeze_backbone=True', 'coco_train=True', 'cov_pretrained=True', 'save_epoch=10', 'use_amp=True', 'val_intervals=2', 'data_num_workers=14', 'batch_size=64', 'random_size=[14,26]', 'input_size=[640,640]', 'test_size=[640,640]']
[INFO] change param: gpus 0 -> (0, 1, 2, 3) ('tuple')
[INFO] change param: backbone CSPDarknet-s -> Cov-l ('str')
[INFO] change param: num_epochs 300 -> 50 ('int')
[INFO] change param: exp_id gputest1 -> Covnext-YOLO ('str')
[INFO] change param: freeze_backbone False -> True ('bool')
[INFO] change param: coco_train False -> True ('bool')
[INFO] change param: cov_pretrained False -> True ('bool')
[INFO] change param: save_epoch 5 -> 10 ('int')
[INFO] same param: use_amp=True ('bool')
[INFO] same param: val_intervals=2 ('int')
[INFO] change param: data_num_workers 4 -> 14 ('int')
[INFO] change param: batch_size 24 -> 64 ('int')
[INFO] change param: random_size None -> [14, 26] ('list')
[INFO] same param: input_size=[640, 640] ('list')
[INFO] same param: test_size=[640, 640] ('list')
[INFO] re-change param: gpus [0, 1, 2, 3] to 0,1,2,3 'str' 

-------------------- final config: --------------------
{'exp_id': 'Covnext-YOLO', 'dataset_path': '/user/home/bq18557/scratch/COCO', 'backbone': 'Cov-l', 'input_size': [640, 640], 'random_size': [14, 26], 'test_size': [640, 640], 'gpus': [0, 1, 2, 3], 'batch_size': 64, 'val_batch_size': 4, 'master_batch_size': 16, 'num_epochs': 50, 'swin_pretrained': False, 'swin_weights_path': None, 'csp_pretrained': False, 'csp_weights_path': None, 'cov_pretrained': True, 'coco_train': True, 'freeze_backbone': True, 'label_name': ['person', 'bicycle', 'car', 'motorcycle', 'airplane', 'bus', 'train', 'truck', 'boat', 'traffic light', 'fire hydrant', 'stop sign', 'parking meter', 'bench', 'bird', 'cat', 'dog', 'horse', 'sheep', 'cow', 'elephant', 'bear', 'zebra', 'giraffe', 'backpack', 'umbrella', 'handbag', 'tie', 'suitcase', 'frisbee', 'skis', 'snowboard', 'sports ball', 'kite', 'baseball bat', 'baseball glove', 'skateboard', 'surfboard', 'tennis racket', 'bottle', 'wine glass', 'cup', 'fork', 'knife', 'spoon', 'bowl', 'banana', 'apple', 'sandwich', 'orange', 'broccoli', 'carrot', 'hot dog', 'pizza', 'donut', 'cake', 'chair', 'couch', 'potted plant', 'bed', 'dining table', 'toilet', 'tv', 'laptop', 'mouse', 'remote', 'keyboard', 'cell phone', 'microwave', 'oven', 'toaster', 'sink', 'refrigerator', 'book', 'clock', 'vase', 'scissors', 'teddy bear', 'hair drier', 'toothbrush'], 'reid_dim': 0, 'tracking_id_nums': None, 'warmup_lr': 0, 'basic_lr_per_img': 0.00015625, 'scheduler': 'yoloxwarmcos', 'no_aug_epochs': 15, 'min_lr_ratio': 0.05, 'weight_decay': 0.0005, 'warmup_epochs': 5, 'depth_wise': False, 'stride': [8, 16, 32], 'degrees': 10.0, 'translate': 0.1, 'scale': [0.1, 2], 'shear': 2.0, 'perspective': 0.0, 'enable_mixup': True, 'seed': None, 'mosaic_prob': 1.0, 'mixup_prob': 1.0, 'data_num_workers': 14, 'momentum': 0.9, 'vis_thresh': 0.3, 'load_model': '', 'ema': True, 'grad_clip': {'max_norm': 35, 'norm_type': 2}, 'print_iter': 10, 'val_intervals': 2, 'save_epoch': 10, 'resume': False, 'use_amp': True, 'cuda_benchmark': False, 'nms_thresh': 0.65, 'occupy_mem': False, 'cache': False, 'fold': None, 'rgb_means': [0.485, 0.456, 0.406], 'std': [0.229, 0.224, 0.225], 'train_ann': '/user/home/bq18557/scratch/COCO/annotations/instances_train2017.json', 'val_ann': '/user/home/bq18557/scratch/COCO/annotations/instances_val2017.json', 'data_dir': '/user/home/bq18557/scratch/COCO', 'num_classes': 80, 'gpus_str': '0,1,2,3', 'chunk_sizes': [16, 16, 16, 16], 'root_dir': '/user/home/bq18557/Transformer-YOLOX', 'save_dir': '/user/home/bq18557/Transformer-YOLOX/exp/Covnext-YOLO'}
log file will be saved to /user/home/bq18557/Transformer-YOLOX/exp/Covnext-YOLO/logs_2022-04-17-18-31/log.txt
==>> loaded weights/mask_rcnn_convnext_tiny_1k_3x.pth
Used parameter:downsample_layers.0.0.weight
Used parameter:downsample_layers.0.0.bias
Used parameter:downsample_layers.0.1.weight
Used parameter:downsample_layers.0.1.bias
Used parameter:downsample_layers.1.0.weight
Used parameter:downsample_layers.1.0.bias
Used parameter:downsample_layers.1.1.weight
Used parameter:downsample_layers.1.1.bias
Used parameter:downsample_layers.2.0.weight
Used parameter:downsample_layers.2.0.bias
Used parameter:downsample_layers.2.1.weight
Used parameter:downsample_layers.2.1.bias
Used parameter:downsample_layers.3.0.weight
Used parameter:downsample_layers.3.0.bias
Used parameter:downsample_layers.3.1.weight
Used parameter:downsample_layers.3.1.bias
Used parameter:stages.0.0.gamma
Used parameter:stages.0.0.dwconv.weight
Used parameter:stages.0.0.dwconv.bias
Used parameter:stages.0.0.norm.weight
Used parameter:stages.0.0.norm.bias
Used parameter:stages.0.0.pwconv1.weight
Used parameter:stages.0.0.pwconv1.bias
Used parameter:stages.0.0.pwconv2.weight
Used parameter:stages.0.0.pwconv2.bias
Used parameter:stages.0.1.gamma
Used parameter:stages.0.1.dwconv.weight
Used parameter:stages.0.1.dwconv.bias
Used parameter:stages.0.1.norm.weight
Used parameter:stages.0.1.norm.bias
Used parameter:stages.0.1.pwconv1.weight
Used parameter:stages.0.1.pwconv1.bias
Used parameter:stages.0.1.pwconv2.weight
Used parameter:stages.0.1.pwconv2.bias
Used parameter:stages.0.2.gamma
Used parameter:stages.0.2.dwconv.weight
Used parameter:stages.0.2.dwconv.bias
Used parameter:stages.0.2.norm.weight
Used parameter:stages.0.2.norm.bias
Used parameter:stages.0.2.pwconv1.weight
Used parameter:stages.0.2.pwconv1.bias
Used parameter:stages.0.2.pwconv2.weight
Used parameter:stages.0.2.pwconv2.bias
Used parameter:stages.1.0.gamma
Used parameter:stages.1.0.dwconv.weight
Used parameter:stages.1.0.dwconv.bias
Used parameter:stages.1.0.norm.weight
Used parameter:stages.1.0.norm.bias
Used parameter:stages.1.0.pwconv1.weight
Used parameter:stages.1.0.pwconv1.bias
Used parameter:stages.1.0.pwconv2.weight
Used parameter:stages.1.0.pwconv2.bias
Used parameter:stages.1.1.gamma
Used parameter:stages.1.1.dwconv.weight
Used parameter:stages.1.1.dwconv.bias
Used parameter:stages.1.1.norm.weight
Used parameter:stages.1.1.norm.bias
Used parameter:stages.1.1.pwconv1.weight
Used parameter:stages.1.1.pwconv1.bias
Used parameter:stages.1.1.pwconv2.weight
Used parameter:stages.1.1.pwconv2.bias
Used parameter:stages.1.2.gamma
Used parameter:stages.1.2.dwconv.weight
Used parameter:stages.1.2.dwconv.bias
Used parameter:stages.1.2.norm.weight
Used parameter:stages.1.2.norm.bias
Used parameter:stages.1.2.pwconv1.weight
Used parameter:stages.1.2.pwconv1.bias
Used parameter:stages.1.2.pwconv2.weight
Used parameter:stages.1.2.pwconv2.bias
Used parameter:stages.2.0.gamma
Used parameter:stages.2.0.dwconv.weight
Used parameter:stages.2.0.dwconv.bias
Used parameter:stages.2.0.norm.weight
Used parameter:stages.2.0.norm.bias
Used parameter:stages.2.0.pwconv1.weight
Used parameter:stages.2.0.pwconv1.bias
Used parameter:stages.2.0.pwconv2.weight
Used parameter:stages.2.0.pwconv2.bias
Used parameter:stages.2.1.gamma
Used parameter:stages.2.1.dwconv.weight
Used parameter:stages.2.1.dwconv.bias
Used parameter:stages.2.1.norm.weight
Used parameter:stages.2.1.norm.bias
Used parameter:stages.2.1.pwconv1.weight
Used parameter:stages.2.1.pwconv1.bias
Used parameter:stages.2.1.pwconv2.weight
Used parameter:stages.2.1.pwconv2.bias
Used parameter:stages.2.2.gamma
Used parameter:stages.2.2.dwconv.weight
Used parameter:stages.2.2.dwconv.bias
Used parameter:stages.2.2.norm.weight
Used parameter:stages.2.2.norm.bias
Used parameter:stages.2.2.pwconv1.weight
Used parameter:stages.2.2.pwconv1.bias
Used parameter:stages.2.2.pwconv2.weight
Used parameter:stages.2.2.pwconv2.bias
Used parameter:stages.2.3.gamma
Used parameter:stages.2.3.dwconv.weight
Used parameter:stages.2.3.dwconv.bias
Used parameter:stages.2.3.norm.weight
Used parameter:stages.2.3.norm.bias
Used parameter:stages.2.3.pwconv1.weight
Used parameter:stages.2.3.pwconv1.bias
Used parameter:stages.2.3.pwconv2.weight
Used parameter:stages.2.3.pwconv2.bias
Used parameter:stages.2.4.gamma
Used parameter:stages.2.4.dwconv.weight
Used parameter:stages.2.4.dwconv.bias
Used parameter:stages.2.4.norm.weight
Used parameter:stages.2.4.norm.bias
Used parameter:stages.2.4.pwconv1.weight
Used parameter:stages.2.4.pwconv1.bias
Used parameter:stages.2.4.pwconv2.weight
Used parameter:stages.2.4.pwconv2.bias
Used parameter:stages.2.5.gamma
Used parameter:stages.2.5.dwconv.weight
Used parameter:stages.2.5.dwconv.bias
Used parameter:stages.2.5.norm.weight
Used parameter:stages.2.5.norm.bias
Used parameter:stages.2.5.pwconv1.weight
Used parameter:stages.2.5.pwconv1.bias
Used parameter:stages.2.5.pwconv2.weight
Used parameter:stages.2.5.pwconv2.bias
Used parameter:stages.2.6.gamma
Used parameter:stages.2.6.dwconv.weight
Used parameter:stages.2.6.dwconv.bias
Used parameter:stages.2.6.norm.weight
Used parameter:stages.2.6.norm.bias
Used parameter:stages.2.6.pwconv1.weight
Used parameter:stages.2.6.pwconv1.bias
Used parameter:stages.2.6.pwconv2.weight
Used parameter:stages.2.6.pwconv2.bias
Used parameter:stages.2.7.gamma
Used parameter:stages.2.7.dwconv.weight
Used parameter:stages.2.7.dwconv.bias
Used parameter:stages.2.7.norm.weight
Used parameter:stages.2.7.norm.bias
Used parameter:stages.2.7.pwconv1.weight
Used parameter:stages.2.7.pwconv1.bias
Used parameter:stages.2.7.pwconv2.weight
Used parameter:stages.2.7.pwconv2.bias
Used parameter:stages.2.8.gamma
Used parameter:stages.2.8.dwconv.weight
Used parameter:stages.2.8.dwconv.bias
Used parameter:stages.2.8.norm.weight
Used parameter:stages.2.8.norm.bias
Used parameter:stages.2.8.pwconv1.weight
Used parameter:stages.2.8.pwconv1.bias
Used parameter:stages.2.8.pwconv2.weight
Used parameter:stages.2.8.pwconv2.bias
Used parameter:stages.3.0.gamma
Used parameter:stages.3.0.dwconv.weight
Used parameter:stages.3.0.dwconv.bias
Used parameter:stages.3.0.norm.weight
Used parameter:stages.3.0.norm.bias
Used parameter:stages.3.0.pwconv1.weight
Used parameter:stages.3.0.pwconv1.bias
Used parameter:stages.3.0.pwconv2.weight
Used parameter:stages.3.0.pwconv2.bias
Used parameter:stages.3.1.gamma
Used parameter:stages.3.1.dwconv.weight
Used parameter:stages.3.1.dwconv.bias
Used parameter:stages.3.1.norm.weight
Used parameter:stages.3.1.norm.bias
Used parameter:stages.3.1.pwconv1.weight
Used parameter:stages.3.1.pwconv1.bias
Used parameter:stages.3.1.pwconv2.weight
Used parameter:stages.3.1.pwconv2.bias
Used parameter:stages.3.2.gamma
Used parameter:stages.3.2.dwconv.weight
Used parameter:stages.3.2.dwconv.bias
Used parameter:stages.3.2.norm.weight
Used parameter:stages.3.2.norm.bias
Used parameter:stages.3.2.pwconv1.weight
Used parameter:stages.3.2.pwconv1.bias
Used parameter:stages.3.2.pwconv2.weight
Used parameter:stages.3.2.pwconv2.bias
Used parameter:norm0.weight
Used parameter:norm0.bias
Used parameter:norm1.weight
Used parameter:norm1.bias
Used parameter:norm2.weight
Used parameter:norm2.bias
Used parameter:norm3.weight
Used parameter:norm3.bias
Cov weights loaded and frozen
===========================================================================
Layer (type:depth-idx)                             Param #
===========================================================================
YOLOX                                              --
├─ConvNeXt: 1-1                                    --
│    └─ModuleList: 2-1                             --
│    │    └─Sequential: 3-1                        (4,896)
│    │    └─Sequential: 3-2                        (74,112)
│    │    └─Sequential: 3-3                        (295,680)
│    │    └─Sequential: 3-4                        (1,181,184)
│    └─ModuleList: 2-2                             --
│    │    └─Sequential: 3-5                        (237,888)
│    │    └─Sequential: 3-6                        (918,144)
│    │    └─Sequential: 3-7                        (10,817,280)
│    │    └─Sequential: 3-8                        (14,289,408)
│    └─LayerNorm: 2-3                              (192)
│    └─LayerNorm: 2-4                              (384)
│    └─LayerNorm: 2-5                              (768)
│    └─LayerNorm: 2-6                              (1,536)
├─YOLOXPAFPN: 1-2                                  --
│    └─Upsample: 2-7                               --
│    └─BaseConv: 2-8                               --
│    │    └─Conv2d: 3-9                            294,912
│    │    └─BatchNorm2d: 3-10                      768
│    │    └─SiLU: 3-11                             --
│    └─CSPLayer: 2-9                               --
│    │    └─BaseConv: 3-12                         147,840
│    │    └─BaseConv: 3-13                         147,840
│    │    └─BaseConv: 3-14                         148,224
│    │    └─Sequential: 3-15                       1,108,224
│    └─BaseConv: 2-10                              --
│    │    └─Conv2d: 3-16                           73,728
│    │    └─BatchNorm2d: 3-17                      384
│    │    └─SiLU: 3-18                             --
│    └─CSPLayer: 2-11                              --
│    │    └─BaseConv: 3-19                         37,056
│    │    └─BaseConv: 3-20                         37,056
│    │    └─BaseConv: 3-21                         37,248
│    │    └─Sequential: 3-22                       277,632
│    └─BaseConv: 2-12                              --
│    │    └─Conv2d: 3-23                           331,776
│    │    └─BatchNorm2d: 3-24                      384
│    │    └─SiLU: 3-25                             --
│    └─CSPLayer: 2-13                              --
│    │    └─BaseConv: 3-26                         74,112
│    │    └─BaseConv: 3-27                         74,112
│    │    └─BaseConv: 3-28                         148,224
│    │    └─Sequential: 3-29                       1,108,224
│    └─BaseConv: 2-14                              --
│    │    └─Conv2d: 3-30                           1,327,104
│    │    └─BatchNorm2d: 3-31                      768
│    │    └─SiLU: 3-32                             --
│    └─CSPLayer: 2-15                              --
│    │    └─BaseConv: 3-33                         295,680
│    │    └─BaseConv: 3-34                         295,680
│    │    └─BaseConv: 3-35                         591,360
│    │    └─Sequential: 3-36                       4,428,288
├─YOLOXHead: 1-3                                   --
│    └─ModuleList: 2-16                            --
│    │    └─BaseConv: 3-37                         49,664
│    │    └─BaseConv: 3-38                         98,816
│    │    └─BaseConv: 3-39                         197,120
│    └─ModuleList: 2-17                            --
│    │    └─Sequential: 3-40                       1,180,672
│    │    └─Sequential: 3-41                       1,180,672
│    │    └─Sequential: 3-42                       1,180,672
│    └─ModuleList: 2-18                            --
│    │    └─Sequential: 3-43                       1,180,672
│    │    └─Sequential: 3-44                       1,180,672
│    │    └─Sequential: 3-45                       1,180,672
│    └─ModuleList: 2-19                            --
│    │    └─Conv2d: 3-46                           20,560
│    │    └─Conv2d: 3-47                           20,560
│    │    └─Conv2d: 3-48                           20,560
│    └─ModuleList: 2-20                            --
│    │    └─Conv2d: 3-49                           1,028
│    │    └─Conv2d: 3-50                           1,028
│    │    └─Conv2d: 3-51                           1,028
│    └─ModuleList: 2-21                            --
│    │    └─Conv2d: 3-52                           257
│    │    └─Conv2d: 3-53                           257
│    │    └─Conv2d: 3-54                           257
├─YOLOXLoss: 1-4                                   --
│    └─L1Loss: 2-22                                --
│    └─BCEWithLogitsLoss: 2-23                     --
│    └─IOUloss: 2-24                               --
===========================================================================
Total params: 46,296,639
Trainable params: 18,481,791
Non-trainable params: 27,814,848
===========================================================================
creating data loaders, start time: 1650216682.7135096
==> Loading train2017 annotation /user/home/bq18557/scratch/COCO/annotations/instances_train2017.json
loading annotations into memory...
Done (t=19.95s)
creating index...
index created!
images number 118287
==> Loading val2017 annotation /user/home/bq18557/scratch/COCO/annotations/instances_val2017.json
loading annotations into memory...
Done (t=0.67s)
creating index...
index created!
images number 5000
classes index: [1, 2, 3, 4, 5, 6, 7, 8, 9, 10, 11, 13, 14, 15, 16, 17, 18, 19, 20, 21, 22, 23, 24, 25, 27, 28, 31, 32, 33, 34, 35, 36, 37, 38, 39, 40, 41, 42, 43, 44, 46, 47, 48, 49, 50, 51, 52, 53, 54, 55, 56, 57, 58, 59, 60, 61, 62, 63, 64, 65, 67, 70, 72, 73, 74, 75, 76, 77, 78, 79, 80, 81, 82, 84, 85, 86, 87, 88, 89, 90]
class names in dataset: ['person', 'bicycle', 'car', 'motorcycle', 'airplane', 'bus', 'train', 'truck', 'boat', 'traffic light', 'fire hydrant', 'stop sign', 'parking meter', 'bench', 'bird', 'cat', 'dog', 'horse', 'sheep', 'cow', 'elephant', 'bear', 'zebra', 'giraffe', 'backpack', 'umbrella', 'handbag', 'tie', 'suitcase', 'frisbee', 'skis', 'snowboard', 'sports ball', 'kite', 'baseball bat', 'baseball glove', 'skateboard', 'surfboard', 'tennis racket', 'bottle', 'wine glass', 'cup', 'fork', 'knife', 'spoon', 'bowl', 'banana', 'apple', 'sandwich', 'orange', 'broccoli', 'carrot', 'hot dog', 'pizza', 'donut', 'cake', 'chair', 'couch', 'potted plant', 'bed', 'dining table', 'toilet', 'tv', 'laptop', 'mouse', 'remote', 'keyboard', 'cell phone', 'microwave', 'oven', 'toaster', 'sink', 'refrigerator', 'book', 'clock', 'vase', 'scissors', 'teddy bear', 'hair drier', 'toothbrush']
data loaders created in: 56.0363495349884
shuffle images list in /user/home/bq18557/scratch/COCO/annotations/instances_train2017.json
multi size training: [[448, 448], [480, 480], [512, 512], [544, 544], [576, 576], [608, 608], [640, 640], [672, 672], [704, 704], [736, 736], [768, 768], [800, 800]]
/user/home/bq18557/work-env/lib/python3.8/site-packages/torch/utils/data/dataloader.py:487: UserWarning: This DataLoader will create 14 worker processes in total. Our suggested max number of worker in current system is 2, which is smaller than what this DataLoader is going to create. Please be aware that excessive worker creation might get DataLoader running slow or even freeze, lower the worker number to avoid potential slowness/freeze if necessary.
  warnings.warn(_create_warning_msg(
Covnext-YOLO| train: total_epoch[1/50] total_batch[10/92400] batch[10/1848] |size: 64x3x800x800 |lr: 0.00000001 |Tot: 0:02:14 |ETA: 7:30:10 |loss 19.2763 |conf_loss 12.3674 |cls_loss 2.2404 |iou_loss 4.6684 |num_fg 1.0854 |Data 0.008s |Batch 2.014s
Covnext-YOLO| train: total_epoch[1/50] total_batch[20/92400] batch[20/1848] |size: 64x3x672x672 |lr: 0.00000005 |Tot: 0:02:43 |ETA: 1:31:15 |loss 18.2616 |conf_loss 11.3673 |cls_loss 2.2317 |iou_loss 4.6626 |num_fg 1.0743 |Data 0.001s |Batch 1.882s
Covnext-YOLO| train: total_epoch[1/50] total_batch[30/92400] batch[30/1848] |size: 64x3x704x704 |lr: 0.00000011 |Tot: 0:03:14 |ETA: 1:30:07 |loss 18.1597 |conf_loss 11.2613 |cls_loss 2.2356 |iou_loss 4.6628 |num_fg 1.0740 |Data 0.005s |Batch 2.403s
Covnext-YOLO| train: total_epoch[1/50] total_batch[40/92400] batch[40/1848] |size: 64x3x576x576 |lr: 0.00000019 |Tot: 0:03:41 |ETA: 1:20:25 |loss 17.5254 |conf_loss 10.6393 |cls_loss 2.2288 |iou_loss 4.6572 |num_fg 1.0706 |Data 0.022s |Batch 3.088s
Covnext-YOLO| train: total_epoch[1/50] total_batch[50/92400] batch[50/1848] |size: 64x3x448x448 |lr: 0.00000029 |Tot: 0:04:30 |ETA: 1:34:15 |loss 16.8492 |conf_loss 9.9715 |cls_loss 2.2307 |iou_loss 4.6470 |num_fg 1.0664 |Data 0.005s |Batch 20.378s
Covnext-YOLO| train: total_epoch[1/50] total_batch[60/92400] batch[60/1848] |size: 64x3x768x768 |lr: 0.00000042 |Tot: 0:04:53 |ETA: 2:08:30 |loss 17.1565 |conf_loss 10.2769 |cls_loss 2.2292 |iou_loss 4.6504 |num_fg 1.0693 |Data 0.000s |Batch 0.913s
Covnext-YOLO| train: total_epoch[1/50] total_batch[70/92400] batch[70/1848] |size: 64x3x512x512 |lr: 0.00000057 |Tot: 0:05:01 |ETA: 0:20:27 |loss 16.8561 |conf_loss 9.9818 |cls_loss 2.2271 |iou_loss 4.6473 |num_fg 1.0671 |Data 0.000s |Batch 1.153s
Covnext-YOLO| train: total_epoch[1/50] total_batch[80/92400] batch[80/1848] |size: 64x3x672x672 |lr: 0.00000075 |Tot: 0:05:53 |ETA: 2:28:58 |loss 16.9148 |conf_loss 10.0343 |cls_loss 2.2327 |iou_loss 4.6477 |num_fg 1.0693 |Data 0.001s |Batch 2.757s
Covnext-YOLO| train: total_epoch[1/50] total_batch[90/92400] batch[90/1848] |size: 64x3x704x704 |lr: 0.00000095 |Tot: 0:06:36 |ETA: 2:05:28 |loss 16.9766 |conf_loss 10.0954 |cls_loss 2.2330 |iou_loss 4.6482 |num_fg 1.0695 |Data 0.006s |Batch 3.188s
Covnext-YOLO| train: total_epoch[1/50] total_batch[100/92400] batch[100/1848] |size: 64x3x768x768 |lr: 0.00000117 |Tot: 0:07:22 |ETA: 1:56:04 |loss 17.1072 |conf_loss 10.2224 |cls_loss 2.2357 |iou_loss 4.6491 |num_fg 1.0703 |Data 5.567s |Batch 9.259s
Covnext-YOLO| train: total_epoch[1/50] total_batch[110/92400] batch[110/1848] |size: 64x3x512x512 |lr: 0.00000142 |Tot: 0:07:41 |ETA: 1:33:15 |loss 16.8988 |conf_loss 10.0191 |cls_loss 2.2326 |iou_loss 4.6472 |num_fg 1.0705 |Data 0.000s |Batch 0.603s
Covnext-YOLO| train: total_epoch[1/50] total_batch[120/92400] batch[120/1848] |size: 64x3x672x672 |lr: 0.00000169 |Tot: 0:08:35 |ETA: 2:27:16 |loss 16.9005 |conf_loss 10.0238 |cls_loss 2.2302 |iou_loss 4.6465 |num_fg 1.0715 |Data 0.001s |Batch 3.006s
Covnext-YOLO| train: total_epoch[1/50] total_batch[130/92400] batch[130/1848] |size: 64x3x480x480 |lr: 0.00000198 |Tot: 0:09:15 |ETA: 1:55:19 |loss 16.7120 |conf_loss 9.8390 |cls_loss 2.2289 |iou_loss 4.6442 |num_fg 1.0704 |Data 0.011s |Batch 2.773s
Covnext-YOLO| train: total_epoch[1/50] total_batch[140/92400] batch[140/1848] |size: 64x3x704x704 |lr: 0.00000230 |Tot: 0:09:40 |ETA: 1:08:39 |loss 16.7576 |conf_loss 9.8830 |cls_loss 2.2304 |iou_loss 4.6442 |num_fg 1.0724 |Data 0.034s |Batch 3.899s
Covnext-YOLO| train: total_epoch[1/50] total_batch[150/92400] batch[150/1848] |size: 64x3x608x608 |lr: 0.00000264 |Tot: 0:10:14 |ETA: 1:37:20 |loss 16.7035 |conf_loss 9.8305 |cls_loss 2.2299 |iou_loss 4.6431 |num_fg 1.0726 |Data 0.021s |Batch 3.398s
Covnext-YOLO| train: total_epoch[1/50] total_batch[160/92400] batch[160/1848] |size: 64x3x736x736 |lr: 0.00000300 |Tot: 0:10:58 |ETA: 2:04:53 |loss 16.7881 |conf_loss 9.9121 |cls_loss 2.2331 |iou_loss 4.6429 |num_fg 1.0753 |Data 0.010s |Batch 3.550s
Covnext-YOLO| train: total_epoch[1/50] total_batch[170/92400] batch[170/1848] |size: 64x3x480x480 |lr: 0.00000338 |Tot: 0:11:28 |ETA: 1:24:03 |loss 16.6454 |conf_loss 9.7733 |cls_loss 2.2312 |iou_loss 4.6409 |num_fg 1.0752 |Data 0.035s |Batch 3.147s
Covnext-YOLO| train: total_epoch[1/50] total_batch[180/92400] batch[180/1848] |size: 64x3x512x512 |lr: 0.00000379 |Tot: 0:11:55 |ETA: 1:14:56 |loss 16.5294 |conf_loss 9.6611 |cls_loss 2.2291 |iou_loss 4.6392 |num_fg 1.0760 |Data 0.029s |Batch 3.108s
Covnext-YOLO| train: total_epoch[1/50] total_batch[190/92400] batch[190/1848] |size: 64x3x736x736 |lr: 0.00000423 |Tot: 0:12:46 |ETA: 2:20:59 |loss 16.5597 |conf_loss 9.6925 |cls_loss 2.2288 |iou_loss 4.6384 |num_fg 1.0784 |Data 0.024s |Batch 3.193s
Covnext-YOLO| train: total_epoch[1/50] total_batch[200/92400] batch[200/1848] |size: 64x3x736x736 |lr: 0.00000469 |Tot: 0:13:30 |ETA: 1:59:55 |loss 16.6003 |conf_loss 9.7333 |cls_loss 2.2298 |iou_loss 4.6372 |num_fg 1.0820 |Data 0.006s |Batch 3.189s
Covnext-YOLO| train: total_epoch[1/50] total_batch[210/92400] batch[210/1848] |size: 64x3x576x576 |lr: 0.00000517 |Tot: 0:14:20 |ETA: 2:17:22 |loss 16.5289 |conf_loss 9.6651 |cls_loss 2.2282 |iou_loss 4.6355 |num_fg 1.0840 |Data 0.001s |Batch 3.477s
Covnext-YOLO| train: total_epoch[1/50] total_batch[220/92400] batch[220/1848] |size: 64x3x768x768 |lr: 0.00000567 |Tot: 0:14:49 |ETA: 1:19:37 |loss 16.5592 |conf_loss 9.6966 |cls_loss 2.2282 |iou_loss 4.6344 |num_fg 1.0884 |Data 0.006s |Batch 2.948s
Covnext-YOLO| train: total_epoch[1/50] total_batch[230/92400] batch[230/1848] |size: 64x3x448x448 |lr: 0.00000620 |Tot: 0:15:17 |ETA: 1:16:08 |loss 16.4395 |conf_loss 9.5798 |cls_loss 2.2287 |iou_loss 4.6311 |num_fg 1.0900 |Data 0.032s |Batch 2.796s
Covnext-YOLO| train: total_epoch[1/50] total_batch[240/92400] batch[240/1848] |size: 64x3x640x640 |lr: 0.00000675 |Tot: 0:15:48 |ETA: 1:21:33 |loss 16.4025 |conf_loss 9.5461 |cls_loss 2.2275 |iou_loss 4.6289 |num_fg 1.0936 |Data 0.020s |Batch 2.916s
Covnext-YOLO| train: total_epoch[1/50] total_batch[250/92400] batch[250/1848] |size: 64x3x544x544 |lr: 0.00000732 |Tot: 0:16:16 |ETA: 1:16:16 |loss 16.3238 |conf_loss 9.4709 |cls_loss 2.2268 |iou_loss 4.6261 |num_fg 1.0967 |Data 0.001s |Batch 2.826s
Covnext-YOLO| train: total_epoch[1/50] total_batch[260/92400] batch[260/1848] |size: 64x3x480x480 |lr: 0.00000792 |Tot: 0:16:43 |ETA: 1:16:45 |loss 16.2281 |conf_loss 9.3791 |cls_loss 2.2259 |iou_loss 4.6230 |num_fg 1.0992 |Data 0.009s |Batch 0.970s
Covnext-YOLO| train: total_epoch[1/50] total_batch[270/92400] batch[270/1848] |size: 64x3x768x768 |lr: 0.00000854 |Tot: 0:17:18 |ETA: 1:26:09 |loss 16.2345 |conf_loss 9.3885 |cls_loss 2.2251 |iou_loss 4.6209 |num_fg 1.1053 |Data 0.015s |Batch 3.022s
Covnext-YOLO| train: total_epoch[1/50] total_batch[280/92400] batch[280/1848] |size: 64x3x608x608 |lr: 0.00000918 |Tot: 0:17:51 |ETA: 1:26:19 |loss 16.1737 |conf_loss 9.3313 |cls_loss 2.2244 |iou_loss 4.6181 |num_fg 1.1101 |Data 0.009s |Batch 2.944s
Covnext-YOLO| train: total_epoch[1/50] total_batch[290/92400] batch[290/1848] |size: 64x3x672x672 |lr: 0.00000985 |Tot: 0:18:45 |ETA: 2:20:17 |loss 16.1416 |conf_loss 9.3028 |cls_loss 2.2231 |iou_loss 4.6156 |num_fg 1.1156 |Data 0.001s |Batch 2.569s
Covnext-YOLO| train: total_epoch[1/50] total_batch[300/92400] batch[300/1848] |size: 64x3x672x672 |lr: 0.00001054 |Tot: 0:19:15 |ETA: 1:17:00 |loss 16.1033 |conf_loss 9.2683 |cls_loss 2.2225 |iou_loss 4.6125 |num_fg 1.1222 |Data 0.016s |Batch 2.886s
Covnext-YOLO| train: total_epoch[1/50] total_batch[310/92400] batch[310/1848] |size: 64x3x480x480 |lr: 0.00001126 |Tot: 0:19:46 |ETA: 1:20:56 |loss 16.0170 |conf_loss 9.1855 |cls_loss 2.2228 |iou_loss 4.6088 |num_fg 1.1260 |Data 0.001s |Batch 2.849s
Covnext-YOLO| train: total_epoch[1/50] total_batch[320/92400] batch[320/1848] |size: 64x3x672x672 |lr: 0.00001199 |Tot: 0:20:20 |ETA: 1:22:48 |loss 15.9739 |conf_loss 9.1456 |cls_loss 2.2233 |iou_loss 4.6050 |num_fg 1.1331 |Data 0.015s |Batch 4.255s
Covnext-YOLO| train: total_epoch[1/50] total_batch[330/92400] batch[330/1848] |size: 64x3x672x672 |lr: 0.00001276 |Tot: 0:20:54 |ETA: 1:27:05 |loss 15.9313 |conf_loss 9.1065 |cls_loss 2.2235 |iou_loss 4.6014 |num_fg 1.1403 |Data 0.048s |Batch 3.169s
Covnext-YOLO| train: total_epoch[1/50] total_batch[340/92400] batch[340/1848] |size: 64x3x768x768 |lr: 0.00001354 |Tot: 0:21:20 |ETA: 1:12:58 |loss 15.9172 |conf_loss 9.0961 |cls_loss 2.2228 |iou_loss 4.5983 |num_fg 1.1489 |Data 0.000s |Batch 0.844s
Covnext-YOLO| train: total_epoch[1/50] total_batch[350/92400] batch[350/1848] |size: 64x3x512x512 |lr: 0.00001435 |Tot: 0:21:43 |ETA: 0:53:22 |loss 15.8443 |conf_loss 9.0271 |cls_loss 2.2224 |iou_loss 4.5948 |num_fg 1.1529 |Data 0.001s |Batch 2.759s
Covnext-YOLO| train: total_epoch[1/50] total_batch[360/92400] batch[360/1848] |size: 64x3x768x768 |lr: 0.00001518 |Tot: 0:22:34 |ETA: 2:11:16 |loss 15.8218 |conf_loss 9.0081 |cls_loss 2.2230 |iou_loss 4.5907 |num_fg 1.1630 |Data 0.000s |Batch 0.831s
Covnext-YOLO| train: total_epoch[1/50] total_batch[370/92400] batch[370/1848] |size: 64x3x576x576 |lr: 0.00001603 |Tot: 0:23:19 |ETA: 1:35:29 |loss 15.7585 |conf_loss 8.9480 |cls_loss 2.2243 |iou_loss 4.5862 |num_fg 1.1693 |Data 0.000s |Batch 8.397s
Covnext-YOLO| train: total_epoch[1/50] total_batch[380/92400] batch[380/1848] |size: 64x3x576x576 |lr: 0.00001691 |Tot: 0:23:55 |ETA: 1:40:02 |loss 15.6964 |conf_loss 8.8889 |cls_loss 2.2258 |iou_loss 4.5818 |num_fg 1.1762 |Data 0.001s |Batch 3.350s
Covnext-YOLO| train: total_epoch[1/50] total_batch[390/92400] batch[390/1848] |size: 64x3x608x608 |lr: 0.00001781 |Tot: 0:24:26 |ETA: 1:16:59 |loss 15.6390 |conf_loss 8.8345 |cls_loss 2.2273 |iou_loss 4.5772 |num_fg 1.1835 |Data 0.011s |Batch 3.039s
Covnext-YOLO| train: total_epoch[1/50] total_batch[400/92400] batch[400/1848] |size: 64x3x736x736 |lr: 0.00001874 |Tot: 0:25:15 |ETA: 1:57:04 |loss 15.6041 |conf_loss 8.8030 |cls_loss 2.2282 |iou_loss 4.5728 |num_fg 1.1934 |Data 0.021s |Batch 3.399s
Covnext-YOLO| train: total_epoch[1/50] total_batch[410/92400] batch[410/1848] |size: 64x3x800x800 |lr: 0.00001969 |Tot: 0:26:03 |ETA: 1:57:50 |loss 15.5751 |conf_loss 8.7774 |cls_loss 2.2297 |iou_loss 4.5680 |num_fg 1.2047 |Data 0.002s |Batch 2.368s
Covnext-YOLO| train: total_epoch[1/50] total_batch[420/92400] batch[420/1848] |size: 64x3x640x640 |lr: 0.00002066 |Tot: 0:26:35 |ETA: 1:12:35 |loss 15.5204 |conf_loss 8.7256 |cls_loss 2.2318 |iou_loss 4.5630 |num_fg 1.2134 |Data 0.001s |Batch 3.265s
Covnext-YOLO| train: total_epoch[1/50] total_batch[430/92400] batch[430/1848] |size: 64x3x480x480 |lr: 0.00002166 |Tot: 0:27:05 |ETA: 1:11:33 |loss 15.4487 |conf_loss 8.6562 |cls_loss 2.2348 |iou_loss 4.5576 |num_fg 1.2192 |Data 0.002s |Batch 3.685s
Covnext-YOLO| train: total_epoch[1/50] total_batch[440/92400] batch[440/1848] |size: 64x3x768x768 |lr: 0.00002268 |Tot: 0:27:47 |ETA: 1:39:34 |loss 15.4107 |conf_loss 8.6213 |cls_loss 2.2369 |iou_loss 4.5525 |num_fg 1.2305 |Data 0.036s |Batch 2.947s
Covnext-YOLO| train: total_epoch[1/50] total_batch[450/92400] batch[450/1848] |size: 64x3x640x640 |lr: 0.00002372 |Tot: 0:28:38 |ETA: 2:00:49 |loss 15.3558 |conf_loss 8.5693 |cls_loss 2.2395 |iou_loss 4.5471 |num_fg 1.2403 |Data 0.017s |Batch 2.418s
Covnext-YOLO| train: total_epoch[1/50] total_batch[460/92400] batch[460/1848] |size: 64x3x544x544 |lr: 0.00002478 |Tot: 0:29:07 |ETA: 1:05:53 |loss 15.2917 |conf_loss 8.5075 |cls_loss 2.2430 |iou_loss 4.5412 |num_fg 1.2486 |Data 0.028s |Batch 3.095s
Covnext-YOLO| train: total_epoch[1/50] total_batch[470/92400] batch[470/1848] |size: 64x3x640x640 |lr: 0.00002587 |Tot: 0:29:39 |ETA: 1:11:20 |loss 15.2344 |conf_loss 8.4528 |cls_loss 2.2470 |iou_loss 4.5346 |num_fg 1.2598 |Data 0.014s |Batch 3.233s
Covnext-YOLO| train: total_epoch[1/50] total_batch[480/92400] batch[480/1848] |size: 64x3x800x800 |lr: 0.00002699 |Tot: 0:30:08 |ETA: 1:12:18 |loss 15.1935 |conf_loss 8.4147 |cls_loss 2.2509 |iou_loss 4.5279 |num_fg 1.2753 |Data 0.019s |Batch 0.967s
Covnext-YOLO| train: total_epoch[1/50] total_batch[490/92400] batch[490/1848] |size: 64x3x672x672 |lr: 0.00002812 |Tot: 0:30:32 |ETA: 0:50:06 |loss 15.1399 |conf_loss 8.3636 |cls_loss 2.2555 |iou_loss 4.5207 |num_fg 1.2887 |Data 0.009s |Batch 3.094s
Covnext-YOLO| train: total_epoch[1/50] total_batch[500/92400] batch[500/1848] |size: 64x3x544x544 |lr: 0.00002928 |Tot: 0:31:12 |ETA: 1:29:04 |loss 15.0756 |conf_loss 8.3019 |cls_loss 2.2602 |iou_loss 4.5135 |num_fg 1.3001 |Data 0.030s |Batch 3.278s
Covnext-YOLO| train: total_epoch[1/50] total_batch[510/92400] batch[510/1848] |size: 64x3x640x640 |lr: 0.00003046 |Tot: 0:31:47 |ETA: 1:17:34 |loss 15.0190 |conf_loss 8.2481 |cls_loss 2.2651 |iou_loss 4.5058 |num_fg 1.3148 |Data 0.001s |Batch 3.767s
Covnext-YOLO| train: total_epoch[1/50] total_batch[520/92400] batch[520/1848] |size: 64x3x800x800 |lr: 0.00003167 |Tot: 0:32:37 |ETA: 1:51:18 |loss 14.9725 |conf_loss 8.2047 |cls_loss 2.2699 |iou_loss 4.4979 |num_fg 1.3335 |Data 0.001s |Batch 3.420s
Covnext-YOLO| train: total_epoch[1/50] total_batch[530/92400] batch[530/1848] |size: 64x3x480x480 |lr: 0.00003290 |Tot: 0:33:28 |ETA: 1:52:28 |loss 14.9064 |conf_loss 8.1413 |cls_loss 2.2749 |iou_loss 4.4902 |num_fg 1.3441 |Data 0.003s |Batch 2.923s
Covnext-YOLO| train: total_epoch[1/50] total_batch[540/92400] batch[540/1848] |size: 64x3x576x576 |lr: 0.00003415 |Tot: 0:33:53 |ETA: 0:52:59 |loss 14.8475 |conf_loss 8.0853 |cls_loss 2.2800 |iou_loss 4.4822 |num_fg 1.3582 |Data 0.053s |Batch 3.790s
Covnext-YOLO| train: total_epoch[1/50] total_batch[550/92400] batch[550/1848] |size: 64x3x672x672 |lr: 0.00003543 |Tot: 0:34:22 |ETA: 1:05:43 |loss 14.7947 |conf_loss 8.0356 |cls_loss 2.2848 |iou_loss 4.4743 |num_fg 1.3743 |Data 0.021s |Batch 2.765s
Covnext-YOLO| train: total_epoch[1/50] total_batch[560/92400] batch[560/1848] |size: 64x3x640x640 |lr: 0.00003673 |Tot: 0:34:51 |ETA: 1:00:18 |loss 14.7404 |conf_loss 7.9844 |cls_loss 2.2892 |iou_loss 4.4668 |num_fg 1.3891 |Data 0.011s |Batch 3.305s
Covnext-YOLO| train: total_epoch[1/50] total_batch[570/92400] batch[570/1848] |size: 64x3x448x448 |lr: 0.00003805 |Tot: 0:35:19 |ETA: 0:59:31 |loss 14.6778 |conf_loss 7.9246 |cls_loss 2.2940 |iou_loss 4.4591 |num_fg 1.4003 |Data 0.002s |Batch 3.158s
Covnext-YOLO| train: total_epoch[1/50] total_batch[580/92400] batch[580/1848] |size: 64x3x480x480 |lr: 0.00003940 |Tot: 0:35:48 |ETA: 1:02:48 |loss 14.6185 |conf_loss 7.8686 |cls_loss 2.2985 |iou_loss 4.4515 |num_fg 1.4134 |Data 0.025s |Batch 2.925s
Covnext-YOLO| train: total_epoch[1/50] total_batch[590/92400] batch[590/1848] |size: 64x3x672x672 |lr: 0.00004077 |Tot: 0:35:56 |ETA: 0:25:02 |loss 14.5706 |conf_loss 7.8241 |cls_loss 2.3029 |iou_loss 4.4436 |num_fg 1.4314 |Data 0.000s |Batch 0.772s
Covnext-YOLO| train: total_epoch[1/50] total_batch[600/92400] batch[600/1848] |size: 64x3x768x768 |lr: 0.00004217 |Tot: 0:36:45 |ETA: 1:37:20 |loss 14.5276 |conf_loss 7.7843 |cls_loss 2.3080 |iou_loss 4.4353 |num_fg 1.4511 |Data 0.001s |Batch 2.958s
Covnext-YOLO| train: total_epoch[1/50] total_batch[610/92400] batch[610/1848] |size: 64x3x608x608 |lr: 0.00004358 |Tot: 0:37:24 |ETA: 1:16:42 |loss 14.4769 |conf_loss 7.7365 |cls_loss 2.3134 |iou_loss 4.4270 |num_fg 1.4689 |Data 2.472s |Batch 5.190s
Covnext-YOLO| train: total_epoch[1/50] total_batch[620/92400] batch[620/1848] |size: 64x3x576x576 |lr: 0.00004502 |Tot: 0:37:59 |ETA: 1:21:20 |loss 14.4264 |conf_loss 7.6890 |cls_loss 2.3188 |iou_loss 4.4186 |num_fg 1.4867 |Data 0.001s |Batch 0.963s
Covnext-YOLO| train: total_epoch[1/50] total_batch[630/92400] batch[630/1848] |size: 64x3x544x544 |lr: 0.00004649 |Tot: 0:38:29 |ETA: 0:56:24 |loss 14.3763 |conf_loss 7.6415 |cls_loss 2.3245 |iou_loss 4.4103 |num_fg 1.5044 |Data 0.021s |Batch 2.963s
Covnext-YOLO| train: total_epoch[1/50] total_batch[640/92400] batch[640/1848] |size: 64x3x768x768 |lr: 0.00004798 |Tot: 0:39:17 |ETA: 1:35:57 |loss 14.3376 |conf_loss 7.6056 |cls_loss 2.3306 |iou_loss 4.4014 |num_fg 1.5280 |Data 0.005s |Batch 3.461s
Covnext-YOLO| train: total_epoch[1/50] total_batch[650/92400] batch[650/1848] |size: 64x3x544x544 |lr: 0.00004949 |Tot: 0:39:48 |ETA: 1:01:51 |loss 14.2883 |conf_loss 7.5595 |cls_loss 2.3363 |iou_loss 4.3926 |num_fg 1.5478 |Data 0.001s |Batch 2.891s
Covnext-YOLO| train: total_epoch[1/50] total_batch[660/92400] batch[660/1848] |size: 64x3x512x512 |lr: 0.00005102 |Tot: 0:40:19 |ETA: 1:01:03 |loss 14.2386 |conf_loss 7.5131 |cls_loss 2.3416 |iou_loss 4.3838 |num_fg 1.5671 |Data 0.001s |Batch 3.221s
Covnext-YOLO| train: total_epoch[1/50] total_batch[670/92400] batch[670/1848] |size: 64x3x640x640 |lr: 0.00005258 |Tot: 0:40:55 |ETA: 1:12:31 |loss 14.1950 |conf_loss 7.4733 |cls_loss 2.3470 |iou_loss 4.3748 |num_fg 1.5897 |Data 0.030s |Batch 2.816s
Covnext-YOLO| train: total_epoch[1/50] total_batch[680/92400] batch[680/1848] |size: 64x3x576x576 |lr: 0.00005416 |Tot: 0:41:26 |ETA: 1:00:00 |loss 14.1492 |conf_loss 7.4311 |cls_loss 2.3523 |iou_loss 4.3658 |num_fg 1.6106 |Data 0.001s |Batch 2.628s
Covnext-YOLO| train: total_epoch[1/50] total_batch[690/92400] batch[690/1848] |size: 64x3x480x480 |lr: 0.00005576 |Tot: 0:42:16 |ETA: 0:56:02 |loss 14.1019 |conf_loss 7.3870 |cls_loss 2.3578 |iou_loss 4.3571 |num_fg 1.6286 |Data 0.001s |Batch 23.824s
Covnext-YOLO| train: total_epoch[1/50] total_batch[700/92400] batch[700/1848] |size: 64x3x544x544 |lr: 0.00005739 |Tot: 0:42:42 |ETA: 1:29:17 |loss 14.0565 |conf_loss 7.3455 |cls_loss 2.3629 |iou_loss 4.3482 |num_fg 1.6486 |Data 0.015s |Batch 3.083s
Covnext-YOLO| train: total_epoch[1/50] total_batch[710/92400] batch[710/1848] |size: 64x3x448x448 |lr: 0.00005904 |Tot: 0:43:10 |ETA: 0:53:35 |loss 14.0094 |conf_loss 7.3021 |cls_loss 2.3677 |iou_loss 4.3396 |num_fg 1.6661 |Data 0.005s |Batch 2.960s
Covnext-YOLO| train: total_epoch[1/50] total_batch[720/92400] batch[720/1848] |size: 64x3x480x480 |lr: 0.00006072 |Tot: 0:43:38 |ETA: 0:53:05 |loss 13.9641 |conf_loss 7.2606 |cls_loss 2.3724 |iou_loss 4.3311 |num_fg 1.6845 |Data 0.015s |Batch 2.589s
Covnext-YOLO| train: total_epoch[1/50] total_batch[730/92400] batch[730/1848] |size: 64x3x544x544 |lr: 0.00006242 |Tot: 0:44:04 |ETA: 0:49:04 |loss 13.9221 |conf_loss 7.2229 |cls_loss 2.3768 |iou_loss 4.3223 |num_fg 1.7044 |Data 0.028s |Batch 2.666s
Covnext-YOLO| train: total_epoch[1/50] total_batch[740/92400] batch[740/1848] |size: 64x3x448x448 |lr: 0.00006414 |Tot: 0:44:35 |ETA: 0:58:30 |loss 13.8775 |conf_loss 7.1826 |cls_loss 2.3811 |iou_loss 4.3138 |num_fg 1.7222 |Data 0.001s |Batch 2.123s
Covnext-YOLO| train: total_epoch[1/50] total_batch[750/92400] batch[750/1848] |size: 64x3x768x768 |lr: 0.00006588 |Tot: 0:44:54 |ETA: 0:36:48 |loss 13.8462 |conf_loss 7.1566 |cls_loss 2.3852 |iou_loss 4.3044 |num_fg 1.7474 |Data 0.000s |Batch 0.762s
Covnext-YOLO| train: total_epoch[1/50] total_batch[760/92400] batch[760/1848] |size: 64x3x576x576 |lr: 0.00006765 |Tot: 0:45:25 |ETA: 0:51:08 |loss 13.8064 |conf_loss 7.1215 |cls_loss 2.3897 |iou_loss 4.2952 |num_fg 1.7684 |Data 0.037s |Batch 3.106s
Covnext-YOLO| train: total_epoch[1/50] total_batch[770/92400] batch[770/1848] |size: 64x3x608x608 |lr: 0.00006944 |Tot: 0:45:58 |ETA: 1:00:19 |loss 13.7680 |conf_loss 7.0881 |cls_loss 2.3938 |iou_loss 4.2860 |num_fg 1.7901 |Data 0.001s |Batch 3.042s
Covnext-YOLO| train: total_epoch[1/50] total_batch[780/92400] batch[780/1848] |size: 64x3x512x512 |lr: 0.00007126 |Tot: 0:46:51 |ETA: 1:33:23 |loss 13.7274 |conf_loss 7.0524 |cls_loss 2.3978 |iou_loss 4.2772 |num_fg 1.8088 |Data 0.001s |Batch 3.832s
Covnext-YOLO| train: total_epoch[1/50] total_batch[790/92400] batch[790/1848] |size: 64x3x736x736 |lr: 0.00007310 |Tot: 0:47:25 |ETA: 0:59:43 |loss 13.6952 |conf_loss 7.0257 |cls_loss 2.4018 |iou_loss 4.2678 |num_fg 1.8332 |Data 0.016s |Batch 3.221s
Covnext-YOLO| train: total_epoch[1/50] total_batch[800/92400] batch[800/1848] |size: 64x3x576x576 |lr: 0.00007496 |Tot: 0:47:55 |ETA: 0:53:31 |loss 13.6575 |conf_loss 6.9933 |cls_loss 2.4058 |iou_loss 4.2585 |num_fg 1.8546 |Data 0.015s |Batch 2.989s
Covnext-YOLO| train: total_epoch[1/50] total_batch[810/92400] batch[810/1848] |size: 64x3x704x704 |lr: 0.00007685 |Tot: 0:48:11 |ETA: 0:31:09 |loss 13.6239 |conf_loss 6.9654 |cls_loss 2.4094 |iou_loss 4.2490 |num_fg 1.8781 |Data 0.000s |Batch 0.749s
Covnext-YOLO| train: total_epoch[1/50] total_batch[820/92400] batch[820/1848] |size: 64x3x640x640 |lr: 0.00007876 |Tot: 0:48:57 |ETA: 1:17:13 |loss 13.5884 |conf_loss 6.9354 |cls_loss 2.4134 |iou_loss 4.2396 |num_fg 1.8999 |Data 0.001s |Batch 2.437s
Covnext-YOLO| train: total_epoch[1/50] total_batch[830/92400] batch[830/1848] |size: 64x3x448x448 |lr: 0.00008069 |Tot: 0:49:26 |ETA: 0:47:47 |loss 13.5503 |conf_loss 6.9022 |cls_loss 2.4170 |iou_loss 4.2311 |num_fg 1.9171 |Data 0.001s |Batch 2.584s
Covnext-YOLO| train: total_epoch[1/50] total_batch[840/92400] batch[840/1848] |size: 64x3x704x704 |lr: 0.00008264 |Tot: 0:50:12 |ETA: 1:17:21 |loss 13.5190 |conf_loss 6.8766 |cls_loss 2.4204 |iou_loss 4.2220 |num_fg 1.9392 |Data 0.018s |Batch 3.299s
Covnext-YOLO| train: total_epoch[1/50] total_batch[850/92400] batch[850/1848] |size: 64x3x672x672 |lr: 0.00008462 |Tot: 0:50:52 |ETA: 1:05:10 |loss 13.4854 |conf_loss 6.8489 |cls_loss 2.4239 |iou_loss 4.2127 |num_fg 1.9613 |Data 0.015s |Batch 3.419s
Covnext-YOLO| train: total_epoch[1/50] total_batch[860/92400] batch[860/1848] |size: 64x3x608x608 |lr: 0.00008663 |Tot: 0:51:24 |ETA: 0:52:38 |loss 13.4508 |conf_loss 6.8201 |cls_loss 2.4272 |iou_loss 4.2035 |num_fg 1.9820 |Data 0.686s |Batch 4.280s
Covnext-YOLO| train: total_epoch[1/50] total_batch[870/92400] batch[870/1848] |size: 64x3x768x768 |lr: 0.00008865 |Tot: 0:52:14 |ETA: 1:23:25 |loss 13.4210 |conf_loss 6.7963 |cls_loss 2.4308 |iou_loss 4.1940 |num_fg 2.0055 |Data 0.001s |Batch 2.830s
Covnext-YOLO| train: total_epoch[1/50] total_batch[880/92400] batch[880/1848] |size: 64x3x448x448 |lr: 0.00009070 |Tot: 0:52:44 |ETA: 0:47:29 |loss 13.3849 |conf_loss 6.7654 |cls_loss 2.4337 |iou_loss 4.1858 |num_fg 2.0211 |Data 0.015s |Batch 3.008s
Covnext-YOLO| train: total_epoch[1/50] total_batch[890/92400] batch[890/1848] |size: 64x3x512x512 |lr: 0.00009278 |Tot: 0:53:15 |ETA: 0:50:11 |loss 13.3495 |conf_loss 6.7358 |cls_loss 2.4365 |iou_loss 4.1772 |num_fg 2.0394 |Data 0.009s |Batch 3.059s
Covnext-YOLO| train: total_epoch[1/50] total_batch[900/92400] batch[900/1848] |size: 64x3x672x672 |lr: 0.00009487 |Tot: 0:53:49 |ETA: 0:52:26 |loss 13.3200 |conf_loss 6.7121 |cls_loss 2.4396 |iou_loss 4.1684 |num_fg 2.0600 |Data 0.039s |Batch 3.526s
Covnext-YOLO| train: total_epoch[1/50] total_batch[910/92400] batch[910/1848] |size: 64x3x768x768 |lr: 0.00009699 |Tot: 0:54:20 |ETA: 0:51:56 |loss 13.2917 |conf_loss 6.6897 |cls_loss 2.4430 |iou_loss 4.1590 |num_fg 2.0830 |Data 0.001s |Batch 1.207s
Covnext-YOLO| train: total_epoch[1/50] total_batch[920/92400] batch[920/1848] |size: 64x3x704x704 |lr: 0.00009914 |Tot: 0:54:49 |ETA: 0:32:58 |loss 13.2614 |conf_loss 6.6656 |cls_loss 2.4461 |iou_loss 4.1496 |num_fg 2.1049 |Data 6.788s |Batch 9.616s
Covnext-YOLO| train: total_epoch[1/50] total_batch[930/92400] batch[930/1848] |size: 64x3x800x800 |lr: 0.00010130 |Tot: 0:55:43 |ETA: 1:32:07 |loss 13.2337 |conf_loss 6.6443 |cls_loss 2.4492 |iou_loss 4.1402 |num_fg 2.1277 |Data 0.009s |Batch 3.093s
Covnext-YOLO| train: total_epoch[1/50] total_batch[940/92400] batch[940/1848] |size: 64x3x512x512 |lr: 0.00010349 |Tot: 0:56:12 |ETA: 0:44:55 |loss 13.2014 |conf_loss 6.6179 |cls_loss 2.4521 |iou_loss 4.1315 |num_fg 2.1454 |Data 0.001s |Batch 2.833s
Covnext-YOLO| train: total_epoch[1/50] total_batch[950/92400] batch[950/1848] |size: 64x3x576x576 |lr: 0.00010571 |Tot: 0:57:06 |ETA: 1:19:28 |loss 13.1704 |conf_loss 6.5926 |cls_loss 2.4548 |iou_loss 4.1229 |num_fg 2.1636 |Data 0.020s |Batch 3.720s
Covnext-YOLO| train: total_epoch[1/50] total_batch[960/92400] batch[960/1848] |size: 64x3x704x704 |lr: 0.00010794 |Tot: 0:57:38 |ETA: 0:47:46 |loss 13.1413 |conf_loss 6.5702 |cls_loss 2.4571 |iou_loss 4.1140 |num_fg 2.1841 |Data 0.016s |Batch 3.317s
Covnext-YOLO| train: total_epoch[1/50] total_batch[970/92400] batch[970/1848] |size: 64x3x640x640 |lr: 0.00011020 |Tot: 0:58:10 |ETA: 0:47:04 |loss 13.1121 |conf_loss 6.5471 |cls_loss 2.4601 |iou_loss 4.1049 |num_fg 2.2045 |Data 0.202s |Batch 2.989s
Covnext-YOLO| train: total_epoch[1/50] total_batch[980/92400] batch[980/1848] |size: 64x3x480x480 |lr: 0.00011249 |Tot: 0:58:43 |ETA: 0:47:04 |loss 13.0813 |conf_loss 6.5217 |cls_loss 2.4629 |iou_loss 4.0967 |num_fg 2.2204 |Data 0.005s |Batch 3.364s
Covnext-YOLO| train: total_epoch[1/50] total_batch[990/92400] batch[990/1848] |size: 64x3x704x704 |lr: 0.00011480 |Tot: 0:59:13 |ETA: 0:44:44 |loss 13.0537 |conf_loss 6.5005 |cls_loss 2.4652 |iou_loss 4.0879 |num_fg 2.2403 |Data 0.016s |Batch 2.930s
Covnext-YOLO| train: total_epoch[1/50] total_batch[1000/92400] batch[1000/1848] |size: 64x3x544x544 |lr: 0.00011713 |Tot: 0:59:47 |ETA: 0:46:17 |loss 13.0236 |conf_loss 6.4762 |cls_loss 2.4678 |iou_loss 4.0795 |num_fg 2.2573 |Data 0.001s |Batch 3.284s
Covnext-YOLO| train: total_epoch[1/50] total_batch[1010/92400] batch[1010/1848] |size: 64x3x704x704 |lr: 0.00011948 |Tot: 1:00:19 |ETA: 0:45:55 |loss 12.9969 |conf_loss 6.4556 |cls_loss 2.4705 |iou_loss 4.0708 |num_fg 2.2772 |Data 0.040s |Batch 3.337s
Covnext-YOLO| train: total_epoch[1/50] total_batch[1020/92400] batch[1020/1848] |size: 64x3x608x608 |lr: 0.00012186 |Tot: 1:00:50 |ETA: 0:42:29 |loss 12.9689 |conf_loss 6.4336 |cls_loss 2.4731 |iou_loss 4.0622 |num_fg 2.2957 |Data 0.026s |Batch 3.043s
Covnext-YOLO| train: total_epoch[1/50] total_batch[1030/92400] batch[1030/1848] |size: 64x3x576x576 |lr: 0.00012426 |Tot: 1:01:08 |ETA: 0:30:04 |loss 12.9404 |conf_loss 6.4112 |cls_loss 2.4753 |iou_loss 4.0539 |num_fg 2.3127 |Data 0.000s |Batch 0.672s
Covnext-YOLO| train: total_epoch[1/50] total_batch[1040/92400] batch[1040/1848] |size: 64x3x448x448 |lr: 0.00012668 |Tot: 1:01:36 |ETA: 0:35:30 |loss 12.9107 |conf_loss 6.3871 |cls_loss 2.4773 |iou_loss 4.0462 |num_fg 2.3270 |Data 0.021s |Batch 2.640s
Covnext-YOLO| train: total_epoch[1/50] total_batch[1050/92400] batch[1050/1848] |size: 64x3x448x448 |lr: 0.00012913 |Tot: 1:02:08 |ETA: 0:42:19 |loss 12.8815 |conf_loss 6.3634 |cls_loss 2.4793 |iou_loss 4.0388 |num_fg 2.3409 |Data 0.001s |Batch 2.654s
Covnext-YOLO| train: total_epoch[1/50] total_batch[1060/92400] batch[1060/1848] |size: 64x3x480x480 |lr: 0.00013160 |Tot: 1:02:38 |ETA: 0:39:22 |loss 12.8528 |conf_loss 6.3403 |cls_loss 2.4813 |iou_loss 4.0312 |num_fg 2.3556 |Data 0.025s |Batch 2.693s
Covnext-YOLO| train: total_epoch[1/50] total_batch[1070/92400] batch[1070/1848] |size: 64x3x736x736 |lr: 0.00013410 |Tot: 1:03:15 |ETA: 0:51:13 |loss 12.8299 |conf_loss 6.3235 |cls_loss 2.4837 |iou_loss 4.0227 |num_fg 2.3752 |Data 0.000s |Batch 0.872s
Covnext-YOLO| train: total_epoch[1/50] total_batch[1080/92400] batch[1080/1848] |size: 64x3x480x480 |lr: 0.00013662 |Tot: 1:03:46 |ETA: 0:36:53 |loss 12.8019 |conf_loss 6.3016 |cls_loss 2.4853 |iou_loss 4.0150 |num_fg 2.3902 |Data 0.020s |Batch 2.455s
Covnext-YOLO| train: total_epoch[1/50] total_batch[1090/92400] batch[1090/1848] |size: 64x3x736x736 |lr: 0.00013916 |Tot: 1:04:48 |ETA: 1:18:12 |loss 12.7791 |conf_loss 6.2851 |cls_loss 2.4874 |iou_loss 4.0065 |num_fg 2.4090 |Data 0.003s |Batch 3.465s
Covnext-YOLO| train: total_epoch[1/50] total_batch[1100/92400] batch[1100/1848] |size: 64x3x512x512 |lr: 0.00014172 |Tot: 1:05:19 |ETA: 0:39:16 |loss 12.7524 |conf_loss 6.2643 |cls_loss 2.4893 |iou_loss 3.9988 |num_fg 2.4244 |Data 0.001s |Batch 2.927s
Covnext-YOLO| train: total_epoch[1/50] total_batch[1110/92400] batch[1110/1848] |size: 64x3x640x640 |lr: 0.00014431 |Tot: 1:05:51 |ETA: 0:39:14 |loss 12.7274 |conf_loss 6.2459 |cls_loss 2.4909 |iou_loss 3.9905 |num_fg 2.4419 |Data 0.001s |Batch 3.152s
Covnext-YOLO| train: total_epoch[1/50] total_batch[1120/92400] batch[1120/1848] |size: 64x3x704x704 |lr: 0.00014692 |Tot: 1:06:51 |ETA: 1:11:33 |loss 12.7039 |conf_loss 6.2287 |cls_loss 2.4931 |iou_loss 3.9820 |num_fg 2.4607 |Data 0.001s |Batch 3.341s
Covnext-YOLO| train: total_epoch[1/50] total_batch[1130/92400] batch[1130/1848] |size: 64x3x800x800 |lr: 0.00014956 |Tot: 1:07:25 |ETA: 0:40:50 |loss 12.6822 |conf_loss 6.2134 |cls_loss 2.4952 |iou_loss 3.9736 |num_fg 2.4798 |Data 0.025s |Batch 3.737s
Covnext-YOLO| train: total_epoch[1/50] total_batch[1140/92400] batch[1140/1848] |size: 64x3x768x768 |lr: 0.00015222 |Tot: 1:08:13 |ETA: 0:57:54 |loss 12.6595 |conf_loss 6.1973 |cls_loss 2.4969 |iou_loss 3.9653 |num_fg 2.4982 |Data 0.018s |Batch 2.828s
Covnext-YOLO| train: total_epoch[1/50] total_batch[1150/92400] batch[1150/1848] |size: 64x3x672x672 |lr: 0.00015490 |Tot: 1:08:45 |ETA: 0:37:21 |loss 12.6355 |conf_loss 6.1797 |cls_loss 2.4984 |iou_loss 3.9574 |num_fg 2.5151 |Data 0.001s |Batch 2.934s
Covnext-YOLO| train: total_epoch[1/50] total_batch[1160/92400] batch[1160/1848] |size: 64x3x576x576 |lr: 0.00015761 |Tot: 1:09:16 |ETA: 0:35:12 |loss 12.6101 |conf_loss 6.1608 |cls_loss 2.4996 |iou_loss 3.9497 |num_fg 2.5302 |Data 0.025s |Batch 2.992s
Covnext-YOLO| train: total_epoch[1/50] total_batch[1170/92400] batch[1170/1848] |size: 64x3x480x480 |lr: 0.00016033 |Tot: 1:09:45 |ETA: 0:33:46 |loss 12.5848 |conf_loss 6.1411 |cls_loss 2.5011 |iou_loss 3.9426 |num_fg 2.5433 |Data 0.010s |Batch 2.680s
Covnext-YOLO| train: total_epoch[1/50] total_batch[1180/92400] batch[1180/1848] |size: 64x3x480x480 |lr: 0.00016309 |Tot: 1:10:16 |ETA: 0:33:59 |loss 12.5598 |conf_loss 6.1217 |cls_loss 2.5025 |iou_loss 3.9356 |num_fg 2.5563 |Data 0.025s |Batch 3.010s
Covnext-YOLO| train: total_epoch[1/50] total_batch[1190/92400] batch[1190/1848] |size: 64x3x608x608 |lr: 0.00016586 |Tot: 1:10:47 |ETA: 0:34:21 |loss 12.5360 |conf_loss 6.1043 |cls_loss 2.5037 |iou_loss 3.9280 |num_fg 2.5721 |Data 0.016s |Batch 2.945s
Covnext-YOLO| train: total_epoch[1/50] total_batch[1200/92400] batch[1200/1848] |size: 64x3x608x608 |lr: 0.00016866 |Tot: 1:11:35 |ETA: 0:51:41 |loss 12.5130 |conf_loss 6.0872 |cls_loss 2.5052 |iou_loss 3.9206 |num_fg 2.5872 |Data 0.004s |Batch 2.328s
Covnext-YOLO| train: total_epoch[1/50] total_batch[1210/92400] batch[1210/1848] |size: 64x3x480x480 |lr: 0.00017149 |Tot: 1:11:56 |ETA: 0:22:24 |loss 12.4886 |conf_loss 6.0687 |cls_loss 2.5063 |iou_loss 3.9136 |num_fg 2.6003 |Data 0.021s |Batch 2.398s
Covnext-YOLO| train: total_epoch[1/50] total_batch[1220/92400] batch[1220/1848] |size: 64x3x608x608 |lr: 0.00017433 |Tot: 1:12:15 |ETA: 0:20:48 |loss 12.4665 |conf_loss 6.0525 |cls_loss 2.5077 |iou_loss 3.9063 |num_fg 2.6153 |Data 0.018s |Batch 1.762s
Covnext-YOLO| train: total_epoch[1/50] total_batch[1230/92400] batch[1230/1848] |size: 64x3x512x512 |lr: 0.00017720 |Tot: 1:12:48 |ETA: 0:32:26 |loss 12.4437 |conf_loss 6.0351 |cls_loss 2.5093 |iou_loss 3.8993 |num_fg 2.6286 |Data 0.009s |Batch 3.183s
Covnext-YOLO| train: total_epoch[1/50] total_batch[1240/92400] batch[1240/1848] |size: 64x3x672x672 |lr: 0.00018009 |Tot: 1:13:22 |ETA: 0:34:13 |loss 12.4228 |conf_loss 6.0203 |cls_loss 2.5108 |iou_loss 3.8917 |num_fg 2.6444 |Data 0.001s |Batch 3.281s
Covnext-YOLO| train: total_epoch[1/50] total_batch[1250/92400] batch[1250/1848] |size: 64x3x768x768 |lr: 0.00018301 |Tot: 1:13:56 |ETA: 0:33:39 |loss 12.4028 |conf_loss 6.0067 |cls_loss 2.5120 |iou_loss 3.8841 |num_fg 2.6612 |Data 0.014s |Batch 3.864s
Covnext-YOLO| train: total_epoch[1/50] total_batch[1260/92400] batch[1260/1848] |size: 64x3x768x768 |lr: 0.00018595 |Tot: 1:14:44 |ETA: 0:44:07 |loss 12.3832 |conf_loss 5.9935 |cls_loss 2.5133 |iou_loss 3.8764 |num_fg 2.6782 |Data 3.321s |Batch 6.789s
Covnext-YOLO| train: total_epoch[1/50] total_batch[1270/92400] batch[1270/1848] |size: 64x3x608x608 |lr: 0.00018891 |Tot: 1:15:12 |ETA: 0:31:27 |loss 12.3616 |conf_loss 5.9780 |cls_loss 2.5145 |iou_loss 3.8690 |num_fg 2.6925 |Data 0.012s |Batch 2.681s
Covnext-YOLO| train: total_epoch[1/50] total_batch[1280/92400] batch[1280/1848] |size: 64x3x736x736 |lr: 0.00019190 |Tot: 1:16:21 |ETA: 1:04:36 |loss 12.3414 |conf_loss 5.9643 |cls_loss 2.5156 |iou_loss 3.8615 |num_fg 2.7090 |Data 0.028s |Batch 2.962s
Covnext-YOLO| train: total_epoch[1/50] total_batch[1290/92400] batch[1290/1848] |size: 64x3x544x544 |lr: 0.00019491 |Tot: 1:16:38 |ETA: 0:18:05 |loss 12.3201 |conf_loss 5.9486 |cls_loss 2.5168 |iou_loss 3.8547 |num_fg 2.7217 |Data 0.000s |Batch 0.856s
Covnext-YOLO| train: total_epoch[1/50] total_batch[1300/92400] batch[1300/1848] |size: 64x3x800x800 |lr: 0.00019794 |Tot: 1:17:24 |ETA: 0:40:26 |loss 12.3012 |conf_loss 5.9363 |cls_loss 2.5177 |iou_loss 3.8472 |num_fg 2.7383 |Data 0.013s |Batch 3.257s
Covnext-YOLO| train: total_epoch[1/50] total_batch[1310/92400] batch[1310/1848] |size: 64x3x704x704 |lr: 0.00020100 |Tot: 1:18:03 |ETA: 0:33:15 |loss 12.2809 |conf_loss 5.9225 |cls_loss 2.5186 |iou_loss 3.8398 |num_fg 2.7542 |Data 0.027s |Batch 4.370s
Covnext-YOLO| train: total_epoch[1/50] total_batch[1320/92400] batch[1320/1848] |size: 64x3x640x640 |lr: 0.00020408 |Tot: 1:18:36 |ETA: 0:29:58 |loss 12.2608 |conf_loss 5.9084 |cls_loss 2.5196 |iou_loss 3.8328 |num_fg 2.7677 |Data 0.011s |Batch 3.444s
Covnext-YOLO| train: total_epoch[1/50] total_batch[1330/92400] batch[1330/1848] |size: 64x3x544x544 |lr: 0.00020719 |Tot: 1:19:05 |ETA: 0:25:32 |loss 12.2403 |conf_loss 5.8933 |cls_loss 2.5205 |iou_loss 3.8264 |num_fg 2.7797 |Data 0.016s |Batch 2.986s
Covnext-YOLO| train: total_epoch[1/50] total_batch[1340/92400] batch[1340/1848] |size: 64x3x448x448 |lr: 0.00021031 |Tot: 1:19:27 |ETA: 0:19:06 |loss 12.2186 |conf_loss 5.8772 |cls_loss 2.5209 |iou_loss 3.8206 |num_fg 2.7897 |Data 0.014s |Batch 2.922s
Covnext-YOLO| train: total_epoch[1/50] total_batch[1350/92400] batch[1350/1848] |size: 64x3x544x544 |lr: 0.00021346 |Tot: 1:19:57 |ETA: 0:24:56 |loss 12.1980 |conf_loss 5.8622 |cls_loss 2.5217 |iou_loss 3.8142 |num_fg 2.8020 |Data 0.019s |Batch 2.817s
Covnext-YOLO| train: total_epoch[1/50] total_batch[1360/92400] batch[1360/1848] |size: 64x3x576x576 |lr: 0.00021664 |Tot: 1:20:28 |ETA: 0:25:33 |loss 12.1775 |conf_loss 5.8477 |cls_loss 2.5221 |iou_loss 3.8077 |num_fg 2.8144 |Data 0.001s |Batch 2.899s
Covnext-YOLO| train: total_epoch[1/50] total_batch[1370/92400] batch[1370/1848] |size: 64x3x480x480 |lr: 0.00021984 |Tot: 1:21:15 |ETA: 0:37:18 |loss 12.1568 |conf_loss 5.8326 |cls_loss 2.5227 |iou_loss 3.8015 |num_fg 2.8253 |Data 0.020s |Batch 2.439s
Covnext-YOLO| train: total_epoch[1/50] total_batch[1380/92400] batch[1380/1848] |size: 64x3x480x480 |lr: 0.00022306 |Tot: 1:21:43 |ETA: 0:21:34 |loss 12.1357 |conf_loss 5.8172 |cls_loss 2.5231 |iou_loss 3.7955 |num_fg 2.8362 |Data 0.013s |Batch 3.086s
Covnext-YOLO| train: total_epoch[1/50] total_batch[1390/92400] batch[1390/1848] |size: 64x3x480x480 |lr: 0.00022630 |Tot: 1:22:13 |ETA: 0:23:25 |loss 12.1152 |conf_loss 5.8020 |cls_loss 2.5236 |iou_loss 3.7896 |num_fg 2.8466 |Data 0.039s |Batch 2.991s
Covnext-YOLO| train: total_epoch[1/50] total_batch[1400/92400] batch[1400/1848] |size: 64x3x576x576 |lr: 0.00022957 |Tot: 1:22:44 |ETA: 0:22:40 |loss 12.0959 |conf_loss 5.7884 |cls_loss 2.5241 |iou_loss 3.7834 |num_fg 2.8588 |Data 0.001s |Batch 3.118s
Covnext-YOLO| train: total_epoch[1/50] total_batch[1410/92400] batch[1410/1848] |size: 64x3x768x768 |lr: 0.00023286 |Tot: 1:23:06 |ETA: 0:18:04 |loss 12.0786 |conf_loss 5.7773 |cls_loss 2.5248 |iou_loss 3.7766 |num_fg 2.8734 |Data 0.000s |Batch 0.838s
Covnext-YOLO| train: total_epoch[1/50] total_batch[1420/92400] batch[1420/1848] |size: 64x3x512x512 |lr: 0.00023617 |Tot: 1:23:37 |ETA: 0:20:45 |loss 12.0595 |conf_loss 5.7636 |cls_loss 2.5254 |iou_loss 3.7706 |num_fg 2.8843 |Data 0.001s |Batch 3.063s
Covnext-YOLO| train: total_epoch[1/50] total_batch[1430/92400] batch[1430/1848] |size: 64x3x448x448 |lr: 0.00023951 |Tot: 1:24:05 |ETA: 0:19:08 |loss 12.0394 |conf_loss 5.7489 |cls_loss 2.5255 |iou_loss 3.7650 |num_fg 2.8942 |Data 0.001s |Batch 2.983s
Covnext-YOLO| train: total_epoch[1/50] total_batch[1440/92400] batch[1440/1848] |size: 64x3x768x768 |lr: 0.00024287 |Tot: 1:24:56 |ETA: 0:35:12 |loss 12.0235 |conf_loss 5.7391 |cls_loss 2.5258 |iou_loss 3.7585 |num_fg 2.9083 |Data 0.006s |Batch 2.530s
Covnext-YOLO| train: total_epoch[1/50] total_batch[1450/92400] batch[1450/1848] |size: 64x3x448x448 |lr: 0.00024626 |Tot: 1:25:17 |ETA: 0:15:30 |loss 12.0049 |conf_loss 5.7256 |cls_loss 2.5261 |iou_loss 3.7531 |num_fg 2.9176 |Data 0.000s |Batch 0.562s
Covnext-YOLO| train: total_epoch[1/50] total_batch[1460/92400] batch[1460/1848] |size: 64x3x576x576 |lr: 0.00024967 |Tot: 1:25:52 |ETA: 0:22:21 |loss 11.9868 |conf_loss 5.7131 |cls_loss 2.5264 |iou_loss 3.7473 |num_fg 2.9293 |Data 0.001s |Batch 1.241s
Covnext-YOLO| train: total_epoch[1/50] total_batch[1470/92400] batch[1470/1848] |size: 64x3x736x736 |lr: 0.00025310 |Tot: 1:26:59 |ETA: 0:40:32 |loss 11.9700 |conf_loss 5.7025 |cls_loss 2.5266 |iou_loss 3.7410 |num_fg 2.9431 |Data 0.001s |Batch 3.386s
Covnext-YOLO| train: total_epoch[1/50] total_batch[1480/92400] batch[1480/1848] |size: 64x3x768x768 |lr: 0.00025655 |Tot: 1:27:48 |ETA: 0:30:46 |loss 11.9532 |conf_loss 5.6916 |cls_loss 2.5269 |iou_loss 3.7347 |num_fg 2.9564 |Data 0.004s |Batch 2.835s
Covnext-YOLO| train: total_epoch[1/50] total_batch[1490/92400] batch[1490/1848] |size: 64x3x768x768 |lr: 0.00026003 |Tot: 1:28:32 |ETA: 0:25:48 |loss 11.9363 |conf_loss 5.6807 |cls_loss 2.5272 |iou_loss 3.7284 |num_fg 2.9700 |Data 0.005s |Batch 3.285s
Covnext-YOLO| train: total_epoch[1/50] total_batch[1500/92400] batch[1500/1848] |size: 64x3x448x448 |lr: 0.00026354 |Tot: 1:29:03 |ETA: 0:17:45 |loss 11.9184 |conf_loss 5.6679 |cls_loss 2.5271 |iou_loss 3.7234 |num_fg 2.9780 |Data 0.001s |Batch 4.315s
Covnext-YOLO| train: total_epoch[1/50] total_batch[1510/92400] batch[1510/1848] |size: 64x3x800x800 |lr: 0.00026706 |Tot: 1:29:37 |ETA: 0:21:15 |loss 11.9046 |conf_loss 5.6597 |cls_loss 2.5276 |iou_loss 3.7173 |num_fg 2.9921 |Data 0.001s |Batch 0.821s
Covnext-YOLO| train: total_epoch[1/50] total_batch[1520/92400] batch[1520/1848] |size: 64x3x736x736 |lr: 0.00027061 |Tot: 1:30:45 |ETA: 0:35:56 |loss 11.8877 |conf_loss 5.6489 |cls_loss 2.5277 |iou_loss 3.7110 |num_fg 3.0052 |Data 0.002s |Batch 3.163s
Covnext-YOLO| train: total_epoch[1/50] total_batch[1530/92400] batch[1530/1848] |size: 64x3x704x704 |lr: 0.00027418 |Tot: 1:31:38 |ETA: 0:27:44 |loss 11.8716 |conf_loss 5.6385 |cls_loss 2.5280 |iou_loss 3.7052 |num_fg 3.0173 |Data 0.011s |Batch 3.378s
Covnext-YOLO| train: total_epoch[1/50] total_batch[1540/92400] batch[1540/1848] |size: 64x3x736x736 |lr: 0.00027778 |Tot: 1:32:08 |ETA: 0:15:32 |loss 11.8551 |conf_loss 5.6278 |cls_loss 2.5281 |iou_loss 3.6992 |num_fg 3.0300 |Data 0.028s |Batch 3.241s
Covnext-YOLO| train: total_epoch[1/50] total_batch[1550/92400] batch[1550/1848] |size: 64x3x640x640 |lr: 0.00028140 |Tot: 1:32:40 |ETA: 0:16:26 |loss 11.8384 |conf_loss 5.6166 |cls_loss 2.5282 |iou_loss 3.6936 |num_fg 3.0413 |Data 0.001s |Batch 2.743s
Covnext-YOLO| train: total_epoch[1/50] total_batch[1560/92400] batch[1560/1848] |size: 64x3x640x640 |lr: 0.00028504 |Tot: 1:33:15 |ETA: 0:16:41 |loss 11.8215 |conf_loss 5.6053 |cls_loss 2.5282 |iou_loss 3.6880 |num_fg 3.0522 |Data 0.016s |Batch 3.466s
Covnext-YOLO| train: total_epoch[1/50] total_batch[1570/92400] batch[1570/1848] |size: 64x3x672x672 |lr: 0.00028871 |Tot: 1:33:43 |ETA: 0:14:50 |loss 11.8047 |conf_loss 5.5945 |cls_loss 2.5278 |iou_loss 3.6824 |num_fg 3.0634 |Data 0.001s |Batch 1.997s
Covnext-YOLO| train: total_epoch[1/50] total_batch[1580/92400] batch[1580/1848] |size: 64x3x704x704 |lr: 0.00029240 |Tot: 1:34:18 |ETA: 0:14:44 |loss 11.7886 |conf_loss 5.5842 |cls_loss 2.5277 |iou_loss 3.6767 |num_fg 3.0756 |Data 0.021s |Batch 3.611s
Covnext-YOLO| train: total_epoch[1/50] total_batch[1590/92400] batch[1590/1848] |size: 64x3x608x608 |lr: 0.00029611 |Tot: 1:34:49 |ETA: 0:13:27 |loss 11.7719 |conf_loss 5.5730 |cls_loss 2.5275 |iou_loss 3.6714 |num_fg 3.0856 |Data 0.029s |Batch 3.387s
Covnext-YOLO| train: total_epoch[1/50] total_batch[1600/92400] batch[1600/1848] |size: 64x3x448x448 |lr: 0.00029984 |Tot: 1:35:16 |ETA: 0:11:36 |loss 11.7548 |conf_loss 5.5607 |cls_loss 2.5273 |iou_loss 3.6668 |num_fg 3.0932 |Data 0.028s |Batch 2.587s
Covnext-YOLO| train: total_epoch[1/50] total_batch[1610/92400] batch[1610/1848] |size: 64x3x480x480 |lr: 0.00030360 |Tot: 1:35:58 |ETA: 0:16:59 |loss 11.7380 |conf_loss 5.5488 |cls_loss 2.5273 |iou_loss 3.6619 |num_fg 3.1021 |Data 0.018s |Batch 2.243s
Covnext-YOLO| train: total_epoch[1/50] total_batch[1620/92400] batch[1620/1848] |size: 64x3x608x608 |lr: 0.00030739 |Tot: 1:36:26 |ETA: 0:10:20 |loss 11.7215 |conf_loss 5.5380 |cls_loss 2.5268 |iou_loss 3.6567 |num_fg 3.1125 |Data 0.009s |Batch 3.231s
Covnext-YOLO| train: total_epoch[1/50] total_batch[1630/92400] batch[1630/1848] |size: 64x3x576x576 |lr: 0.00031119 |Tot: 1:36:59 |ETA: 0:11:58 |loss 11.7051 |conf_loss 5.5269 |cls_loss 2.5266 |iou_loss 3.6516 |num_fg 3.1225 |Data 0.001s |Batch 3.048s
Covnext-YOLO| train: total_epoch[1/50] total_batch[1640/92400] batch[1640/1848] |size: 64x3x608x608 |lr: 0.00031502 |Tot: 1:37:28 |ETA: 0:10:02 |loss 11.6891 |conf_loss 5.5164 |cls_loss 2.5262 |iou_loss 3.6465 |num_fg 3.1324 |Data 0.014s |Batch 3.199s
Covnext-YOLO| train: total_epoch[1/50] total_batch[1650/92400] batch[1650/1848] |size: 64x3x576x576 |lr: 0.00031888 |Tot: 1:37:56 |ETA: 0:09:33 |loss 11.6730 |conf_loss 5.5055 |cls_loss 2.5262 |iou_loss 3.6413 |num_fg 3.1427 |Data 0.017s |Batch 2.200s
Covnext-YOLO| train: total_epoch[1/50] total_batch[1660/92400] batch[1660/1848] |size: 64x3x480x480 |lr: 0.00032275 |Tot: 1:38:17 |ETA: 0:06:33 |loss 11.6569 |conf_loss 5.4942 |cls_loss 2.5259 |iou_loss 3.6368 |num_fg 3.1508 |Data 0.001s |Batch 2.693s
Covnext-YOLO| train: total_epoch[1/50] total_batch[1670/92400] batch[1670/1848] |size: 64x3x448x448 |lr: 0.00032665 |Tot: 1:38:33 |ETA: 0:05:15 |loss 11.6406 |conf_loss 5.4825 |cls_loss 2.5256 |iou_loss 3.6324 |num_fg 3.1582 |Data 0.005s |Batch 0.911s
Covnext-YOLO| train: total_epoch[1/50] total_batch[1680/92400] batch[1680/1848] |size: 64x3x672x672 |lr: 0.00033058 |Tot: 1:39:09 |ETA: 0:09:33 |loss 11.6263 |conf_loss 5.4736 |cls_loss 2.5252 |iou_loss 3.6274 |num_fg 3.1687 |Data 0.001s |Batch 2.997s
Covnext-YOLO| train: total_epoch[1/50] total_batch[1690/92400] batch[1690/1848] |size: 64x3x576x576 |lr: 0.00033453 |Tot: 1:40:00 |ETA: 0:13:46 |loss 11.6110 |conf_loss 5.4634 |cls_loss 2.5249 |iou_loss 3.6227 |num_fg 3.1780 |Data 0.001s |Batch 2.370s
Covnext-YOLO| train: total_epoch[1/50] total_batch[1700/92400] batch[1700/1848] |size: 64x3x512x512 |lr: 0.00033850 |Tot: 1:40:17 |ETA: 0:04:36 |loss 11.5952 |conf_loss 5.4525 |cls_loss 2.5244 |iou_loss 3.6184 |num_fg 3.1860 |Data 0.000s |Batch 0.690s
Covnext-YOLO| train: total_epoch[1/50] total_batch[1710/92400] batch[1710/1848] |size: 64x3x544x544 |lr: 0.00034249 |Tot: 1:40:34 |ETA: 0:03:31 |loss 11.5797 |conf_loss 5.4420 |cls_loss 2.5240 |iou_loss 3.6137 |num_fg 3.1950 |Data 0.001s |Batch 2.829s
Covnext-YOLO| train: total_epoch[1/50] total_batch[1720/92400] batch[1720/1848] |size: 64x3x608x608 |lr: 0.00034651 |Tot: 1:41:12 |ETA: 0:08:06 |loss 11.5651 |conf_loss 5.4327 |cls_loss 2.5236 |iou_loss 3.6088 |num_fg 3.2049 |Data 0.022s |Batch 3.130s
Covnext-YOLO| train: total_epoch[1/50] total_batch[1730/92400] batch[1730/1848] |size: 64x3x768x768 |lr: 0.00035055 |Tot: 1:42:00 |ETA: 0:09:38 |loss 11.5518 |conf_loss 5.4246 |cls_loss 2.5232 |iou_loss 3.6040 |num_fg 3.2160 |Data 0.029s |Batch 3.054s
Covnext-YOLO| train: total_epoch[1/50] total_batch[1740/92400] batch[1740/1848] |size: 64x3x576x576 |lr: 0.00035461 |Tot: 1:42:32 |ETA: 0:05:40 |loss 11.5370 |conf_loss 5.4149 |cls_loss 2.5227 |iou_loss 3.5995 |num_fg 3.2250 |Data 0.001s |Batch 3.926s
Covnext-YOLO| train: total_epoch[1/50] total_batch[1750/92400] batch[1750/1848] |size: 64x3x576x576 |lr: 0.00035870 |Tot: 1:43:02 |ETA: 0:05:05 |loss 11.5218 |conf_loss 5.4049 |cls_loss 2.5222 |iou_loss 3.5948 |num_fg 3.2340 |Data 0.011s |Batch 2.790s
Covnext-YOLO| train: total_epoch[1/50] total_batch[1760/92400] batch[1760/1848] |size: 64x3x448x448 |lr: 0.00036281 |Tot: 1:43:51 |ETA: 0:04:06 |loss 11.5066 |conf_loss 5.3943 |cls_loss 2.5217 |iou_loss 3.5906 |num_fg 3.2412 |Data 0.007s |Batch 23.786s
Covnext-YOLO| train: total_epoch[1/50] total_batch[1770/92400] batch[1770/1848] |size: 64x3x544x544 |lr: 0.00036695 |Tot: 1:44:19 |ETA: 0:06:32 |loss 11.4920 |conf_loss 5.3846 |cls_loss 2.5212 |iou_loss 3.5862 |num_fg 3.2497 |Data 0.018s |Batch 2.766s
Covnext-YOLO| train: total_epoch[1/50] total_batch[1780/92400] batch[1780/1848] |size: 64x3x480x480 |lr: 0.00037110 |Tot: 1:44:52 |ETA: 0:03:39 |loss 11.4765 |conf_loss 5.3740 |cls_loss 2.5204 |iou_loss 3.5821 |num_fg 3.2570 |Data 0.040s |Batch 3.688s
Covnext-YOLO| train: total_epoch[1/50] total_batch[1790/92400] batch[1790/1848] |size: 64x3x768x768 |lr: 0.00037529 |Tot: 1:45:28 |ETA: 0:03:16 |loss 11.4638 |conf_loss 5.3668 |cls_loss 2.5195 |iou_loss 3.5774 |num_fg 3.2673 |Data 0.015s |Batch 7.441s
Covnext-YOLO| train: total_epoch[1/50] total_batch[1800/92400] batch[1800/1848] |size: 64x3x544x544 |lr: 0.00037949 |Tot: 1:46:05 |ETA: 0:03:22 |loss 11.4492 |conf_loss 5.3574 |cls_loss 2.5187 |iou_loss 3.5732 |num_fg 3.2751 |Data 0.023s |Batch 3.005s
Covnext-YOLO| train: total_epoch[1/50] total_batch[1810/92400] batch[1810/1848] |size: 64x3x768x768 |lr: 0.00038372 |Tot: 1:46:43 |ETA: 0:02:25 |loss 11.4367 |conf_loss 5.3501 |cls_loss 2.5179 |iou_loss 3.5687 |num_fg 3.2851 |Data 0.001s |Batch 3.793s
Covnext-YOLO| train: total_epoch[1/50] total_batch[1820/92400] batch[1820/1848] |size: 64x3x704x704 |lr: 0.00038797 |Tot: 1:47:20 |ETA: 0:01:46 |loss 11.4234 |conf_loss 5.3418 |cls_loss 2.5171 |iou_loss 3.5644 |num_fg 3.2943 |Data 0.011s |Batch 4.056s
Covnext-YOLO| train: total_epoch[1/50] total_batch[1830/92400] batch[1830/1848] |size: 64x3x800x800 |lr: 0.00039225 |Tot: 1:48:01 |ETA: 0:01:19 |loss 11.4103 |conf_loss 5.3341 |cls_loss 2.5162 |iou_loss 3.5600 |num_fg 3.3043 |Data 0.001s |Batch 3.448s
Covnext-YOLO| train: total_epoch[1/50] total_batch[1840/92400] batch[1840/1848] |size: 64x3x704x704 |lr: 0.00039654 |Tot: 1:48:25 |ETA: 0:00:28 |loss 11.3966 |conf_loss 5.3258 |cls_loss 2.5152 |iou_loss 3.5556 |num_fg 3.3140 |Data 0.000s |Batch 0.800s
epoch 1, save weight to /user/home/bq18557/Transformer-YOLOX/exp/Covnext-YOLO/model_last.pth
shuffle images list in /user/home/bq18557/scratch/COCO/annotations/instances_train2017.json
multi size training: [[448, 448], [480, 480], [512, 512], [544, 544], [576, 576], [608, 608], [640, 640], [672, 672], [704, 704], [736, 736], [768, 768], [800, 800]]
/user/home/bq18557/work-env/lib/python3.8/site-packages/torch/functional.py:568: UserWarning: torch.meshgrid: in an upcoming release, it will be required to pass the indexing argument. (Triggered internally at  ../aten/src/ATen/native/TensorShape.cpp:2228.)
  return _VF.meshgrid(tensors, **kwargs)  # type: ignore[attr-defined]
/user/home/bq18557/work-env/lib/python3.8/site-packages/torch/nn/parallel/_functions.py:68: UserWarning: Was asked to gather along dimension 0, but all input tensors were scalars; will instead unsqueeze and return a vector.
  warnings.warn('Was asked to gather along dimension 0, but all '
